<?xml version="1.0" encoding="UTF-8"?>
<!-- Generated by org.testng.reporters.JUnitXMLReporter -->
<testsuite hostname="Z3P3PUGAVS0027" ignored="0" name="Test" tests="1" failures="1" timestamp="09 Oct 2020 04:36:51 GMT" time="0.02" errors="0">
  <testcase name="@BeforeSuite beforeSuite" time="10.117" classname="hooks.TestNgHooks">
    <failure type="java.lang.OutOfMemoryError" message="Java heap space">
      <![CDATA[java.lang.OutOfMemoryError: Java heap space
at org.jsoup.nodes.Attributes.put(Attributes.java:73)
at org.jsoup.parser.Token$Tag.newAttribute(Token.java:105)
at org.jsoup.parser.Token$Tag.finaliseTag(Token.java:118)
at org.jsoup.parser.Tokeniser.emitTagPending(Tokeniser.java:196)
at org.jsoup.parser.TokeniserState$41.read(TokeniserState.java:853)
at org.jsoup.parser.Tokeniser.read(Tokeniser.java:50)
at org.jsoup.parser.TreeBuilder.runParser(TreeBuilder.java:49)
at org.jsoup.parser.TreeBuilder.parse(TreeBuilder.java:43)
at org.jsoup.parser.HtmlTreeBuilder.parse(HtmlTreeBuilder.java:52)
at org.jsoup.parser.Parser.parse(Parser.java:89)
at org.jsoup.Jsoup.parse(Jsoup.java:31)
at com.aventstack.extentreports.reporter.converters.ExtentHtmlTestConverter.<init>(ExtentHtmlTestConverter.java:59)
at com.aventstack.extentreports.reporter.converters.ExtentHtmlReporterConverter.parseAndGetModelCollection(ExtentHtmlReporterConverter.java:16)
at com.aventstack.extentreports.reporter.ExtentHtmlReporter.parseReportBuildTestCollection(ExtentHtmlReporter.java:114)
at com.aventstack.extentreports.reporter.ExtentHtmlReporter.start(ExtentHtmlReporter.java:105)
at com.aventstack.extentreports.Report.attach(Report.java:55)
at com.aventstack.extentreports.ExtentReports$$Lambda$6/17467315.accept(Unknown Source)
at java.util.Spliterators$ArraySpliterator.forEachRemaining(Unknown Source)
at java.util.stream.ReferencePipeline$Head.forEach(Unknown Source)
at com.aventstack.extentreports.ExtentReports.attachReporter(ExtentReports.java:68)
at utils.HTMLReporter.startReport(HTMLReporter.java:45)
at hooks.TestNgHooks.beforeSuite(TestNgHooks.java:38)
... Removed 10 stack frames]]>
    </failure>
  </testcase> <!-- @BeforeSuite beforeSuite -->
  <testcase name="@BeforeTest setData" time="0.0" classname="testcases.Member.TestCase_5475">
    <skipped/>
  </testcase> <!-- @BeforeTest setData -->
  <testcase name="@BeforeClass beforeClass" time="0.0" classname="hooks.TestNgHooks">
    <skipped/>
  </testcase> <!-- @BeforeClass beforeClass -->
  <testcase name="createMemberTP" time="0.0" classname="testcases.Member.TestCase_5475">
    <failure type="org.testng.TestNGException" message="
Data Provider public java.lang.Object[][] hooks.TestNgHooks.getData() returned a null value">
      <![CDATA[org.testng.TestNGException: 
Data Provider public java.lang.Object[][] hooks.TestNgHooks.getData() returned a null value
... Removed 22 stack frames]]>
    </failure>
  </testcase> <!-- createMemberTP -->
</testsuite> <!-- Test -->
