# JRE version: OpenJDK Runtime Environment (11.0.5+10) (build 11.0.5+10)
# Java VM: OpenJDK 64-Bit Server VM (11.0.5+10, mixed mode, tiered, compressed oops, g1 gc, windows-amd64)
Heap:
 garbage-first heap   total 196608K, used 14794K [0x0000000740000000, 0x0000000800000000)
  region size 1024K, 8 young (8192K), 7 survivors (7168K)
 Metaspace       used 33123K, capacity 33913K, committed 33968K, reserved 1079296K
  class space    used 3741K, capacity 4080K, committed 4096K, reserved 1048576K
GC Heap History (8 events):
Event: 1.313 GC heap before
{Heap before GC invocations=0 (full 0):
 garbage-first heap   total 196608K, used 24576K [0x0000000740000000, 0x0000000800000000)
  region size 1024K, 24 young (24576K), 0 survivors (0K)
 Metaspace       used 15694K, capacity 15987K, committed 16256K, reserved 1064960K
  class space    used 1550K, capacity 1627K, committed 1664K, reserved 1048576K
}
Event: 1.322 GC heap after
{Heap after GC invocations=1 (full 0):
 garbage-first heap   total 196608K, used 8055K [0x0000000740000000, 0x0000000800000000)
  region size 1024K, 3 young (3072K), 3 survivors (3072K)
 Metaspace       used 15694K, capacity 15987K, committed 16256K, reserved 1064960K
  class space    used 1550K, capacity 1627K, committed 1664K, reserved 1048576K
}
Event: 1.744 GC heap before
{Heap before GC invocations=1 (full 0):
 garbage-first heap   total 196608K, used 27511K [0x0000000740000000, 0x0000000800000000)
  region size 1024K, 22 young (22528K), 3 survivors (3072K)
 Metaspace       used 19169K, capacity 19511K, committed 19584K, reserved 1067008K
  class space    used 1998K, capacity 2149K, committed 2176K, reserved 1048576K
}
Event: 1.750 GC heap after
{Heap after GC invocations=2 (full 0):
 garbage-first heap   total 196608K, used 9845K [0x0000000740000000, 0x0000000800000000)
  region size 1024K, 2 young (2048K), 2 survivors (2048K)
 Metaspace       used 19169K, capacity 19511K, committed 19584K, reserved 1067008K
  class space    used 1998K, capacity 2149K, committed 2176K, reserved 1048576K
}
Event: 1.992 GC heap before
{Heap before GC invocations=2 (full 0):
 garbage-first heap   total 196608K, used 18037K [0x0000000740000000, 0x0000000800000000)
  region size 1024K, 11 young (11264K), 2 survivors (2048K)
 Metaspace       used 20806K, capacity 21134K, committed 21296K, reserved 1069056K
  class space    used 2209K, capacity 2369K, committed 2432K, reserved 1048576K
}
Event: 1.997 GC heap after
{Heap after GC invocations=3 (full 0):
 garbage-first heap   total 196608K, used 10470K [0x0000000740000000, 0x0000000800000000)
  region size 1024K, 3 young (3072K), 3 survivors (3072K)
 Metaspace       used 20806K, capacity 21134K, committed 21296K, reserved 1069056K
  class space    used 2209K, capacity 2369K, committed 2432K, reserved 1048576K
}
Event: 4.785 GC heap before
{Heap before GC invocations=4 (full 0):
 garbage-first heap   total 196608K, used 66790K [0x0000000740000000, 0x0000000800000000)
  region size 1024K, 58 young (59392K), 3 survivors (3072K)
 Metaspace       used 33063K, capacity 33913K, committed 33968K, reserved 1079296K
  class space    used 3734K, capacity 4080K, committed 4096K, reserved 1048576K
}
Event: 4.797 GC heap after
{Heap after GC invocations=5 (full 0):
 garbage-first heap   total 196608K, used 14794K [0x0000000740000000, 0x0000000800000000)
  region size 1024K, 7 young (7168K), 7 survivors (7168K)
 Metaspace       used 33063K, capacity 33913K, committed 33968K, reserved 1079296K
  class space    used 3734K, capacity 4080K, committed 4096K, reserved 1048576K
}

