# JRE version: OpenJDK Runtime Environment (11.0.5+10) (build 11.0.5+10)
# Java VM: OpenJDK 64-Bit Server VM (11.0.5+10, mixed mode, tiered, compressed oops, g1 gc, windows-amd64)
Heap:
 garbage-first heap   total 196608K, used 14723K [0x0000000740000000, 0x0000000800000000)
  region size 1024K, 8 young (8192K), 7 survivors (7168K)
 Metaspace       used 30313K, capacity 31036K, committed 31280K, reserved 1091584K
  class space    used 3367K, capacity 3669K, committed 3712K, reserved 1048576K
GC Heap History (6 events):
Event: 1.468 GC heap before
{Heap before GC invocations=0 (full 0):
 garbage-first heap   total 196608K, used 24576K [0x0000000740000000, 0x0000000800000000)
  region size 1024K, 24 young (24576K), 0 survivors (0K)
 Metaspace       used 15725K, capacity 15997K, committed 16256K, reserved 1064960K
  class space    used 1550K, capacity 1627K, committed 1664K, reserved 1048576K
}
Event: 1.484 GC heap after
{Heap after GC invocations=1 (full 0):
 garbage-first heap   total 196608K, used 8019K [0x0000000740000000, 0x0000000800000000)
  region size 1024K, 3 young (3072K), 3 survivors (3072K)
 Metaspace       used 15725K, capacity 15997K, committed 16256K, reserved 1064960K
  class space    used 1550K, capacity 1627K, committed 1664K, reserved 1048576K
}
Event: 1.995 GC heap before
{Heap before GC invocations=1 (full 0):
 garbage-first heap   total 196608K, used 26451K [0x0000000740000000, 0x0000000800000000)
  region size 1024K, 21 young (21504K), 3 survivors (3072K)
 Metaspace       used 19006K, capacity 19415K, committed 19584K, reserved 1067008K
  class space    used 1957K, capacity 2117K, committed 2176K, reserved 1048576K
}
Event: 2.000 GC heap after
{Heap after GC invocations=2 (full 0):
 garbage-first heap   total 196608K, used 10124K [0x0000000740000000, 0x0000000800000000)
  region size 1024K, 2 young (2048K), 2 survivors (2048K)
 Metaspace       used 19006K, capacity 19415K, committed 19584K, reserved 1067008K
  class space    used 1957K, capacity 2117K, committed 2176K, reserved 1048576K
}
Event: 2.284 GC heap before
{Heap before GC invocations=2 (full 0):
 garbage-first heap   total 196608K, used 18316K [0x0000000740000000, 0x0000000800000000)
  region size 1024K, 11 young (11264K), 2 survivors (2048K)
 Metaspace       used 20776K, capacity 21102K, committed 21296K, reserved 1069056K
  class space    used 2190K, capacity 2337K, committed 2432K, reserved 1048576K
}
Event: 2.288 GC heap after
{Heap after GC invocations=3 (full 0):
 garbage-first heap   total 196608K, used 10753K [0x0000000740000000, 0x0000000800000000)
  region size 1024K, 3 young (3072K), 3 survivors (3072K)
 Metaspace       used 20776K, capacity 21102K, committed 21296K, reserved 1069056K
  class space    used 2190K, capacity 2337K, committed 2432K, reserved 1048576K
}

