# JRE version: OpenJDK Runtime Environment (11.0.5+10) (build 11.0.5+10)
# Java VM: OpenJDK 64-Bit Server VM (11.0.5+10, mixed mode, tiered, compressed oops, g1 gc, windows-amd64)
Heap:
 garbage-first heap   total 196608K, used 17742K [0x0000000740000000, 0x0000000800000000)
  region size 1024K, 11 young (11264K), 7 survivors (7168K)
 Metaspace       used 33081K, capacity 33909K, committed 33968K, reserved 1079296K
  class space    used 3739K, capacity 4080K, committed 4096K, reserved 1048576K
GC Heap History (8 events):
Event: 1.035 GC heap before
{Heap before GC invocations=0 (full 0):
 garbage-first heap   total 196608K, used 24576K [0x0000000740000000, 0x0000000800000000)
  region size 1024K, 24 young (24576K), 0 survivors (0K)
 Metaspace       used 15677K, capacity 15933K, committed 16000K, reserved 1062912K
  class space    used 1549K, capacity 1627K, committed 1664K, reserved 1048576K
}
Event: 1.044 GC heap after
{Heap after GC invocations=1 (full 0):
 garbage-first heap   total 196608K, used 7940K [0x0000000740000000, 0x0000000800000000)
  region size 1024K, 3 young (3072K), 3 survivors (3072K)
 Metaspace       used 15677K, capacity 15933K, committed 16000K, reserved 1062912K
  class space    used 1549K, capacity 1627K, committed 1664K, reserved 1048576K
}
Event: 1.425 GC heap before
{Heap before GC invocations=1 (full 0):
 garbage-first heap   total 196608K, used 27396K [0x0000000740000000, 0x0000000800000000)
  region size 1024K, 22 young (22528K), 3 survivors (3072K)
 Metaspace       used 19284K, capacity 19639K, committed 19840K, reserved 1067008K
  class space    used 2011K, capacity 2149K, committed 2176K, reserved 1048576K
}
Event: 1.432 GC heap after
{Heap after GC invocations=2 (full 0):
 garbage-first heap   total 196608K, used 9766K [0x0000000740000000, 0x0000000800000000)
  region size 1024K, 2 young (2048K), 2 survivors (2048K)
 Metaspace       used 19284K, capacity 19639K, committed 19840K, reserved 1067008K
  class space    used 2011K, capacity 2149K, committed 2176K, reserved 1048576K
}
Event: 1.619 GC heap before
{Heap before GC invocations=2 (full 0):
 garbage-first heap   total 196608K, used 16934K [0x0000000740000000, 0x0000000800000000)
  region size 1024K, 10 young (10240K), 2 survivors (2048K)
 Metaspace       used 20805K, capacity 21134K, committed 21296K, reserved 1069056K
  class space    used 2209K, capacity 2369K, committed 2432K, reserved 1048576K
}
Event: 1.624 GC heap after
{Heap after GC invocations=3 (full 0):
 garbage-first heap   total 196608K, used 10451K [0x0000000740000000, 0x0000000800000000)
  region size 1024K, 3 young (3072K), 3 survivors (3072K)
 Metaspace       used 20805K, capacity 21134K, committed 21296K, reserved 1069056K
  class space    used 2209K, capacity 2369K, committed 2432K, reserved 1048576K
}
Event: 9.353 GC heap before
{Heap before GC invocations=4 (full 0):
 garbage-first heap   total 196608K, used 63699K [0x0000000740000000, 0x0000000800000000)
  region size 1024K, 55 young (56320K), 3 survivors (3072K)
 Metaspace       used 32358K, capacity 33190K, committed 33328K, reserved 1079296K
  class space    used 3649K, capacity 3968K, committed 3968K, reserved 1048576K
}
Event: 9.363 GC heap after
{Heap after GC invocations=5 (full 0):
 garbage-first heap   total 196608K, used 14670K [0x0000000740000000, 0x0000000800000000)
  region size 1024K, 7 young (7168K), 7 survivors (7168K)
 Metaspace       used 32358K, capacity 33190K, committed 33328K, reserved 1079296K
  class space    used 3649K, capacity 3968K, committed 3968K, reserved 1048576K
}

