<!DOCTYPE html>

<html>
  <head>
  <meta charset='utf-8'>
  <title>TestNG reports</title>

    <link type="text/css" href="testng-reports1.css" rel="stylesheet" id="ultra" />
    <link type="text/css" href="testng-reports.css" rel="stylesheet" id="retro" disabled="false"/>
    <script type="text/javascript" src="jquery.min.js"></script>
    <script type="text/javascript" src="testng-reports.js"></script>
    <script type="text/javascript" src="https://www.google.com/jsapi"></script>
    <script type='text/javascript'>
      google.load('visualization', '1', {packages:['table']});
      google.setOnLoadCallback(drawTable);
      var suiteTableInitFunctions = new Array();
      var suiteTableData = new Array();
    </script>
    <!--
      <script type="text/javascript" src="jquery-ui/js/jquery-ui-1.8.16.custom.min.js"></script>
     -->
  </head>

  <body>
    <div class="top-banner-root">
      <span class="top-banner-title-font">Test results</span>
      <button id="button" class="button">Switch Retro Theme</button> <!-- button -->
      <br/>
      <span class="top-banner-font-1">1 suite, 8 failed tests</span>
    </div> <!-- top-banner-root -->
    <div class="navigator-root">
      <div class="navigator-suite-header">
        <span>All suites</span>
        <a href="#" title="Collapse/expand all the suites" class="collapse-all-link">
          <img src="collapseall.gif" class="collapse-all-icon">
          </img> <!-- collapse-all-icon -->
        </a> <!-- collapse-all-link -->
      </div> <!-- navigator-suite-header -->
      <div class="suite">
        <div class="rounded-window">
          <div class="suite-header light-rounded-window-top">
            <a href="#" panel-name="suite-Suite" class="navigator-link">
              <span class="suite-name border-failed">Suite</span>
            </a> <!-- navigator-link -->
          </div> <!-- suite-header light-rounded-window-top -->
          <div class="navigator-suite-content">
            <div class="suite-section-title">
              <span>Info</span>
            </div> <!-- suite-section-title -->
            <div class="suite-section-content">
              <ul>
                <li>
                  <a href="#" panel-name="test-xml-Suite" class="navigator-link ">
                    <span>E:\vkamalak\git\Dynamics-CRM-Stage\testng-CRM.xml</span>
                  </a> <!-- navigator-link  -->
                </li>
                <li>
                  <a href="#" panel-name="testlist-Suite" class="navigator-link ">
                    <span class="test-stats">1 test</span>
                  </a> <!-- navigator-link  -->
                </li>
                <li>
                  <a href="#" panel-name="group-Suite" class="navigator-link ">
                    <span>0 groups</span>
                  </a> <!-- navigator-link  -->
                </li>
                <li>
                  <a href="#" panel-name="times-Suite" class="navigator-link ">
                    <span>Times</span>
                  </a> <!-- navigator-link  -->
                </li>
                <li>
                  <a href="#" panel-name="reporter-Suite" class="navigator-link ">
                    <span>Reporter output</span>
                  </a> <!-- navigator-link  -->
                </li>
                <li>
                  <a href="#" panel-name="ignored-methods-Suite" class="navigator-link ">
                    <span>Ignored methods</span>
                  </a> <!-- navigator-link  -->
                </li>
                <li>
                  <a href="#" panel-name="chronological-Suite" class="navigator-link ">
                    <span>Chronological view</span>
                  </a> <!-- navigator-link  -->
                </li>
              </ul>
            </div> <!-- suite-section-content -->
            <div class="result-section">
              <div class="suite-section-title">
                <span>Results</span>
              </div> <!-- suite-section-title -->
              <div class="suite-section-content">
                <ul>
                  <li>
                    <span class="method-stats">106 methods, 8 failed,  79 skipped,  19 passed</span>
                  </li>
                  <li>
                    <span class="method-list-title failed">Failed methods</span>
                    <span class="show-or-hide-methods failed">
                      <a href="#" panel-name="suite-Suite" class="hide-methods failed suite-Suite"> (hide)</a> <!-- hide-methods failed suite-Suite -->
                      <a href="#" panel-name="suite-Suite" class="show-methods failed suite-Suite"> (show)</a> <!-- show-methods failed suite-Suite -->
                    </span>
                    <div class="method-list-content failed suite-Suite">
                      <span>
                        <img src="failed.png" width="3%"/>
                        <a href="#" panel-name="suite-Suite" title="driver.Driver" class="method navigator-link" hash-for-method="executeTestcase(org.testng.TestRunner@388ba540)">executeTestcase(org.testng.TestRunner@388ba540)</a> <!-- method navigator-link -->
                      </span>
                      <br/>
                      <span>
                        <img src="failed.png" width="3%"/>
                        <a href="#" panel-name="suite-Suite" title="driver.Driver" class="method navigator-link" hash-for-method="executeTestcase(org.testng.TestRunner@388ba540)">executeTestcase(org.testng.TestRunner@388ba540)</a> <!-- method navigator-link -->
                      </span>
                      <br/>
                      <span>
                        <img src="failed.png" width="3%"/>
                        <a href="#" panel-name="suite-Suite" title="driver.Driver" class="method navigator-link" hash-for-method="executeTestcase(org.testng.TestRunner@388ba540)">executeTestcase(org.testng.TestRunner@388ba540)</a> <!-- method navigator-link -->
                      </span>
                      <br/>
                      <span>
                        <img src="failed.png" width="3%"/>
                        <a href="#" panel-name="suite-Suite" title="driver.Driver" class="method navigator-link" hash-for-method="executeTestcase(org.testng.TestRunner@388ba540)">executeTestcase(org.testng.TestRunner@388ba540)</a> <!-- method navigator-link -->
                      </span>
                      <br/>
                      <span>
                        <img src="failed.png" width="3%"/>
                        <a href="#" panel-name="suite-Suite" title="driver.Driver" class="method navigator-link" hash-for-method="executeTestcase(org.testng.TestRunner@388ba540)">executeTestcase(org.testng.TestRunner@388ba540)</a> <!-- method navigator-link -->
                      </span>
                      <br/>
                      <span>
                        <img src="failed.png" width="3%"/>
                        <a href="#" panel-name="suite-Suite" title="driver.Driver" class="method navigator-link" hash-for-method="executeTestcase(org.testng.TestRunner@388ba540)">executeTestcase(org.testng.TestRunner@388ba540)</a> <!-- method navigator-link -->
                      </span>
                      <br/>
                      <span>
                        <img src="failed.png" width="3%"/>
                        <a href="#" panel-name="suite-Suite" title="driver.Driver" class="method navigator-link" hash-for-method="executeTestcase(org.testng.TestRunner@388ba540)">executeTestcase(org.testng.TestRunner@388ba540)</a> <!-- method navigator-link -->
                      </span>
                      <br/>
                      <span>
                        <img src="failed.png" width="3%"/>
                        <a href="#" panel-name="suite-Suite" title="driver.Driver" class="method navigator-link" hash-for-method="executeTestcase(org.testng.TestRunner@388ba540)">executeTestcase(org.testng.TestRunner@388ba540)</a> <!-- method navigator-link -->
                      </span>
                      <br/>
                    </div> <!-- method-list-content failed suite-Suite -->
                  </li>
                  <li>
                    <span class="method-list-title skipped">Skipped methods</span>
                    <span class="show-or-hide-methods skipped">
                      <a href="#" panel-name="suite-Suite" class="hide-methods skipped suite-Suite"> (hide)</a> <!-- hide-methods skipped suite-Suite -->
                      <a href="#" panel-name="suite-Suite" class="show-methods skipped suite-Suite"> (show)</a> <!-- show-methods skipped suite-Suite -->
                    </span>
                    <div class="method-list-content skipped suite-Suite">
                      <span>
                        <img src="skipped.png" width="3%"/>
                        <a href="#" panel-name="suite-Suite" title="driver.Driver" class="method navigator-link" hash-for-method="executeTestcase(org.testng.TestRunner@388ba540)">executeTestcase(org.testng.TestRunner@388ba540)</a> <!-- method navigator-link -->
                      </span>
                      <br/>
                      <span>
                        <img src="skipped.png" width="3%"/>
                        <a href="#" panel-name="suite-Suite" title="driver.Driver" class="method navigator-link" hash-for-method="executeTestcase(org.testng.TestRunner@388ba540)">executeTestcase(org.testng.TestRunner@388ba540)</a> <!-- method navigator-link -->
                      </span>
                      <br/>
                      <span>
                        <img src="skipped.png" width="3%"/>
                        <a href="#" panel-name="suite-Suite" title="driver.Driver" class="method navigator-link" hash-for-method="executeTestcase(org.testng.TestRunner@388ba540)">executeTestcase(org.testng.TestRunner@388ba540)</a> <!-- method navigator-link -->
                      </span>
                      <br/>
                      <span>
                        <img src="skipped.png" width="3%"/>
                        <a href="#" panel-name="suite-Suite" title="driver.Driver" class="method navigator-link" hash-for-method="executeTestcase(org.testng.TestRunner@388ba540)">executeTestcase(org.testng.TestRunner@388ba540)</a> <!-- method navigator-link -->
                      </span>
                      <br/>
                      <span>
                        <img src="skipped.png" width="3%"/>
                        <a href="#" panel-name="suite-Suite" title="driver.Driver" class="method navigator-link" hash-for-method="executeTestcase(org.testng.TestRunner@388ba540)">executeTestcase(org.testng.TestRunner@388ba540)</a> <!-- method navigator-link -->
                      </span>
                      <br/>
                      <span>
                        <img src="skipped.png" width="3%"/>
                        <a href="#" panel-name="suite-Suite" title="driver.Driver" class="method navigator-link" hash-for-method="executeTestcase(org.testng.TestRunner@388ba540)">executeTestcase(org.testng.TestRunner@388ba540)</a> <!-- method navigator-link -->
                      </span>
                      <br/>
                      <span>
                        <img src="skipped.png" width="3%"/>
                        <a href="#" panel-name="suite-Suite" title="driver.Driver" class="method navigator-link" hash-for-method="executeTestcase(org.testng.TestRunner@388ba540)">executeTestcase(org.testng.TestRunner@388ba540)</a> <!-- method navigator-link -->
                      </span>
                      <br/>
                      <span>
                        <img src="skipped.png" width="3%"/>
                        <a href="#" panel-name="suite-Suite" title="driver.Driver" class="method navigator-link" hash-for-method="executeTestcase(org.testng.TestRunner@388ba540)">executeTestcase(org.testng.TestRunner@388ba540)</a> <!-- method navigator-link -->
                      </span>
                      <br/>
                      <span>
                        <img src="skipped.png" width="3%"/>
                        <a href="#" panel-name="suite-Suite" title="driver.Driver" class="method navigator-link" hash-for-method="executeTestcase(org.testng.TestRunner@388ba540)">executeTestcase(org.testng.TestRunner@388ba540)</a> <!-- method navigator-link -->
                      </span>
                      <br/>
                      <span>
                        <img src="skipped.png" width="3%"/>
                        <a href="#" panel-name="suite-Suite" title="driver.Driver" class="method navigator-link" hash-for-method="executeTestcase(org.testng.TestRunner@388ba540)">executeTestcase(org.testng.TestRunner@388ba540)</a> <!-- method navigator-link -->
                      </span>
                      <br/>
                      <span>
                        <img src="skipped.png" width="3%"/>
                        <a href="#" panel-name="suite-Suite" title="driver.Driver" class="method navigator-link" hash-for-method="executeTestcase(org.testng.TestRunner@388ba540)">executeTestcase(org.testng.TestRunner@388ba540)</a> <!-- method navigator-link -->
                      </span>
                      <br/>
                      <span>
                        <img src="skipped.png" width="3%"/>
                        <a href="#" panel-name="suite-Suite" title="driver.Driver" class="method navigator-link" hash-for-method="executeTestcase(org.testng.TestRunner@388ba540)">executeTestcase(org.testng.TestRunner@388ba540)</a> <!-- method navigator-link -->
                      </span>
                      <br/>
                      <span>
                        <img src="skipped.png" width="3%"/>
                        <a href="#" panel-name="suite-Suite" title="driver.Driver" class="method navigator-link" hash-for-method="executeTestcase(org.testng.TestRunner@388ba540)">executeTestcase(org.testng.TestRunner@388ba540)</a> <!-- method navigator-link -->
                      </span>
                      <br/>
                      <span>
                        <img src="skipped.png" width="3%"/>
                        <a href="#" panel-name="suite-Suite" title="driver.Driver" class="method navigator-link" hash-for-method="executeTestcase(org.testng.TestRunner@388ba540)">executeTestcase(org.testng.TestRunner@388ba540)</a> <!-- method navigator-link -->
                      </span>
                      <br/>
                      <span>
                        <img src="skipped.png" width="3%"/>
                        <a href="#" panel-name="suite-Suite" title="driver.Driver" class="method navigator-link" hash-for-method="executeTestcase(org.testng.TestRunner@388ba540)">executeTestcase(org.testng.TestRunner@388ba540)</a> <!-- method navigator-link -->
                      </span>
                      <br/>
                      <span>
                        <img src="skipped.png" width="3%"/>
                        <a href="#" panel-name="suite-Suite" title="driver.Driver" class="method navigator-link" hash-for-method="executeTestcase(org.testng.TestRunner@388ba540)">executeTestcase(org.testng.TestRunner@388ba540)</a> <!-- method navigator-link -->
                      </span>
                      <br/>
                      <span>
                        <img src="skipped.png" width="3%"/>
                        <a href="#" panel-name="suite-Suite" title="driver.Driver" class="method navigator-link" hash-for-method="executeTestcase(org.testng.TestRunner@388ba540)">executeTestcase(org.testng.TestRunner@388ba540)</a> <!-- method navigator-link -->
                      </span>
                      <br/>
                      <span>
                        <img src="skipped.png" width="3%"/>
                        <a href="#" panel-name="suite-Suite" title="driver.Driver" class="method navigator-link" hash-for-method="executeTestcase(org.testng.TestRunner@388ba540)">executeTestcase(org.testng.TestRunner@388ba540)</a> <!-- method navigator-link -->
                      </span>
                      <br/>
                      <span>
                        <img src="skipped.png" width="3%"/>
                        <a href="#" panel-name="suite-Suite" title="driver.Driver" class="method navigator-link" hash-for-method="executeTestcase(org.testng.TestRunner@388ba540)">executeTestcase(org.testng.TestRunner@388ba540)</a> <!-- method navigator-link -->
                      </span>
                      <br/>
                      <span>
                        <img src="skipped.png" width="3%"/>
                        <a href="#" panel-name="suite-Suite" title="driver.Driver" class="method navigator-link" hash-for-method="executeTestcase(org.testng.TestRunner@388ba540)">executeTestcase(org.testng.TestRunner@388ba540)</a> <!-- method navigator-link -->
                      </span>
                      <br/>
                      <span>
                        <img src="skipped.png" width="3%"/>
                        <a href="#" panel-name="suite-Suite" title="driver.Driver" class="method navigator-link" hash-for-method="executeTestcase(org.testng.TestRunner@388ba540)">executeTestcase(org.testng.TestRunner@388ba540)</a> <!-- method navigator-link -->
                      </span>
                      <br/>
                      <span>
                        <img src="skipped.png" width="3%"/>
                        <a href="#" panel-name="suite-Suite" title="driver.Driver" class="method navigator-link" hash-for-method="executeTestcase(org.testng.TestRunner@388ba540)">executeTestcase(org.testng.TestRunner@388ba540)</a> <!-- method navigator-link -->
                      </span>
                      <br/>
                      <span>
                        <img src="skipped.png" width="3%"/>
                        <a href="#" panel-name="suite-Suite" title="driver.Driver" class="method navigator-link" hash-for-method="executeTestcase(org.testng.TestRunner@388ba540)">executeTestcase(org.testng.TestRunner@388ba540)</a> <!-- method navigator-link -->
                      </span>
                      <br/>
                      <span>
                        <img src="skipped.png" width="3%"/>
                        <a href="#" panel-name="suite-Suite" title="driver.Driver" class="method navigator-link" hash-for-method="executeTestcase(org.testng.TestRunner@388ba540)">executeTestcase(org.testng.TestRunner@388ba540)</a> <!-- method navigator-link -->
                      </span>
                      <br/>
                      <span>
                        <img src="skipped.png" width="3%"/>
                        <a href="#" panel-name="suite-Suite" title="driver.Driver" class="method navigator-link" hash-for-method="executeTestcase(org.testng.TestRunner@388ba540)">executeTestcase(org.testng.TestRunner@388ba540)</a> <!-- method navigator-link -->
                      </span>
                      <br/>
                      <span>
                        <img src="skipped.png" width="3%"/>
                        <a href="#" panel-name="suite-Suite" title="driver.Driver" class="method navigator-link" hash-for-method="executeTestcase(org.testng.TestRunner@388ba540)">executeTestcase(org.testng.TestRunner@388ba540)</a> <!-- method navigator-link -->
                      </span>
                      <br/>
                      <span>
                        <img src="skipped.png" width="3%"/>
                        <a href="#" panel-name="suite-Suite" title="driver.Driver" class="method navigator-link" hash-for-method="executeTestcase(org.testng.TestRunner@388ba540)">executeTestcase(org.testng.TestRunner@388ba540)</a> <!-- method navigator-link -->
                      </span>
                      <br/>
                      <span>
                        <img src="skipped.png" width="3%"/>
                        <a href="#" panel-name="suite-Suite" title="driver.Driver" class="method navigator-link" hash-for-method="executeTestcase(org.testng.TestRunner@388ba540)">executeTestcase(org.testng.TestRunner@388ba540)</a> <!-- method navigator-link -->
                      </span>
                      <br/>
                      <span>
                        <img src="skipped.png" width="3%"/>
                        <a href="#" panel-name="suite-Suite" title="driver.Driver" class="method navigator-link" hash-for-method="executeTestcase(org.testng.TestRunner@388ba540)">executeTestcase(org.testng.TestRunner@388ba540)</a> <!-- method navigator-link -->
                      </span>
                      <br/>
                      <span>
                        <img src="skipped.png" width="3%"/>
                        <a href="#" panel-name="suite-Suite" title="driver.Driver" class="method navigator-link" hash-for-method="executeTestcase(org.testng.TestRunner@388ba540)">executeTestcase(org.testng.TestRunner@388ba540)</a> <!-- method navigator-link -->
                      </span>
                      <br/>
                      <span>
                        <img src="skipped.png" width="3%"/>
                        <a href="#" panel-name="suite-Suite" title="driver.Driver" class="method navigator-link" hash-for-method="executeTestcase(org.testng.TestRunner@388ba540)">executeTestcase(org.testng.TestRunner@388ba540)</a> <!-- method navigator-link -->
                      </span>
                      <br/>
                      <span>
                        <img src="skipped.png" width="3%"/>
                        <a href="#" panel-name="suite-Suite" title="driver.Driver" class="method navigator-link" hash-for-method="executeTestcase(org.testng.TestRunner@388ba540)">executeTestcase(org.testng.TestRunner@388ba540)</a> <!-- method navigator-link -->
                      </span>
                      <br/>
                      <span>
                        <img src="skipped.png" width="3%"/>
                        <a href="#" panel-name="suite-Suite" title="driver.Driver" class="method navigator-link" hash-for-method="executeTestcase(org.testng.TestRunner@388ba540)">executeTestcase(org.testng.TestRunner@388ba540)</a> <!-- method navigator-link -->
                      </span>
                      <br/>
                      <span>
                        <img src="skipped.png" width="3%"/>
                        <a href="#" panel-name="suite-Suite" title="driver.Driver" class="method navigator-link" hash-for-method="executeTestcase(org.testng.TestRunner@388ba540)">executeTestcase(org.testng.TestRunner@388ba540)</a> <!-- method navigator-link -->
                      </span>
                      <br/>
                      <span>
                        <img src="skipped.png" width="3%"/>
                        <a href="#" panel-name="suite-Suite" title="driver.Driver" class="method navigator-link" hash-for-method="executeTestcase(org.testng.TestRunner@388ba540)">executeTestcase(org.testng.TestRunner@388ba540)</a> <!-- method navigator-link -->
                      </span>
                      <br/>
                      <span>
                        <img src="skipped.png" width="3%"/>
                        <a href="#" panel-name="suite-Suite" title="driver.Driver" class="method navigator-link" hash-for-method="executeTestcase(org.testng.TestRunner@388ba540)">executeTestcase(org.testng.TestRunner@388ba540)</a> <!-- method navigator-link -->
                      </span>
                      <br/>
                      <span>
                        <img src="skipped.png" width="3%"/>
                        <a href="#" panel-name="suite-Suite" title="driver.Driver" class="method navigator-link" hash-for-method="executeTestcase(org.testng.TestRunner@388ba540)">executeTestcase(org.testng.TestRunner@388ba540)</a> <!-- method navigator-link -->
                      </span>
                      <br/>
                      <span>
                        <img src="skipped.png" width="3%"/>
                        <a href="#" panel-name="suite-Suite" title="driver.Driver" class="method navigator-link" hash-for-method="executeTestcase(org.testng.TestRunner@388ba540)">executeTestcase(org.testng.TestRunner@388ba540)</a> <!-- method navigator-link -->
                      </span>
                      <br/>
                      <span>
                        <img src="skipped.png" width="3%"/>
                        <a href="#" panel-name="suite-Suite" title="driver.Driver" class="method navigator-link" hash-for-method="executeTestcase(org.testng.TestRunner@388ba540)">executeTestcase(org.testng.TestRunner@388ba540)</a> <!-- method navigator-link -->
                      </span>
                      <br/>
                      <span>
                        <img src="skipped.png" width="3%"/>
                        <a href="#" panel-name="suite-Suite" title="driver.Driver" class="method navigator-link" hash-for-method="executeTestcase(org.testng.TestRunner@388ba540)">executeTestcase(org.testng.TestRunner@388ba540)</a> <!-- method navigator-link -->
                      </span>
                      <br/>
                      <span>
                        <img src="skipped.png" width="3%"/>
                        <a href="#" panel-name="suite-Suite" title="driver.Driver" class="method navigator-link" hash-for-method="executeTestcase(org.testng.TestRunner@388ba540)">executeTestcase(org.testng.TestRunner@388ba540)</a> <!-- method navigator-link -->
                      </span>
                      <br/>
                      <span>
                        <img src="skipped.png" width="3%"/>
                        <a href="#" panel-name="suite-Suite" title="driver.Driver" class="method navigator-link" hash-for-method="executeTestcase(org.testng.TestRunner@388ba540)">executeTestcase(org.testng.TestRunner@388ba540)</a> <!-- method navigator-link -->
                      </span>
                      <br/>
                      <span>
                        <img src="skipped.png" width="3%"/>
                        <a href="#" panel-name="suite-Suite" title="driver.Driver" class="method navigator-link" hash-for-method="executeTestcase(org.testng.TestRunner@388ba540)">executeTestcase(org.testng.TestRunner@388ba540)</a> <!-- method navigator-link -->
                      </span>
                      <br/>
                      <span>
                        <img src="skipped.png" width="3%"/>
                        <a href="#" panel-name="suite-Suite" title="driver.Driver" class="method navigator-link" hash-for-method="executeTestcase(org.testng.TestRunner@388ba540)">executeTestcase(org.testng.TestRunner@388ba540)</a> <!-- method navigator-link -->
                      </span>
                      <br/>
                      <span>
                        <img src="skipped.png" width="3%"/>
                        <a href="#" panel-name="suite-Suite" title="driver.Driver" class="method navigator-link" hash-for-method="executeTestcase(org.testng.TestRunner@388ba540)">executeTestcase(org.testng.TestRunner@388ba540)</a> <!-- method navigator-link -->
                      </span>
                      <br/>
                      <span>
                        <img src="skipped.png" width="3%"/>
                        <a href="#" panel-name="suite-Suite" title="driver.Driver" class="method navigator-link" hash-for-method="executeTestcase(org.testng.TestRunner@388ba540)">executeTestcase(org.testng.TestRunner@388ba540)</a> <!-- method navigator-link -->
                      </span>
                      <br/>
                      <span>
                        <img src="skipped.png" width="3%"/>
                        <a href="#" panel-name="suite-Suite" title="driver.Driver" class="method navigator-link" hash-for-method="executeTestcase(org.testng.TestRunner@388ba540)">executeTestcase(org.testng.TestRunner@388ba540)</a> <!-- method navigator-link -->
                      </span>
                      <br/>
                      <span>
                        <img src="skipped.png" width="3%"/>
                        <a href="#" panel-name="suite-Suite" title="driver.Driver" class="method navigator-link" hash-for-method="executeTestcase(org.testng.TestRunner@388ba540)">executeTestcase(org.testng.TestRunner@388ba540)</a> <!-- method navigator-link -->
                      </span>
                      <br/>
                      <span>
                        <img src="skipped.png" width="3%"/>
                        <a href="#" panel-name="suite-Suite" title="driver.Driver" class="method navigator-link" hash-for-method="executeTestcase(org.testng.TestRunner@388ba540)">executeTestcase(org.testng.TestRunner@388ba540)</a> <!-- method navigator-link -->
                      </span>
                      <br/>
                      <span>
                        <img src="skipped.png" width="3%"/>
                        <a href="#" panel-name="suite-Suite" title="driver.Driver" class="method navigator-link" hash-for-method="executeTestcase(org.testng.TestRunner@388ba540)">executeTestcase(org.testng.TestRunner@388ba540)</a> <!-- method navigator-link -->
                      </span>
                      <br/>
                      <span>
                        <img src="skipped.png" width="3%"/>
                        <a href="#" panel-name="suite-Suite" title="driver.Driver" class="method navigator-link" hash-for-method="executeTestcase(org.testng.TestRunner@388ba540)">executeTestcase(org.testng.TestRunner@388ba540)</a> <!-- method navigator-link -->
                      </span>
                      <br/>
                      <span>
                        <img src="skipped.png" width="3%"/>
                        <a href="#" panel-name="suite-Suite" title="driver.Driver" class="method navigator-link" hash-for-method="executeTestcase(org.testng.TestRunner@388ba540)">executeTestcase(org.testng.TestRunner@388ba540)</a> <!-- method navigator-link -->
                      </span>
                      <br/>
                      <span>
                        <img src="skipped.png" width="3%"/>
                        <a href="#" panel-name="suite-Suite" title="driver.Driver" class="method navigator-link" hash-for-method="executeTestcase(org.testng.TestRunner@388ba540)">executeTestcase(org.testng.TestRunner@388ba540)</a> <!-- method navigator-link -->
                      </span>
                      <br/>
                      <span>
                        <img src="skipped.png" width="3%"/>
                        <a href="#" panel-name="suite-Suite" title="driver.Driver" class="method navigator-link" hash-for-method="executeTestcase(org.testng.TestRunner@388ba540)">executeTestcase(org.testng.TestRunner@388ba540)</a> <!-- method navigator-link -->
                      </span>
                      <br/>
                      <span>
                        <img src="skipped.png" width="3%"/>
                        <a href="#" panel-name="suite-Suite" title="driver.Driver" class="method navigator-link" hash-for-method="executeTestcase(org.testng.TestRunner@388ba540)">executeTestcase(org.testng.TestRunner@388ba540)</a> <!-- method navigator-link -->
                      </span>
                      <br/>
                      <span>
                        <img src="skipped.png" width="3%"/>
                        <a href="#" panel-name="suite-Suite" title="driver.Driver" class="method navigator-link" hash-for-method="executeTestcase(org.testng.TestRunner@388ba540)">executeTestcase(org.testng.TestRunner@388ba540)</a> <!-- method navigator-link -->
                      </span>
                      <br/>
                      <span>
                        <img src="skipped.png" width="3%"/>
                        <a href="#" panel-name="suite-Suite" title="driver.Driver" class="method navigator-link" hash-for-method="executeTestcase(org.testng.TestRunner@388ba540)">executeTestcase(org.testng.TestRunner@388ba540)</a> <!-- method navigator-link -->
                      </span>
                      <br/>
                      <span>
                        <img src="skipped.png" width="3%"/>
                        <a href="#" panel-name="suite-Suite" title="driver.Driver" class="method navigator-link" hash-for-method="executeTestcase(org.testng.TestRunner@388ba540)">executeTestcase(org.testng.TestRunner@388ba540)</a> <!-- method navigator-link -->
                      </span>
                      <br/>
                      <span>
                        <img src="skipped.png" width="3%"/>
                        <a href="#" panel-name="suite-Suite" title="driver.Driver" class="method navigator-link" hash-for-method="executeTestcase(org.testng.TestRunner@388ba540)">executeTestcase(org.testng.TestRunner@388ba540)</a> <!-- method navigator-link -->
                      </span>
                      <br/>
                      <span>
                        <img src="skipped.png" width="3%"/>
                        <a href="#" panel-name="suite-Suite" title="driver.Driver" class="method navigator-link" hash-for-method="executeTestcase(org.testng.TestRunner@388ba540)">executeTestcase(org.testng.TestRunner@388ba540)</a> <!-- method navigator-link -->
                      </span>
                      <br/>
                      <span>
                        <img src="skipped.png" width="3%"/>
                        <a href="#" panel-name="suite-Suite" title="driver.Driver" class="method navigator-link" hash-for-method="executeTestcase(org.testng.TestRunner@388ba540)">executeTestcase(org.testng.TestRunner@388ba540)</a> <!-- method navigator-link -->
                      </span>
                      <br/>
                      <span>
                        <img src="skipped.png" width="3%"/>
                        <a href="#" panel-name="suite-Suite" title="driver.Driver" class="method navigator-link" hash-for-method="executeTestcase(org.testng.TestRunner@388ba540)">executeTestcase(org.testng.TestRunner@388ba540)</a> <!-- method navigator-link -->
                      </span>
                      <br/>
                      <span>
                        <img src="skipped.png" width="3%"/>
                        <a href="#" panel-name="suite-Suite" title="driver.Driver" class="method navigator-link" hash-for-method="executeTestcase(org.testng.TestRunner@388ba540)">executeTestcase(org.testng.TestRunner@388ba540)</a> <!-- method navigator-link -->
                      </span>
                      <br/>
                      <span>
                        <img src="skipped.png" width="3%"/>
                        <a href="#" panel-name="suite-Suite" title="driver.Driver" class="method navigator-link" hash-for-method="executeTestcase(org.testng.TestRunner@388ba540)">executeTestcase(org.testng.TestRunner@388ba540)</a> <!-- method navigator-link -->
                      </span>
                      <br/>
                      <span>
                        <img src="skipped.png" width="3%"/>
                        <a href="#" panel-name="suite-Suite" title="driver.Driver" class="method navigator-link" hash-for-method="executeTestcase(org.testng.TestRunner@388ba540)">executeTestcase(org.testng.TestRunner@388ba540)</a> <!-- method navigator-link -->
                      </span>
                      <br/>
                      <span>
                        <img src="skipped.png" width="3%"/>
                        <a href="#" panel-name="suite-Suite" title="driver.Driver" class="method navigator-link" hash-for-method="executeTestcase(org.testng.TestRunner@388ba540)">executeTestcase(org.testng.TestRunner@388ba540)</a> <!-- method navigator-link -->
                      </span>
                      <br/>
                      <span>
                        <img src="skipped.png" width="3%"/>
                        <a href="#" panel-name="suite-Suite" title="driver.Driver" class="method navigator-link" hash-for-method="executeTestcase(org.testng.TestRunner@388ba540)">executeTestcase(org.testng.TestRunner@388ba540)</a> <!-- method navigator-link -->
                      </span>
                      <br/>
                      <span>
                        <img src="skipped.png" width="3%"/>
                        <a href="#" panel-name="suite-Suite" title="driver.Driver" class="method navigator-link" hash-for-method="executeTestcase(org.testng.TestRunner@388ba540)">executeTestcase(org.testng.TestRunner@388ba540)</a> <!-- method navigator-link -->
                      </span>
                      <br/>
                      <span>
                        <img src="skipped.png" width="3%"/>
                        <a href="#" panel-name="suite-Suite" title="driver.Driver" class="method navigator-link" hash-for-method="executeTestcase(org.testng.TestRunner@388ba540)">executeTestcase(org.testng.TestRunner@388ba540)</a> <!-- method navigator-link -->
                      </span>
                      <br/>
                      <span>
                        <img src="skipped.png" width="3%"/>
                        <a href="#" panel-name="suite-Suite" title="driver.Driver" class="method navigator-link" hash-for-method="executeTestcase(org.testng.TestRunner@388ba540)">executeTestcase(org.testng.TestRunner@388ba540)</a> <!-- method navigator-link -->
                      </span>
                      <br/>
                      <span>
                        <img src="skipped.png" width="3%"/>
                        <a href="#" panel-name="suite-Suite" title="driver.Driver" class="method navigator-link" hash-for-method="executeTestcase(org.testng.TestRunner@388ba540)">executeTestcase(org.testng.TestRunner@388ba540)</a> <!-- method navigator-link -->
                      </span>
                      <br/>
                      <span>
                        <img src="skipped.png" width="3%"/>
                        <a href="#" panel-name="suite-Suite" title="driver.Driver" class="method navigator-link" hash-for-method="executeTestcase(org.testng.TestRunner@388ba540)">executeTestcase(org.testng.TestRunner@388ba540)</a> <!-- method navigator-link -->
                      </span>
                      <br/>
                      <span>
                        <img src="skipped.png" width="3%"/>
                        <a href="#" panel-name="suite-Suite" title="driver.Driver" class="method navigator-link" hash-for-method="executeTestcase(org.testng.TestRunner@388ba540)">executeTestcase(org.testng.TestRunner@388ba540)</a> <!-- method navigator-link -->
                      </span>
                      <br/>
                      <span>
                        <img src="skipped.png" width="3%"/>
                        <a href="#" panel-name="suite-Suite" title="driver.Driver" class="method navigator-link" hash-for-method="executeTestcase(org.testng.TestRunner@388ba540)">executeTestcase(org.testng.TestRunner@388ba540)</a> <!-- method navigator-link -->
                      </span>
                      <br/>
                      <span>
                        <img src="skipped.png" width="3%"/>
                        <a href="#" panel-name="suite-Suite" title="driver.Driver" class="method navigator-link" hash-for-method="executeTestcase(org.testng.TestRunner@388ba540)">executeTestcase(org.testng.TestRunner@388ba540)</a> <!-- method navigator-link -->
                      </span>
                      <br/>
                      <span>
                        <img src="skipped.png" width="3%"/>
                        <a href="#" panel-name="suite-Suite" title="driver.Driver" class="method navigator-link" hash-for-method="executeTestcase(org.testng.TestRunner@388ba540)">executeTestcase(org.testng.TestRunner@388ba540)</a> <!-- method navigator-link -->
                      </span>
                      <br/>
                      <span>
                        <img src="skipped.png" width="3%"/>
                        <a href="#" panel-name="suite-Suite" title="driver.Driver" class="method navigator-link" hash-for-method="executeTestcase(org.testng.TestRunner@388ba540)">executeTestcase(org.testng.TestRunner@388ba540)</a> <!-- method navigator-link -->
                      </span>
                      <br/>
                      <span>
                        <img src="skipped.png" width="3%"/>
                        <a href="#" panel-name="suite-Suite" title="driver.Driver" class="method navigator-link" hash-for-method="executeTestcase(org.testng.TestRunner@388ba540)">executeTestcase(org.testng.TestRunner@388ba540)</a> <!-- method navigator-link -->
                      </span>
                      <br/>
                      <span>
                        <img src="skipped.png" width="3%"/>
                        <a href="#" panel-name="suite-Suite" title="driver.Driver" class="method navigator-link" hash-for-method="executeTestcase(org.testng.TestRunner@388ba540)">executeTestcase(org.testng.TestRunner@388ba540)</a> <!-- method navigator-link -->
                      </span>
                      <br/>
                    </div> <!-- method-list-content skipped suite-Suite -->
                  </li>
                  <li>
                    <span class="method-list-title passed">Passed methods</span>
                    <span class="show-or-hide-methods passed">
                      <a href="#" panel-name="suite-Suite" class="hide-methods passed suite-Suite"> (hide)</a> <!-- hide-methods passed suite-Suite -->
                      <a href="#" panel-name="suite-Suite" class="show-methods passed suite-Suite"> (show)</a> <!-- show-methods passed suite-Suite -->
                    </span>
                    <div class="method-list-content passed suite-Suite">
                      <span>
                        <img src="passed.png" width="3%"/>
                        <a href="#" panel-name="suite-Suite" title="driver.Driver" class="method navigator-link" hash-for-method="executeTestcase(org.testng.TestRunner@388ba540)">executeTestcase(org.testng.TestRunner@388ba540)</a> <!-- method navigator-link -->
                      </span>
                      <br/>
                      <span>
                        <img src="passed.png" width="3%"/>
                        <a href="#" panel-name="suite-Suite" title="driver.Driver" class="method navigator-link" hash-for-method="executeTestcase(org.testng.TestRunner@388ba540)">executeTestcase(org.testng.TestRunner@388ba540)</a> <!-- method navigator-link -->
                      </span>
                      <br/>
                      <span>
                        <img src="passed.png" width="3%"/>
                        <a href="#" panel-name="suite-Suite" title="driver.Driver" class="method navigator-link" hash-for-method="executeTestcase(org.testng.TestRunner@388ba540)">executeTestcase(org.testng.TestRunner@388ba540)</a> <!-- method navigator-link -->
                      </span>
                      <br/>
                      <span>
                        <img src="passed.png" width="3%"/>
                        <a href="#" panel-name="suite-Suite" title="driver.Driver" class="method navigator-link" hash-for-method="executeTestcase(org.testng.TestRunner@388ba540)">executeTestcase(org.testng.TestRunner@388ba540)</a> <!-- method navigator-link -->
                      </span>
                      <br/>
                      <span>
                        <img src="passed.png" width="3%"/>
                        <a href="#" panel-name="suite-Suite" title="driver.Driver" class="method navigator-link" hash-for-method="executeTestcase(org.testng.TestRunner@388ba540)">executeTestcase(org.testng.TestRunner@388ba540)</a> <!-- method navigator-link -->
                      </span>
                      <br/>
                      <span>
                        <img src="passed.png" width="3%"/>
                        <a href="#" panel-name="suite-Suite" title="driver.Driver" class="method navigator-link" hash-for-method="executeTestcase(org.testng.TestRunner@388ba540)">executeTestcase(org.testng.TestRunner@388ba540)</a> <!-- method navigator-link -->
                      </span>
                      <br/>
                      <span>
                        <img src="passed.png" width="3%"/>
                        <a href="#" panel-name="suite-Suite" title="driver.Driver" class="method navigator-link" hash-for-method="executeTestcase(org.testng.TestRunner@388ba540)">executeTestcase(org.testng.TestRunner@388ba540)</a> <!-- method navigator-link -->
                      </span>
                      <br/>
                      <span>
                        <img src="passed.png" width="3%"/>
                        <a href="#" panel-name="suite-Suite" title="driver.Driver" class="method navigator-link" hash-for-method="executeTestcase(org.testng.TestRunner@388ba540)">executeTestcase(org.testng.TestRunner@388ba540)</a> <!-- method navigator-link -->
                      </span>
                      <br/>
                      <span>
                        <img src="passed.png" width="3%"/>
                        <a href="#" panel-name="suite-Suite" title="driver.Driver" class="method navigator-link" hash-for-method="executeTestcase(org.testng.TestRunner@388ba540)">executeTestcase(org.testng.TestRunner@388ba540)</a> <!-- method navigator-link -->
                      </span>
                      <br/>
                      <span>
                        <img src="passed.png" width="3%"/>
                        <a href="#" panel-name="suite-Suite" title="driver.Driver" class="method navigator-link" hash-for-method="executeTestcase(org.testng.TestRunner@388ba540)">executeTestcase(org.testng.TestRunner@388ba540)</a> <!-- method navigator-link -->
                      </span>
                      <br/>
                      <span>
                        <img src="passed.png" width="3%"/>
                        <a href="#" panel-name="suite-Suite" title="driver.Driver" class="method navigator-link" hash-for-method="executeTestcase(org.testng.TestRunner@388ba540)">executeTestcase(org.testng.TestRunner@388ba540)</a> <!-- method navigator-link -->
                      </span>
                      <br/>
                      <span>
                        <img src="passed.png" width="3%"/>
                        <a href="#" panel-name="suite-Suite" title="driver.Driver" class="method navigator-link" hash-for-method="executeTestcase(org.testng.TestRunner@388ba540)">executeTestcase(org.testng.TestRunner@388ba540)</a> <!-- method navigator-link -->
                      </span>
                      <br/>
                      <span>
                        <img src="passed.png" width="3%"/>
                        <a href="#" panel-name="suite-Suite" title="driver.Driver" class="method navigator-link" hash-for-method="executeTestcase(org.testng.TestRunner@388ba540)">executeTestcase(org.testng.TestRunner@388ba540)</a> <!-- method navigator-link -->
                      </span>
                      <br/>
                      <span>
                        <img src="passed.png" width="3%"/>
                        <a href="#" panel-name="suite-Suite" title="driver.Driver" class="method navigator-link" hash-for-method="executeTestcase(org.testng.TestRunner@388ba540)">executeTestcase(org.testng.TestRunner@388ba540)</a> <!-- method navigator-link -->
                      </span>
                      <br/>
                      <span>
                        <img src="passed.png" width="3%"/>
                        <a href="#" panel-name="suite-Suite" title="driver.Driver" class="method navigator-link" hash-for-method="executeTestcase(org.testng.TestRunner@388ba540)">executeTestcase(org.testng.TestRunner@388ba540)</a> <!-- method navigator-link -->
                      </span>
                      <br/>
                      <span>
                        <img src="passed.png" width="3%"/>
                        <a href="#" panel-name="suite-Suite" title="driver.Driver" class="method navigator-link" hash-for-method="executeTestcase(org.testng.TestRunner@388ba540)">executeTestcase(org.testng.TestRunner@388ba540)</a> <!-- method navigator-link -->
                      </span>
                      <br/>
                      <span>
                        <img src="passed.png" width="3%"/>
                        <a href="#" panel-name="suite-Suite" title="driver.Driver" class="method navigator-link" hash-for-method="executeTestcase(org.testng.TestRunner@388ba540)">executeTestcase(org.testng.TestRunner@388ba540)</a> <!-- method navigator-link -->
                      </span>
                      <br/>
                      <span>
                        <img src="passed.png" width="3%"/>
                        <a href="#" panel-name="suite-Suite" title="driver.Driver" class="method navigator-link" hash-for-method="executeTestcase(org.testng.TestRunner@388ba540)">executeTestcase(org.testng.TestRunner@388ba540)</a> <!-- method navigator-link -->
                      </span>
                      <br/>
                      <span>
                        <img src="passed.png" width="3%"/>
                        <a href="#" panel-name="suite-Suite" title="driver.Driver" class="method navigator-link" hash-for-method="executeTestcase(org.testng.TestRunner@388ba540)">executeTestcase(org.testng.TestRunner@388ba540)</a> <!-- method navigator-link -->
                      </span>
                      <br/>
                    </div> <!-- method-list-content passed suite-Suite -->
                  </li>
                </ul>
              </div> <!-- suite-section-content -->
            </div> <!-- result-section -->
          </div> <!-- navigator-suite-content -->
        </div> <!-- rounded-window -->
      </div> <!-- suite -->
    </div> <!-- navigator-root -->
    <div class="wrapper">
      <div class="main-panel-root">
        <div panel-name="suite-Suite" class="panel Suite">
          <div class="suite-Suite-class-failed">
            <div class="main-panel-header rounded-window-top">
              <img src="failed.png"/>
              <span class="class-name">driver.Driver</span>
            </div> <!-- main-panel-header rounded-window-top -->
            <div class="main-panel-content rounded-window-bottom">
              <div class="method">
                <div class="method-content">
                  <a name="executeTestcase(org.testng.TestRunner@388ba540)">
                  </a> <!-- executeTestcase(org.testng.TestRunner@388ba540) -->
                  <span class="method-name">executeTestcase</span>
                  <span class="parameters">(org.testng.TestRunner@388ba540)</span>
                  <div class="stack-trace">java.lang.reflect.InvocationTargetException
	at driver.Driver.executeTestcase(Driver.java:78)
	at java.base/java.util.ArrayList.forEach(ArrayList.java:1511)
Caused by: org.openqa.selenium.NoSuchElementException: no such element: Unable to locate element: {&quot;method&quot;:&quot;xpath&quot;,&quot;selector&quot;:&quot;//*[@id=&apos;account|NoRelationship|HomePageGrid|Mscrm.HomepageGrid.account.NewRecord&apos;]&quot;}
  (Session info: chrome=108.0.5359.95)
For documentation on this error, please visit: https://www.seleniumhq.org/exceptions/no_such_element.html
Build info: version: &apos;4.0.0-alpha-1&apos;, revision: &apos;d1d3728cae&apos;, time: &apos;2019-04-24T13:42:21&apos;
System info: host: &apos;Z3P7PUGDEV0010&apos;, ip: &apos;10.99.59.123&apos;, os.name: &apos;Windows 11&apos;, os.arch: &apos;amd64&apos;, os.version: &apos;10.0&apos;, java.version: &apos;19.0.1&apos;
Driver info: org.openqa.selenium.chrome.ChromeDriver
Capabilities {acceptInsecureCerts: false, browserName: chrome, browserVersion: 108.0.5359.95, chrome: {chromedriverVersion: 108.0.5359.71 (1e0e3868ee06..., userDataDir: E:\vkamalak\AppData\Local\T...}, goog:chromeOptions: {debuggerAddress: localhost:64233}, javascriptEnabled: true, networkConnectionEnabled: false, pageLoadStrategy: normal, platform: WINDOWS, platformName: WINDOWS, proxy: Proxy(), setWindowRect: true, strictFileInteractability: false, timeouts: {implicit: 0, pageLoad: 300000, script: 30000}, unhandledPromptBehavior: dismiss and notify, webauthn:extension:credBlob: true, webauthn:extension:largeBlob: true, webauthn:virtualAuthenticators: true}
Session ID: 965bfefac9a74948276488d2b0404521
*** Element info: {Using=xpath, value=//*[@id=&apos;account|NoRelationship|HomePageGrid|Mscrm.HomepageGrid.account.NewRecord&apos;]}
	at org.openqa.selenium.remote.codec.w3c.W3CHttpResponseCodec.createException(W3CHttpResponseCodec.java:190)
	at org.openqa.selenium.remote.codec.w3c.W3CHttpResponseCodec.decode(W3CHttpResponseCodec.java:124)
	at org.openqa.selenium.remote.codec.w3c.W3CHttpResponseCodec.decode(W3CHttpResponseCodec.java:51)
	at org.openqa.selenium.remote.HttpCommandExecutor.execute(HttpCommandExecutor.java:161)
	at org.openqa.selenium.remote.service.DriverCommandExecutor.execute(DriverCommandExecutor.java:83)
	at org.openqa.selenium.remote.RemoteWebDriver.execute(RemoteWebDriver.java:577)
	at org.openqa.selenium.remote.RemoteWebDriver.findElement(RemoteWebDriver.java:328)
	at org.openqa.selenium.remote.RemoteWebDriver.findElementByXPath(RemoteWebDriver.java:446)
	at org.openqa.selenium.By$ByXPath.findElement(By.java:353)
	at org.openqa.selenium.remote.RemoteWebDriver.findElement(RemoteWebDriver.java:320)
	at org.openqa.selenium.support.events.EventFiringWebDriver.lambda$new$1(EventFiringWebDriver.java:106)
	at jdk.proxy2/jdk.proxy2.$Proxy11.findElement(Unknown Source)
	at org.openqa.selenium.support.events.EventFiringWebDriver.findElement(EventFiringWebDriver.java:195)
	at pages.AccountsPage.clickNewOnAccountsPage(AccountsPage.java:20)
	at testcases.Member.TestCase_7420.createMemberTP(TestCase_7420.java:27)
	... 28 more
... Removed 33 stack frames
</div> <!-- stack-trace -->
                </div> <!-- method-content -->
              </div> <!-- method -->
              <div class="method">
                <div class="method-content">
                  <a name="executeTestcase(org.testng.TestRunner@388ba540)">
                  </a> <!-- executeTestcase(org.testng.TestRunner@388ba540) -->
                  <span class="method-name">executeTestcase</span>
                  <span class="parameters">(org.testng.TestRunner@388ba540)</span>
                  <div class="stack-trace">java.lang.reflect.InvocationTargetException
	at driver.Driver.executeTestcase(Driver.java:78)
	at java.base/java.util.ArrayList.forEach(ArrayList.java:1511)
Caused by: org.openqa.selenium.NoSuchElementException: no such element: Unable to locate element: {&quot;method&quot;:&quot;xpath&quot;,&quot;selector&quot;:&quot;//*[@id=&apos;account|NoRelationship|HomePageGrid|Mscrm.HomepageGrid.account.NewRecord&apos;]&quot;}
  (Session info: chrome=108.0.5359.95)
For documentation on this error, please visit: https://www.seleniumhq.org/exceptions/no_such_element.html
Build info: version: &apos;4.0.0-alpha-1&apos;, revision: &apos;d1d3728cae&apos;, time: &apos;2019-04-24T13:42:21&apos;
System info: host: &apos;Z3P7PUGDEV0010&apos;, ip: &apos;10.99.59.123&apos;, os.name: &apos;Windows 11&apos;, os.arch: &apos;amd64&apos;, os.version: &apos;10.0&apos;, java.version: &apos;19.0.1&apos;
Driver info: org.openqa.selenium.chrome.ChromeDriver
Capabilities {acceptInsecureCerts: false, browserName: chrome, browserVersion: 108.0.5359.95, chrome: {chromedriverVersion: 108.0.5359.71 (1e0e3868ee06..., userDataDir: E:\vkamalak\AppData\Local\T...}, goog:chromeOptions: {debuggerAddress: localhost:64404}, javascriptEnabled: true, networkConnectionEnabled: false, pageLoadStrategy: normal, platform: WINDOWS, platformName: WINDOWS, proxy: Proxy(), setWindowRect: true, strictFileInteractability: false, timeouts: {implicit: 0, pageLoad: 300000, script: 30000}, unhandledPromptBehavior: dismiss and notify, webauthn:extension:credBlob: true, webauthn:extension:largeBlob: true, webauthn:virtualAuthenticators: true}
Session ID: ff562b4fe2c92c3e71d90d9bbd645a48
*** Element info: {Using=xpath, value=//*[@id=&apos;account|NoRelationship|HomePageGrid|Mscrm.HomepageGrid.account.NewRecord&apos;]}
	at org.openqa.selenium.remote.codec.w3c.W3CHttpResponseCodec.createException(W3CHttpResponseCodec.java:190)
	at org.openqa.selenium.remote.codec.w3c.W3CHttpResponseCodec.decode(W3CHttpResponseCodec.java:124)
	at org.openqa.selenium.remote.codec.w3c.W3CHttpResponseCodec.decode(W3CHttpResponseCodec.java:51)
	at org.openqa.selenium.remote.HttpCommandExecutor.execute(HttpCommandExecutor.java:161)
	at org.openqa.selenium.remote.service.DriverCommandExecutor.execute(DriverCommandExecutor.java:83)
	at org.openqa.selenium.remote.RemoteWebDriver.execute(RemoteWebDriver.java:577)
	at org.openqa.selenium.remote.RemoteWebDriver.findElement(RemoteWebDriver.java:328)
	at org.openqa.selenium.remote.RemoteWebDriver.findElementByXPath(RemoteWebDriver.java:446)
	at org.openqa.selenium.By$ByXPath.findElement(By.java:353)
	at org.openqa.selenium.remote.RemoteWebDriver.findElement(RemoteWebDriver.java:320)
	at org.openqa.selenium.support.events.EventFiringWebDriver.lambda$new$1(EventFiringWebDriver.java:106)
	at jdk.proxy2/jdk.proxy2.$Proxy11.findElement(Unknown Source)
	at org.openqa.selenium.support.events.EventFiringWebDriver.findElement(EventFiringWebDriver.java:195)
	at pages.AccountsPage.clickNewOnAccountsPage(AccountsPage.java:20)
	at testcases.Member.TestCase_7474.createMemberTP(TestCase_7474.java:26)
	... 28 more
... Removed 33 stack frames
</div> <!-- stack-trace -->
                </div> <!-- method-content -->
              </div> <!-- method -->
              <div class="method">
                <div class="method-content">
                  <a name="executeTestcase(org.testng.TestRunner@388ba540)">
                  </a> <!-- executeTestcase(org.testng.TestRunner@388ba540) -->
                  <span class="method-name">executeTestcase</span>
                  <span class="parameters">(org.testng.TestRunner@388ba540)</span>
                  <div class="stack-trace">java.lang.reflect.InvocationTargetException
	at driver.Driver.executeTestcase(Driver.java:78)
	at java.base/java.util.ArrayList.forEach(ArrayList.java:1511)
Caused by: org.openqa.selenium.NoSuchElementException: no such element: Unable to locate element: {&quot;method&quot;:&quot;xpath&quot;,&quot;selector&quot;:&quot;//*[@id=&apos;account|NoRelationship|HomePageGrid|Mscrm.HomepageGrid.account.NewRecord&apos;]&quot;}
  (Session info: chrome=108.0.5359.95)
For documentation on this error, please visit: https://www.seleniumhq.org/exceptions/no_such_element.html
Build info: version: &apos;4.0.0-alpha-1&apos;, revision: &apos;d1d3728cae&apos;, time: &apos;2019-04-24T13:42:21&apos;
System info: host: &apos;Z3P7PUGDEV0010&apos;, ip: &apos;10.99.59.123&apos;, os.name: &apos;Windows 11&apos;, os.arch: &apos;amd64&apos;, os.version: &apos;10.0&apos;, java.version: &apos;19.0.1&apos;
Driver info: org.openqa.selenium.chrome.ChromeDriver
Capabilities {acceptInsecureCerts: false, browserName: chrome, browserVersion: 108.0.5359.95, chrome: {chromedriverVersion: 108.0.5359.71 (1e0e3868ee06..., userDataDir: E:\vkamalak\AppData\Local\T...}, goog:chromeOptions: {debuggerAddress: localhost:64442}, javascriptEnabled: true, networkConnectionEnabled: false, pageLoadStrategy: normal, platform: WINDOWS, platformName: WINDOWS, proxy: Proxy(), setWindowRect: true, strictFileInteractability: false, timeouts: {implicit: 0, pageLoad: 300000, script: 30000}, unhandledPromptBehavior: dismiss and notify, webauthn:extension:credBlob: true, webauthn:extension:largeBlob: true, webauthn:virtualAuthenticators: true}
Session ID: 1170805c131dcec72ee3a5e26fa2acc0
*** Element info: {Using=xpath, value=//*[@id=&apos;account|NoRelationship|HomePageGrid|Mscrm.HomepageGrid.account.NewRecord&apos;]}
	at org.openqa.selenium.remote.codec.w3c.W3CHttpResponseCodec.createException(W3CHttpResponseCodec.java:190)
	at org.openqa.selenium.remote.codec.w3c.W3CHttpResponseCodec.decode(W3CHttpResponseCodec.java:124)
	at org.openqa.selenium.remote.codec.w3c.W3CHttpResponseCodec.decode(W3CHttpResponseCodec.java:51)
	at org.openqa.selenium.remote.HttpCommandExecutor.execute(HttpCommandExecutor.java:161)
	at org.openqa.selenium.remote.service.DriverCommandExecutor.execute(DriverCommandExecutor.java:83)
	at org.openqa.selenium.remote.RemoteWebDriver.execute(RemoteWebDriver.java:577)
	at org.openqa.selenium.remote.RemoteWebDriver.findElement(RemoteWebDriver.java:328)
	at org.openqa.selenium.remote.RemoteWebDriver.findElementByXPath(RemoteWebDriver.java:446)
	at org.openqa.selenium.By$ByXPath.findElement(By.java:353)
	at org.openqa.selenium.remote.RemoteWebDriver.findElement(RemoteWebDriver.java:320)
	at org.openqa.selenium.support.events.EventFiringWebDriver.lambda$new$1(EventFiringWebDriver.java:106)
	at jdk.proxy2/jdk.proxy2.$Proxy11.findElement(Unknown Source)
	at org.openqa.selenium.support.events.EventFiringWebDriver.findElement(EventFiringWebDriver.java:195)
	at pages.AccountsPage.clickNewOnAccountsPage(AccountsPage.java:20)
	at testcases.Member.TestCase_7491.createMemberTP(TestCase_7491.java:25)
	... 28 more
... Removed 33 stack frames
</div> <!-- stack-trace -->
                </div> <!-- method-content -->
              </div> <!-- method -->
              <div class="method">
                <div class="method-content">
                  <a name="executeTestcase(org.testng.TestRunner@388ba540)">
                  </a> <!-- executeTestcase(org.testng.TestRunner@388ba540) -->
                  <span class="method-name">executeTestcase</span>
                  <span class="parameters">(org.testng.TestRunner@388ba540)</span>
                  <div class="stack-trace">java.lang.reflect.InvocationTargetException
	at driver.Driver.executeTestcase(Driver.java:78)
	at java.base/java.util.ArrayList.forEach(ArrayList.java:1511)
Caused by: org.openqa.selenium.NoSuchElementException: no such element: Unable to locate element: {&quot;method&quot;:&quot;xpath&quot;,&quot;selector&quot;:&quot;//*[@id=&apos;account|NoRelationship|HomePageGrid|Mscrm.HomepageGrid.account.NewRecord&apos;]&quot;}
  (Session info: chrome=108.0.5359.95)
For documentation on this error, please visit: https://www.seleniumhq.org/exceptions/no_such_element.html
Build info: version: &apos;4.0.0-alpha-1&apos;, revision: &apos;d1d3728cae&apos;, time: &apos;2019-04-24T13:42:21&apos;
System info: host: &apos;Z3P7PUGDEV0010&apos;, ip: &apos;10.99.59.123&apos;, os.name: &apos;Windows 11&apos;, os.arch: &apos;amd64&apos;, os.version: &apos;10.0&apos;, java.version: &apos;19.0.1&apos;
Driver info: org.openqa.selenium.chrome.ChromeDriver
Capabilities {acceptInsecureCerts: false, browserName: chrome, browserVersion: 108.0.5359.95, chrome: {chromedriverVersion: 108.0.5359.71 (1e0e3868ee06..., userDataDir: E:\vkamalak\AppData\Local\T...}, goog:chromeOptions: {debuggerAddress: localhost:64369}, javascriptEnabled: true, networkConnectionEnabled: false, pageLoadStrategy: normal, platform: WINDOWS, platformName: WINDOWS, proxy: Proxy(), setWindowRect: true, strictFileInteractability: false, timeouts: {implicit: 0, pageLoad: 300000, script: 30000}, unhandledPromptBehavior: dismiss and notify, webauthn:extension:credBlob: true, webauthn:extension:largeBlob: true, webauthn:virtualAuthenticators: true}
Session ID: 115e4616be04572ff23a2ef8c3158226
*** Element info: {Using=xpath, value=//*[@id=&apos;account|NoRelationship|HomePageGrid|Mscrm.HomepageGrid.account.NewRecord&apos;]}
	at org.openqa.selenium.remote.codec.w3c.W3CHttpResponseCodec.createException(W3CHttpResponseCodec.java:190)
	at org.openqa.selenium.remote.codec.w3c.W3CHttpResponseCodec.decode(W3CHttpResponseCodec.java:124)
	at org.openqa.selenium.remote.codec.w3c.W3CHttpResponseCodec.decode(W3CHttpResponseCodec.java:51)
	at org.openqa.selenium.remote.HttpCommandExecutor.execute(HttpCommandExecutor.java:161)
	at org.openqa.selenium.remote.service.DriverCommandExecutor.execute(DriverCommandExecutor.java:83)
	at org.openqa.selenium.remote.RemoteWebDriver.execute(RemoteWebDriver.java:577)
	at org.openqa.selenium.remote.RemoteWebDriver.findElement(RemoteWebDriver.java:328)
	at org.openqa.selenium.remote.RemoteWebDriver.findElementByXPath(RemoteWebDriver.java:446)
	at org.openqa.selenium.By$ByXPath.findElement(By.java:353)
	at org.openqa.selenium.remote.RemoteWebDriver.findElement(RemoteWebDriver.java:320)
	at org.openqa.selenium.support.events.EventFiringWebDriver.lambda$new$1(EventFiringWebDriver.java:106)
	at jdk.proxy2/jdk.proxy2.$Proxy11.findElement(Unknown Source)
	at org.openqa.selenium.support.events.EventFiringWebDriver.findElement(EventFiringWebDriver.java:195)
	at pages.AccountsPage.clickNewOnAccountsPage(AccountsPage.java:20)
	at testcases.Member.TestCase_7473.createMemberTP(TestCase_7473.java:27)
	... 28 more
... Removed 33 stack frames
</div> <!-- stack-trace -->
                </div> <!-- method-content -->
              </div> <!-- method -->
              <div class="method">
                <div class="method-content">
                  <a name="executeTestcase(org.testng.TestRunner@388ba540)">
                  </a> <!-- executeTestcase(org.testng.TestRunner@388ba540) -->
                  <span class="method-name">executeTestcase</span>
                  <span class="parameters">(org.testng.TestRunner@388ba540)</span>
                  <div class="stack-trace">java.lang.reflect.InvocationTargetException
	at driver.Driver.executeTestcase(Driver.java:78)
	at java.base/java.util.ArrayList.forEach(ArrayList.java:1511)
Caused by: org.openqa.selenium.NoSuchElementException: no such element: Unable to locate element: {&quot;method&quot;:&quot;xpath&quot;,&quot;selector&quot;:&quot;//*[@id=&apos;account|NoRelationship|HomePageGrid|Mscrm.HomepageGrid.account.NewRecord&apos;]&quot;}
  (Session info: chrome=108.0.5359.95)
For documentation on this error, please visit: https://www.seleniumhq.org/exceptions/no_such_element.html
Build info: version: &apos;4.0.0-alpha-1&apos;, revision: &apos;d1d3728cae&apos;, time: &apos;2019-04-24T13:42:21&apos;
System info: host: &apos;Z3P7PUGDEV0010&apos;, ip: &apos;10.99.59.123&apos;, os.name: &apos;Windows 11&apos;, os.arch: &apos;amd64&apos;, os.version: &apos;10.0&apos;, java.version: &apos;19.0.1&apos;
Driver info: org.openqa.selenium.chrome.ChromeDriver
Capabilities {acceptInsecureCerts: false, browserName: chrome, browserVersion: 108.0.5359.95, chrome: {chromedriverVersion: 108.0.5359.71 (1e0e3868ee06..., userDataDir: E:\vkamalak\AppData\Local\T...}, goog:chromeOptions: {debuggerAddress: localhost:64302}, javascriptEnabled: true, networkConnectionEnabled: false, pageLoadStrategy: normal, platform: WINDOWS, platformName: WINDOWS, proxy: Proxy(), setWindowRect: true, strictFileInteractability: false, timeouts: {implicit: 0, pageLoad: 300000, script: 30000}, unhandledPromptBehavior: dismiss and notify, webauthn:extension:credBlob: true, webauthn:extension:largeBlob: true, webauthn:virtualAuthenticators: true}
Session ID: b885121d7e703c47c599f1d4adbcaf3b
*** Element info: {Using=xpath, value=//*[@id=&apos;account|NoRelationship|HomePageGrid|Mscrm.HomepageGrid.account.NewRecord&apos;]}
	at org.openqa.selenium.remote.codec.w3c.W3CHttpResponseCodec.createException(W3CHttpResponseCodec.java:190)
	at org.openqa.selenium.remote.codec.w3c.W3CHttpResponseCodec.decode(W3CHttpResponseCodec.java:124)
	at org.openqa.selenium.remote.codec.w3c.W3CHttpResponseCodec.decode(W3CHttpResponseCodec.java:51)
	at org.openqa.selenium.remote.HttpCommandExecutor.execute(HttpCommandExecutor.java:161)
	at org.openqa.selenium.remote.service.DriverCommandExecutor.execute(DriverCommandExecutor.java:83)
	at org.openqa.selenium.remote.RemoteWebDriver.execute(RemoteWebDriver.java:577)
	at org.openqa.selenium.remote.RemoteWebDriver.findElement(RemoteWebDriver.java:328)
	at org.openqa.selenium.remote.RemoteWebDriver.findElementByXPath(RemoteWebDriver.java:446)
	at org.openqa.selenium.By$ByXPath.findElement(By.java:353)
	at org.openqa.selenium.remote.RemoteWebDriver.findElement(RemoteWebDriver.java:320)
	at org.openqa.selenium.support.events.EventFiringWebDriver.lambda$new$1(EventFiringWebDriver.java:106)
	at jdk.proxy2/jdk.proxy2.$Proxy11.findElement(Unknown Source)
	at org.openqa.selenium.support.events.EventFiringWebDriver.findElement(EventFiringWebDriver.java:195)
	at pages.AccountsPage.clickNewOnAccountsPage(AccountsPage.java:20)
	at testcases.Member.TestCase_7422.createMemberTP(TestCase_7422.java:27)
	... 28 more
... Removed 33 stack frames
</div> <!-- stack-trace -->
                </div> <!-- method-content -->
              </div> <!-- method -->
              <div class="method">
                <div class="method-content">
                  <a name="executeTestcase(org.testng.TestRunner@388ba540)">
                  </a> <!-- executeTestcase(org.testng.TestRunner@388ba540) -->
                  <span class="method-name">executeTestcase</span>
                  <span class="parameters">(org.testng.TestRunner@388ba540)</span>
                  <div class="stack-trace">java.lang.reflect.InvocationTargetException
	at driver.Driver.executeTestcase(Driver.java:78)
	at java.base/java.util.ArrayList.forEach(ArrayList.java:1511)
Caused by: org.openqa.selenium.NoSuchElementException: no such element: Unable to locate element: {&quot;method&quot;:&quot;xpath&quot;,&quot;selector&quot;:&quot;//*[@id=&apos;account|NoRelationship|HomePageGrid|Mscrm.HomepageGrid.account.NewRecord&apos;]&quot;}
  (Session info: chrome=108.0.5359.95)
For documentation on this error, please visit: https://www.seleniumhq.org/exceptions/no_such_element.html
Build info: version: &apos;4.0.0-alpha-1&apos;, revision: &apos;d1d3728cae&apos;, time: &apos;2019-04-24T13:42:21&apos;
System info: host: &apos;Z3P7PUGDEV0010&apos;, ip: &apos;10.99.59.123&apos;, os.name: &apos;Windows 11&apos;, os.arch: &apos;amd64&apos;, os.version: &apos;10.0&apos;, java.version: &apos;19.0.1&apos;
Driver info: org.openqa.selenium.chrome.ChromeDriver
Capabilities {acceptInsecureCerts: false, browserName: chrome, browserVersion: 108.0.5359.95, chrome: {chromedriverVersion: 108.0.5359.71 (1e0e3868ee06..., userDataDir: E:\vkamalak\AppData\Local\T...}, goog:chromeOptions: {debuggerAddress: localhost:64267}, javascriptEnabled: true, networkConnectionEnabled: false, pageLoadStrategy: normal, platform: WINDOWS, platformName: WINDOWS, proxy: Proxy(), setWindowRect: true, strictFileInteractability: false, timeouts: {implicit: 0, pageLoad: 300000, script: 30000}, unhandledPromptBehavior: dismiss and notify, webauthn:extension:credBlob: true, webauthn:extension:largeBlob: true, webauthn:virtualAuthenticators: true}
Session ID: cdb82e8276ba88021dee784246c847b5
*** Element info: {Using=xpath, value=//*[@id=&apos;account|NoRelationship|HomePageGrid|Mscrm.HomepageGrid.account.NewRecord&apos;]}
	at org.openqa.selenium.remote.codec.w3c.W3CHttpResponseCodec.createException(W3CHttpResponseCodec.java:190)
	at org.openqa.selenium.remote.codec.w3c.W3CHttpResponseCodec.decode(W3CHttpResponseCodec.java:124)
	at org.openqa.selenium.remote.codec.w3c.W3CHttpResponseCodec.decode(W3CHttpResponseCodec.java:51)
	at org.openqa.selenium.remote.HttpCommandExecutor.execute(HttpCommandExecutor.java:161)
	at org.openqa.selenium.remote.service.DriverCommandExecutor.execute(DriverCommandExecutor.java:83)
	at org.openqa.selenium.remote.RemoteWebDriver.execute(RemoteWebDriver.java:577)
	at org.openqa.selenium.remote.RemoteWebDriver.findElement(RemoteWebDriver.java:328)
	at org.openqa.selenium.remote.RemoteWebDriver.findElementByXPath(RemoteWebDriver.java:446)
	at org.openqa.selenium.By$ByXPath.findElement(By.java:353)
	at org.openqa.selenium.remote.RemoteWebDriver.findElement(RemoteWebDriver.java:320)
	at org.openqa.selenium.support.events.EventFiringWebDriver.lambda$new$1(EventFiringWebDriver.java:106)
	at jdk.proxy2/jdk.proxy2.$Proxy11.findElement(Unknown Source)
	at org.openqa.selenium.support.events.EventFiringWebDriver.findElement(EventFiringWebDriver.java:195)
	at pages.AccountsPage.clickNewOnAccountsPage(AccountsPage.java:20)
	at testcases.Member.TestCase_7421.createMemberTP(TestCase_7421.java:27)
	... 28 more
... Removed 33 stack frames
</div> <!-- stack-trace -->
                </div> <!-- method-content -->
              </div> <!-- method -->
              <div class="method">
                <div class="method-content">
                  <a name="executeTestcase(org.testng.TestRunner@388ba540)">
                  </a> <!-- executeTestcase(org.testng.TestRunner@388ba540) -->
                  <span class="method-name">executeTestcase</span>
                  <span class="parameters">(org.testng.TestRunner@388ba540)</span>
                  <div class="stack-trace">java.lang.reflect.InvocationTargetException
	at driver.Driver.executeTestcase(Driver.java:78)
	at java.base/java.util.ArrayList.forEach(ArrayList.java:1511)
Caused by: org.openqa.selenium.NoSuchElementException: no such element: Unable to locate element: {&quot;method&quot;:&quot;xpath&quot;,&quot;selector&quot;:&quot;//*[@id=&apos;account|NoRelationship|HomePageGrid|Mscrm.HomepageGrid.account.NewRecord&apos;]&quot;}
  (Session info: chrome=108.0.5359.95)
For documentation on this error, please visit: https://www.seleniumhq.org/exceptions/no_such_element.html
Build info: version: &apos;4.0.0-alpha-1&apos;, revision: &apos;d1d3728cae&apos;, time: &apos;2019-04-24T13:42:21&apos;
System info: host: &apos;Z3P7PUGDEV0010&apos;, ip: &apos;10.99.59.123&apos;, os.name: &apos;Windows 11&apos;, os.arch: &apos;amd64&apos;, os.version: &apos;10.0&apos;, java.version: &apos;19.0.1&apos;
Driver info: org.openqa.selenium.chrome.ChromeDriver
Capabilities {acceptInsecureCerts: false, browserName: chrome, browserVersion: 108.0.5359.95, chrome: {chromedriverVersion: 108.0.5359.71 (1e0e3868ee06..., userDataDir: E:\vkamalak\AppData\Local\T...}, goog:chromeOptions: {debuggerAddress: localhost:64336}, javascriptEnabled: true, networkConnectionEnabled: false, pageLoadStrategy: normal, platform: WINDOWS, platformName: WINDOWS, proxy: Proxy(), setWindowRect: true, strictFileInteractability: false, timeouts: {implicit: 0, pageLoad: 300000, script: 30000}, unhandledPromptBehavior: dismiss and notify, webauthn:extension:credBlob: true, webauthn:extension:largeBlob: true, webauthn:virtualAuthenticators: true}
Session ID: 77e1e09f105d9854c9f5c584b8b522d1
*** Element info: {Using=xpath, value=//*[@id=&apos;account|NoRelationship|HomePageGrid|Mscrm.HomepageGrid.account.NewRecord&apos;]}
	at org.openqa.selenium.remote.codec.w3c.W3CHttpResponseCodec.createException(W3CHttpResponseCodec.java:190)
	at org.openqa.selenium.remote.codec.w3c.W3CHttpResponseCodec.decode(W3CHttpResponseCodec.java:124)
	at org.openqa.selenium.remote.codec.w3c.W3CHttpResponseCodec.decode(W3CHttpResponseCodec.java:51)
	at org.openqa.selenium.remote.HttpCommandExecutor.execute(HttpCommandExecutor.java:161)
	at org.openqa.selenium.remote.service.DriverCommandExecutor.execute(DriverCommandExecutor.java:83)
	at org.openqa.selenium.remote.RemoteWebDriver.execute(RemoteWebDriver.java:577)
	at org.openqa.selenium.remote.RemoteWebDriver.findElement(RemoteWebDriver.java:328)
	at org.openqa.selenium.remote.RemoteWebDriver.findElementByXPath(RemoteWebDriver.java:446)
	at org.openqa.selenium.By$ByXPath.findElement(By.java:353)
	at org.openqa.selenium.remote.RemoteWebDriver.findElement(RemoteWebDriver.java:320)
	at org.openqa.selenium.support.events.EventFiringWebDriver.lambda$new$1(EventFiringWebDriver.java:106)
	at jdk.proxy2/jdk.proxy2.$Proxy11.findElement(Unknown Source)
	at org.openqa.selenium.support.events.EventFiringWebDriver.findElement(EventFiringWebDriver.java:195)
	at pages.AccountsPage.clickNewOnAccountsPage(AccountsPage.java:20)
	at testcases.Member.TestCase_7423.createMemberTP(TestCase_7423.java:27)
	... 28 more
... Removed 33 stack frames
</div> <!-- stack-trace -->
                </div> <!-- method-content -->
              </div> <!-- method -->
              <div class="method">
                <div class="method-content">
                  <a name="executeTestcase(org.testng.TestRunner@388ba540)">
                  </a> <!-- executeTestcase(org.testng.TestRunner@388ba540) -->
                  <span class="method-name">executeTestcase</span>
                  <span class="parameters">(org.testng.TestRunner@388ba540)</span>
                  <div class="stack-trace">java.lang.reflect.InvocationTargetException
	at driver.Driver.executeTestcase(Driver.java:78)
	at java.base/java.util.ArrayList.forEach(ArrayList.java:1511)
Caused by: org.openqa.selenium.NoSuchElementException: no such element: Unable to locate element: {&quot;method&quot;:&quot;css selector&quot;,&quot;selector&quot;:&quot;#NavBarGloablQuickCreate&quot;}
  (Session info: chrome=108.0.5359.95)
For documentation on this error, please visit: https://www.seleniumhq.org/exceptions/no_such_element.html
Build info: version: &apos;4.0.0-alpha-1&apos;, revision: &apos;d1d3728cae&apos;, time: &apos;2019-04-24T13:42:21&apos;
System info: host: &apos;Z3P7PUGDEV0010&apos;, ip: &apos;10.99.59.123&apos;, os.name: &apos;Windows 11&apos;, os.arch: &apos;amd64&apos;, os.version: &apos;10.0&apos;, java.version: &apos;19.0.1&apos;
Driver info: org.openqa.selenium.chrome.ChromeDriver
Capabilities {acceptInsecureCerts: false, browserName: chrome, browserVersion: 108.0.5359.95, chrome: {chromedriverVersion: 108.0.5359.71 (1e0e3868ee06..., userDataDir: E:\vkamalak\AppData\Local\T...}, goog:chromeOptions: {debuggerAddress: localhost:64008}, javascriptEnabled: true, networkConnectionEnabled: false, pageLoadStrategy: normal, platform: WINDOWS, platformName: WINDOWS, proxy: Proxy(), setWindowRect: true, strictFileInteractability: false, timeouts: {implicit: 0, pageLoad: 300000, script: 30000}, unhandledPromptBehavior: dismiss and notify, webauthn:extension:credBlob: true, webauthn:extension:largeBlob: true, webauthn:virtualAuthenticators: true}
Session ID: a637fcc95c44075b9853b56d9b622301
*** Element info: {Using=id, value=NavBarGloablQuickCreate}
	at org.openqa.selenium.remote.codec.w3c.W3CHttpResponseCodec.createException(W3CHttpResponseCodec.java:190)
	at org.openqa.selenium.remote.codec.w3c.W3CHttpResponseCodec.decode(W3CHttpResponseCodec.java:124)
	at org.openqa.selenium.remote.codec.w3c.W3CHttpResponseCodec.decode(W3CHttpResponseCodec.java:51)
	at org.openqa.selenium.remote.HttpCommandExecutor.execute(HttpCommandExecutor.java:161)
	at org.openqa.selenium.remote.service.DriverCommandExecutor.execute(DriverCommandExecutor.java:83)
	at org.openqa.selenium.remote.RemoteWebDriver.execute(RemoteWebDriver.java:577)
	at org.openqa.selenium.remote.RemoteWebDriver.findElement(RemoteWebDriver.java:328)
	at org.openqa.selenium.remote.RemoteWebDriver.findElementById(RemoteWebDriver.java:376)
	at org.openqa.selenium.By$ById.findElement(By.java:188)
	at org.openqa.selenium.remote.RemoteWebDriver.findElement(RemoteWebDriver.java:320)
	at org.openqa.selenium.support.events.EventFiringWebDriver.lambda$new$1(EventFiringWebDriver.java:106)
	at jdk.proxy2/jdk.proxy2.$Proxy11.findElement(Unknown Source)
	at org.openqa.selenium.support.events.EventFiringWebDriver.findElement(EventFiringWebDriver.java:195)
	at pages.MemberFormPage.selectMembershipProviderType1(MemberFormPage.java:2561)
	at testcases.Member.TestCase_7312.createMemberTP(TestCase_7312.java:103)
	... 28 more
... Removed 33 stack frames
</div> <!-- stack-trace -->
                </div> <!-- method-content -->
              </div> <!-- method -->
            </div> <!-- main-panel-content rounded-window-bottom -->
          </div> <!-- suite-Suite-class-failed -->
          <div class="suite-Suite-class-skipped">
            <div class="main-panel-header rounded-window-top">
              <img src="skipped.png"/>
              <span class="class-name">driver.Driver</span>
            </div> <!-- main-panel-header rounded-window-top -->
            <div class="main-panel-content rounded-window-bottom">
              <div class="method">
                <div class="method-content">
                  <a name="executeTestcase(org.testng.TestRunner@388ba540)">
                  </a> <!-- executeTestcase(org.testng.TestRunner@388ba540) -->
                  <span class="method-name">executeTestcase</span>
                  <span class="parameters">(org.testng.TestRunner@388ba540)</span>
                  <div class="stack-trace">org.testng.SkipException: Skipping execution for  :TFS ID_7150: Create new Shipto to main account conversion
	at driver.Driver.executeTestcase(Driver.java:83)
	at java.base/java.util.ArrayList.forEach(ArrayList.java:1511)
... Removed 25 stack frames
</div> <!-- stack-trace -->
                </div> <!-- method-content -->
              </div> <!-- method -->
              <div class="method">
                <div class="method-content">
                  <a name="executeTestcase(org.testng.TestRunner@388ba540)">
                  </a> <!-- executeTestcase(org.testng.TestRunner@388ba540) -->
                  <span class="method-name">executeTestcase</span>
                  <span class="parameters">(org.testng.TestRunner@388ba540)</span>
                  <div class="stack-trace">org.testng.SkipException: Skipping execution for  :TFS ID_7139:Create new member - New Member entry form through sub account and save it as prospect first
	at driver.Driver.executeTestcase(Driver.java:83)
	at java.base/java.util.ArrayList.forEach(ArrayList.java:1511)
... Removed 25 stack frames
</div> <!-- stack-trace -->
                </div> <!-- method-content -->
              </div> <!-- method -->
              <div class="method">
                <div class="method-content">
                  <a name="executeTestcase(org.testng.TestRunner@388ba540)">
                  </a> <!-- executeTestcase(org.testng.TestRunner@388ba540) -->
                  <span class="method-name">executeTestcase</span>
                  <span class="parameters">(org.testng.TestRunner@388ba540)</span>
                  <div class="stack-trace">org.testng.SkipException: Skipping execution for  :TFS ID_ 44712:Verify a member record can be created and published by a Member - Positive case
	at driver.Driver.executeTestcase(Driver.java:83)
	at java.base/java.util.ArrayList.forEach(ArrayList.java:1511)
... Removed 25 stack frames
</div> <!-- stack-trace -->
                </div> <!-- method-content -->
              </div> <!-- method -->
              <div class="method">
                <div class="method-content">
                  <a name="executeTestcase(org.testng.TestRunner@388ba540)">
                  </a> <!-- executeTestcase(org.testng.TestRunner@388ba540) -->
                  <span class="method-name">executeTestcase</span>
                  <span class="parameters">(org.testng.TestRunner@388ba540)</span>
                  <div class="stack-trace">org.testng.SkipException: Skipping execution for  :TFS ID_43980:Test Case 11064 :Verify when a Supplier is end dated, the End Reason  defaults to &apos;Change&apos; automatically
	at driver.Driver.executeTestcase(Driver.java:83)
	at java.base/java.util.ArrayList.forEach(ArrayList.java:1511)
... Removed 25 stack frames
</div> <!-- stack-trace -->
                </div> <!-- method-content -->
              </div> <!-- method -->
              <div class="method">
                <div class="method-content">
                  <a name="executeTestcase(org.testng.TestRunner@388ba540)">
                  </a> <!-- executeTestcase(org.testng.TestRunner@388ba540) -->
                  <span class="method-name">executeTestcase</span>
                  <span class="parameters">(org.testng.TestRunner@388ba540)</span>
                  <div class="stack-trace">org.testng.SkipException: Skipping execution for  :TFS ID_45282:Verify whether invalid date\time error is not thrown on published location type account without TPRD moved to draft
	at driver.Driver.executeTestcase(Driver.java:83)
	at java.base/java.util.ArrayList.forEach(ArrayList.java:1511)
... Removed 25 stack frames
</div> <!-- stack-trace -->
                </div> <!-- method-content -->
              </div> <!-- method -->
              <div class="method">
                <div class="method-content">
                  <a name="executeTestcase(org.testng.TestRunner@388ba540)">
                  </a> <!-- executeTestcase(org.testng.TestRunner@388ba540) -->
                  <span class="method-name">executeTestcase</span>
                  <span class="parameters">(org.testng.TestRunner@388ba540)</span>
                  <div class="stack-trace">org.testng.SkipException: Skipping execution for  :TFS ID_7146:Create new Shipto account - New Member form and Save it as prospect first
	at driver.Driver.executeTestcase(Driver.java:83)
	at java.base/java.util.ArrayList.forEach(ArrayList.java:1511)
... Removed 25 stack frames
</div> <!-- stack-trace -->
                </div> <!-- method-content -->
              </div> <!-- method -->
              <div class="method">
                <div class="method-content">
                  <a name="executeTestcase(org.testng.TestRunner@388ba540)">
                  </a> <!-- executeTestcase(org.testng.TestRunner@388ba540) -->
                  <span class="method-name">executeTestcase</span>
                  <span class="parameters">(org.testng.TestRunner@388ba540)</span>
                  <div class="stack-trace">org.testng.SkipException: Skipping execution for  :TFS ID_45307:Verify if Accounts cannot be created directly in Terminated Status.
	at driver.Driver.executeTestcase(Driver.java:83)
	at java.base/java.util.ArrayList.forEach(ArrayList.java:1511)
... Removed 25 stack frames
</div> <!-- stack-trace -->
                </div> <!-- method-content -->
              </div> <!-- method -->
              <div class="method">
                <div class="method-content">
                  <a name="executeTestcase(org.testng.TestRunner@388ba540)">
                  </a> <!-- executeTestcase(org.testng.TestRunner@388ba540) -->
                  <span class="method-name">executeTestcase</span>
                  <span class="parameters">(org.testng.TestRunner@388ba540)</span>
                  <div class="stack-trace">org.testng.SkipException: Skipping execution for  :TFS ID_7152: Create new Mail to account - New Member form and Save it as prospect first
	at driver.Driver.executeTestcase(Driver.java:83)
	at java.base/java.util.ArrayList.forEach(ArrayList.java:1511)
... Removed 25 stack frames
</div> <!-- stack-trace -->
                </div> <!-- method-content -->
              </div> <!-- method -->
              <div class="method">
                <div class="method-content">
                  <a name="executeTestcase(org.testng.TestRunner@388ba540)">
                  </a> <!-- executeTestcase(org.testng.TestRunner@388ba540) -->
                  <span class="method-name">executeTestcase</span>
                  <span class="parameters">(org.testng.TestRunner@388ba540)</span>
                  <div class="stack-trace">org.testng.SkipException: Skipping execution for  :TFS ID_45332:Verify whether &quot;Cater&quot; is available in the &quot;Participation Type&quot; Field in Member Form and Member Entry Form.
	at driver.Driver.executeTestcase(Driver.java:83)
	at java.base/java.util.ArrayList.forEach(ArrayList.java:1511)
... Removed 25 stack frames
</div> <!-- stack-trace -->
                </div> <!-- method-content -->
              </div> <!-- method -->
              <div class="method">
                <div class="method-content">
                  <a name="executeTestcase(org.testng.TestRunner@388ba540)">
                  </a> <!-- executeTestcase(org.testng.TestRunner@388ba540) -->
                  <span class="method-name">executeTestcase</span>
                  <span class="parameters">(org.testng.TestRunner@388ba540)</span>
                  <div class="stack-trace">org.testng.SkipException: Skipping execution for  :TFS ID_44856:Verify whether On Changing Back and Forth &quot;Is Top Parent&quot;, Corporate Parent Relation Date Should Not Be Changed
	at driver.Driver.executeTestcase(Driver.java:83)
	at java.base/java.util.ArrayList.forEach(ArrayList.java:1511)
... Removed 25 stack frames
</div> <!-- stack-trace -->
                </div> <!-- method-content -->
              </div> <!-- method -->
              <div class="method">
                <div class="method-content">
                  <a name="executeTestcase(org.testng.TestRunner@388ba540)">
                  </a> <!-- executeTestcase(org.testng.TestRunner@388ba540) -->
                  <span class="method-name">executeTestcase</span>
                  <span class="parameters">(org.testng.TestRunner@388ba540)</span>
                  <div class="stack-trace">org.testng.SkipException: Skipping execution for  :TFS ID_43986:Test Case 9315 :Verify terminated supplier can not have DP without EIN
	at driver.Driver.executeTestcase(Driver.java:83)
	at java.base/java.util.ArrayList.forEach(ArrayList.java:1511)
... Removed 25 stack frames
</div> <!-- stack-trace -->
                </div> <!-- method-content -->
              </div> <!-- method -->
              <div class="method">
                <div class="method-content">
                  <a name="executeTestcase(org.testng.TestRunner@388ba540)">
                  </a> <!-- executeTestcase(org.testng.TestRunner@388ba540) -->
                  <span class="method-name">executeTestcase</span>
                  <span class="parameters">(org.testng.TestRunner@388ba540)</span>
                  <div class="stack-trace">org.testng.SkipException: Skipping execution for  :TFS ID_44715:Verify date validation triggers when Ship to accounts converted to Member
	at driver.Driver.executeTestcase(Driver.java:83)
	at java.base/java.util.ArrayList.forEach(ArrayList.java:1511)
... Removed 25 stack frames
</div> <!-- stack-trace -->
                </div> <!-- method-content -->
              </div> <!-- method -->
              <div class="method">
                <div class="method-content">
                  <a name="executeTestcase(org.testng.TestRunner@388ba540)">
                  </a> <!-- executeTestcase(org.testng.TestRunner@388ba540) -->
                  <span class="method-name">executeTestcase</span>
                  <span class="parameters">(org.testng.TestRunner@388ba540)</span>
                  <div class="stack-trace">org.testng.SkipException: Skipping execution for  :TFS ID_7144:Create new Top Parent member - New Member form and Save it as Member first
	at driver.Driver.executeTestcase(Driver.java:83)
	at java.base/java.util.ArrayList.forEach(ArrayList.java:1511)
... Removed 25 stack frames
</div> <!-- stack-trace -->
                </div> <!-- method-content -->
              </div> <!-- method -->
              <div class="method">
                <div class="method-content">
                  <a name="executeTestcase(org.testng.TestRunner@388ba540)">
                  </a> <!-- executeTestcase(org.testng.TestRunner@388ba540) -->
                  <span class="method-name">executeTestcase</span>
                  <span class="parameters">(org.testng.TestRunner@388ba540)</span>
                  <div class="stack-trace">org.testng.SkipException: Skipping execution for  :TFS ID_7143:Create new Top Parent member - New Member form and Save it as prospect first
	at driver.Driver.executeTestcase(Driver.java:83)
	at java.base/java.util.ArrayList.forEach(ArrayList.java:1511)
... Removed 25 stack frames
</div> <!-- stack-trace -->
                </div> <!-- method-content -->
              </div> <!-- method -->
              <div class="method">
                <div class="method-content">
                  <a name="executeTestcase(org.testng.TestRunner@388ba540)">
                  </a> <!-- executeTestcase(org.testng.TestRunner@388ba540) -->
                  <span class="method-name">executeTestcase</span>
                  <span class="parameters">(org.testng.TestRunner@388ba540)</span>
                  <div class="stack-trace">org.testng.SkipException: Skipping execution for  :TFS ID_45285:Verify whether the TPR is getting saved properly when DP change to different hierarchy
	at driver.Driver.executeTestcase(Driver.java:83)
	at java.base/java.util.ArrayList.forEach(ArrayList.java:1511)
... Removed 25 stack frames
</div> <!-- stack-trace -->
                </div> <!-- method-content -->
              </div> <!-- method -->
              <div class="method">
                <div class="method-content">
                  <a name="executeTestcase(org.testng.TestRunner@388ba540)">
                  </a> <!-- executeTestcase(org.testng.TestRunner@388ba540) -->
                  <span class="method-name">executeTestcase</span>
                  <span class="parameters">(org.testng.TestRunner@388ba540)</span>
                  <div class="stack-trace">org.testng.SkipException: Skipping execution for  :TFS ID_45303:Verify Global search results to include Location type when searching with Account EIN numbers
	at driver.Driver.executeTestcase(Driver.java:83)
	at java.base/java.util.ArrayList.forEach(ArrayList.java:1511)
... Removed 25 stack frames
</div> <!-- stack-trace -->
                </div> <!-- method-content -->
              </div> <!-- method -->
              <div class="method">
                <div class="method-content">
                  <a name="executeTestcase(org.testng.TestRunner@388ba540)">
                  </a> <!-- executeTestcase(org.testng.TestRunner@388ba540) -->
                  <span class="method-name">executeTestcase</span>
                  <span class="parameters">(org.testng.TestRunner@388ba540)</span>
                  <div class="stack-trace">org.testng.SkipException: Skipping execution for  :TFS ID_7138:Create new member - New Member form through sub account and save it as prospect first
	at driver.Driver.executeTestcase(Driver.java:83)
	at java.base/java.util.ArrayList.forEach(ArrayList.java:1511)
... Removed 25 stack frames
</div> <!-- stack-trace -->
                </div> <!-- method-content -->
              </div> <!-- method -->
              <div class="method">
                <div class="method-content">
                  <a name="executeTestcase(org.testng.TestRunner@388ba540)">
                  </a> <!-- executeTestcase(org.testng.TestRunner@388ba540) -->
                  <span class="method-name">executeTestcase</span>
                  <span class="parameters">(org.testng.TestRunner@388ba540)</span>
                  <div class="stack-trace">org.testng.SkipException: Skipping execution for  :TFS ID_ 4547:Verify if primary account of a contact has been changed then other associated Contact account association should not get end dated/terminated
	at driver.Driver.executeTestcase(Driver.java:83)
	at java.base/java.util.ArrayList.forEach(ArrayList.java:1511)
... Removed 25 stack frames
</div> <!-- stack-trace -->
                </div> <!-- method-content -->
              </div> <!-- method -->
              <div class="method">
                <div class="method-content">
                  <a name="executeTestcase(org.testng.TestRunner@388ba540)">
                  </a> <!-- executeTestcase(org.testng.TestRunner@388ba540) -->
                  <span class="method-name">executeTestcase</span>
                  <span class="parameters">(org.testng.TestRunner@388ba540)</span>
                  <div class="stack-trace">org.testng.SkipException: Skipping execution for  :TFS ID_7151:Create new Bill to account - New Member form and Save it as prospect first
	at driver.Driver.executeTestcase(Driver.java:83)
	at java.base/java.util.ArrayList.forEach(ArrayList.java:1511)
... Removed 25 stack frames
</div> <!-- stack-trace -->
                </div> <!-- method-content -->
              </div> <!-- method -->
              <div class="method">
                <div class="method-content">
                  <a name="executeTestcase(org.testng.TestRunner@388ba540)">
                  </a> <!-- executeTestcase(org.testng.TestRunner@388ba540) -->
                  <span class="method-name">executeTestcase</span>
                  <span class="parameters">(org.testng.TestRunner@388ba540)</span>
                  <div class="stack-trace">org.testng.SkipException: Skipping execution for  :TFS ID_45292:Verify whether user is able to &quot;deactivate&quot; Premier Membership in Published state when there is no other active Premier Membership.
	at driver.Driver.executeTestcase(Driver.java:83)
	at java.base/java.util.ArrayList.forEach(ArrayList.java:1511)
... Removed 25 stack frames
</div> <!-- stack-trace -->
                </div> <!-- method-content -->
              </div> <!-- method -->
              <div class="method">
                <div class="method-content">
                  <a name="executeTestcase(org.testng.TestRunner@388ba540)">
                  </a> <!-- executeTestcase(org.testng.TestRunner@388ba540) -->
                  <span class="method-name">executeTestcase</span>
                  <span class="parameters">(org.testng.TestRunner@388ba540)</span>
                  <div class="stack-trace">org.testng.SkipException: Skipping execution for  :TFS ID_45287:Validate Top Parent Relationship Date Change
	at driver.Driver.executeTestcase(Driver.java:83)
	at java.base/java.util.ArrayList.forEach(ArrayList.java:1511)
... Removed 25 stack frames
</div> <!-- stack-trace -->
                </div> <!-- method-content -->
              </div> <!-- method -->
              <div class="method">
                <div class="method-content">
                  <a name="executeTestcase(org.testng.TestRunner@388ba540)">
                  </a> <!-- executeTestcase(org.testng.TestRunner@388ba540) -->
                  <span class="method-name">executeTestcase</span>
                  <span class="parameters">(org.testng.TestRunner@388ba540)</span>
                  <div class="stack-trace">org.testng.SkipException: Skipping execution for  :TFS ID_45302:Validate Top Parent Relationship Date and top parent exception logic
	at driver.Driver.executeTestcase(Driver.java:83)
	at java.base/java.util.ArrayList.forEach(ArrayList.java:1511)
... Removed 25 stack frames
</div> <!-- stack-trace -->
                </div> <!-- method-content -->
              </div> <!-- method -->
              <div class="method">
                <div class="method-content">
                  <a name="executeTestcase(org.testng.TestRunner@388ba540)">
                  </a> <!-- executeTestcase(org.testng.TestRunner@388ba540) -->
                  <span class="method-name">executeTestcase</span>
                  <span class="parameters">(org.testng.TestRunner@388ba540)</span>
                  <div class="stack-trace">org.testng.SkipException: Skipping execution for  :TFS ID_ 44713:Verify a member record can be created and published by a Member Supervisor - Positive case
	at driver.Driver.executeTestcase(Driver.java:83)
	at java.base/java.util.ArrayList.forEach(ArrayList.java:1511)
... Removed 25 stack frames
</div> <!-- stack-trace -->
                </div> <!-- method-content -->
              </div> <!-- method -->
              <div class="method">
                <div class="method-content">
                  <a name="executeTestcase(org.testng.TestRunner@388ba540)">
                  </a> <!-- executeTestcase(org.testng.TestRunner@388ba540) -->
                  <span class="method-name">executeTestcase</span>
                  <span class="parameters">(org.testng.TestRunner@388ba540)</span>
                  <div class="stack-trace">org.testng.SkipException: Skipping execution for  :TFS ID_ 4548: Verify if duplicate contact account association cannot be created for any contact
	at driver.Driver.executeTestcase(Driver.java:83)
	at java.base/java.util.ArrayList.forEach(ArrayList.java:1511)
... Removed 25 stack frames
</div> <!-- stack-trace -->
                </div> <!-- method-content -->
              </div> <!-- method -->
              <div class="method">
                <div class="method-content">
                  <a name="executeTestcase(org.testng.TestRunner@388ba540)">
                  </a> <!-- executeTestcase(org.testng.TestRunner@388ba540) -->
                  <span class="method-name">executeTestcase</span>
                  <span class="parameters">(org.testng.TestRunner@388ba540)</span>
                  <div class="stack-trace">org.testng.SkipException: Skipping execution for  :TFS ID_45321:Verify DP Relation Date is cleared if Is Top Parent Is Set to Yes
	at driver.Driver.executeTestcase(Driver.java:83)
	at java.base/java.util.ArrayList.forEach(ArrayList.java:1511)
... Removed 25 stack frames
</div> <!-- stack-trace -->
                </div> <!-- method-content -->
              </div> <!-- method -->
              <div class="method">
                <div class="method-content">
                  <a name="executeTestcase(org.testng.TestRunner@388ba540)">
                  </a> <!-- executeTestcase(org.testng.TestRunner@388ba540) -->
                  <span class="method-name">executeTestcase</span>
                  <span class="parameters">(org.testng.TestRunner@388ba540)</span>
                  <div class="stack-trace">org.testng.SkipException: Skipping execution for  :TFS ID_440131:Automation Test Case 6064 :Cloud: #Members field should be available in Member Form and removed from Supplier Form
	at driver.Driver.executeTestcase(Driver.java:83)
	at java.base/java.util.ArrayList.forEach(ArrayList.java:1511)
... Removed 25 stack frames
</div> <!-- stack-trace -->
                </div> <!-- method-content -->
              </div> <!-- method -->
              <div class="method">
                <div class="method-content">
                  <a name="executeTestcase(org.testng.TestRunner@388ba540)">
                  </a> <!-- executeTestcase(org.testng.TestRunner@388ba540) -->
                  <span class="method-name">executeTestcase</span>
                  <span class="parameters">(org.testng.TestRunner@388ba540)</span>
                  <div class="stack-trace">org.testng.SkipException: Skipping execution for  :TFS ID_45309: Verify whether DP Exception Reason is not required, while creating new account from sub account entity
	at driver.Driver.executeTestcase(Driver.java:83)
	at java.base/java.util.ArrayList.forEach(ArrayList.java:1511)
... Removed 25 stack frames
</div> <!-- stack-trace -->
                </div> <!-- method-content -->
              </div> <!-- method -->
              <div class="method">
                <div class="method-content">
                  <a name="executeTestcase(org.testng.TestRunner@388ba540)">
                  </a> <!-- executeTestcase(org.testng.TestRunner@388ba540) -->
                  <span class="method-name">executeTestcase</span>
                  <span class="parameters">(org.testng.TestRunner@388ba540)</span>
                  <div class="stack-trace">org.testng.SkipException: Skipping execution for  :TFS ID_44710:Verify when ship to account converted to main account, CP and FSP updated.
	at driver.Driver.executeTestcase(Driver.java:83)
	at java.base/java.util.ArrayList.forEach(ArrayList.java:1511)
... Removed 25 stack frames
</div> <!-- stack-trace -->
                </div> <!-- method-content -->
              </div> <!-- method -->
              <div class="method">
                <div class="method-content">
                  <a name="executeTestcase(org.testng.TestRunner@388ba540)">
                  </a> <!-- executeTestcase(org.testng.TestRunner@388ba540) -->
                  <span class="method-name">executeTestcase</span>
                  <span class="parameters">(org.testng.TestRunner@388ba540)</span>
                  <div class="stack-trace">org.testng.SkipException: Skipping execution for  :TFS ID_44754:Verify whether Member User is able to publish and modify existing editable fields with out throwing any error on save
	at driver.Driver.executeTestcase(Driver.java:83)
	at java.base/java.util.ArrayList.forEach(ArrayList.java:1511)
... Removed 25 stack frames
</div> <!-- stack-trace -->
                </div> <!-- method-content -->
              </div> <!-- method -->
              <div class="method">
                <div class="method-content">
                  <a name="executeTestcase(org.testng.TestRunner@388ba540)">
                  </a> <!-- executeTestcase(org.testng.TestRunner@388ba540) -->
                  <span class="method-name">executeTestcase</span>
                  <span class="parameters">(org.testng.TestRunner@388ba540)</span>
                  <div class="stack-trace">org.testng.SkipException: Skipping execution for  :TFS ID_44009:Test Case 8519 :Verify whether user should be able to update Premier Start date for the &quot;Supplier&quot; via Membership Entity
	at driver.Driver.executeTestcase(Driver.java:83)
	at java.base/java.util.ArrayList.forEach(ArrayList.java:1511)
... Removed 25 stack frames
</div> <!-- stack-trace -->
                </div> <!-- method-content -->
              </div> <!-- method -->
              <div class="method">
                <div class="method-content">
                  <a name="executeTestcase(org.testng.TestRunner@388ba540)">
                  </a> <!-- executeTestcase(org.testng.TestRunner@388ba540) -->
                  <span class="method-name">executeTestcase</span>
                  <span class="parameters">(org.testng.TestRunner@388ba540)</span>
                  <div class="stack-trace">org.testng.SkipException: Skipping execution for  :TFS ID_ 5136:Restrict when user enters blank job function in Contact account associations
	at driver.Driver.executeTestcase(Driver.java:83)
	at java.base/java.util.ArrayList.forEach(ArrayList.java:1511)
... Removed 25 stack frames
</div> <!-- stack-trace -->
                </div> <!-- method-content -->
              </div> <!-- method -->
              <div class="method">
                <div class="method-content">
                  <a name="executeTestcase(org.testng.TestRunner@388ba540)">
                  </a> <!-- executeTestcase(org.testng.TestRunner@388ba540) -->
                  <span class="method-name">executeTestcase</span>
                  <span class="parameters">(org.testng.TestRunner@388ba540)</span>
                  <div class="stack-trace">org.testng.SkipException: Skipping execution for  :TFS ID_45308:Verify user should not be allowed to change the account status to Active manually when Premier End date is present
	at driver.Driver.executeTestcase(Driver.java:83)
	at java.base/java.util.ArrayList.forEach(ArrayList.java:1511)
... Removed 25 stack frames
</div> <!-- stack-trace -->
                </div> <!-- method-content -->
              </div> <!-- method -->
              <div class="method">
                <div class="method-content">
                  <a name="executeTestcase(org.testng.TestRunner@388ba540)">
                  </a> <!-- executeTestcase(org.testng.TestRunner@388ba540) -->
                  <span class="method-name">executeTestcase</span>
                  <span class="parameters">(org.testng.TestRunner@388ba540)</span>
                  <div class="stack-trace">org.testng.SkipException: Skipping execution for  :TFS ID_45334:Verify whether &quot;Provider Select: MD&quot; Field is available in Member and Member Entry Forms.
	at driver.Driver.executeTestcase(Driver.java:83)
	at java.base/java.util.ArrayList.forEach(ArrayList.java:1511)
... Removed 25 stack frames
</div> <!-- stack-trace -->
                </div> <!-- method-content -->
              </div> <!-- method -->
              <div class="method">
                <div class="method-content">
                  <a name="executeTestcase(org.testng.TestRunner@388ba540)">
                  </a> <!-- executeTestcase(org.testng.TestRunner@388ba540) -->
                  <span class="method-name">executeTestcase</span>
                  <span class="parameters">(org.testng.TestRunner@388ba540)</span>
                  <div class="stack-trace">org.testng.SkipException: Skipping execution for  :TFS ID_45311:Verify whether child Account cannot be published if DP does not have entity code
	at driver.Driver.executeTestcase(Driver.java:83)
	at java.base/java.util.ArrayList.forEach(ArrayList.java:1511)
... Removed 25 stack frames
</div> <!-- stack-trace -->
                </div> <!-- method-content -->
              </div> <!-- method -->
              <div class="method">
                <div class="method-content">
                  <a name="executeTestcase(org.testng.TestRunner@388ba540)">
                  </a> <!-- executeTestcase(org.testng.TestRunner@388ba540) -->
                  <span class="method-name">executeTestcase</span>
                  <span class="parameters">(org.testng.TestRunner@388ba540)</span>
                  <div class="stack-trace">org.testng.SkipException: Skipping execution for  :TFS ID_43706: 11232: Cloud: Verify warning message is displayed when there is any DP change of an account with children (non location type)
	at driver.Driver.executeTestcase(Driver.java:83)
	at java.base/java.util.ArrayList.forEach(ArrayList.java:1511)
... Removed 25 stack frames
</div> <!-- stack-trace -->
                </div> <!-- method-content -->
              </div> <!-- method -->
              <div class="method">
                <div class="method-content">
                  <a name="executeTestcase(org.testng.TestRunner@388ba540)">
                  </a> <!-- executeTestcase(org.testng.TestRunner@388ba540) -->
                  <span class="method-name">executeTestcase</span>
                  <span class="parameters">(org.testng.TestRunner@388ba540)</span>
                  <div class="stack-trace">org.testng.SkipException: Skipping execution for  :TFS ID_ 4549:Verify once the Contact&apos;s relationship end date is updated then its job function and communications should get terminated
	at driver.Driver.executeTestcase(Driver.java:83)
	at java.base/java.util.ArrayList.forEach(ArrayList.java:1511)
... Removed 25 stack frames
</div> <!-- stack-trace -->
                </div> <!-- method-content -->
              </div> <!-- method -->
              <div class="method">
                <div class="method-content">
                  <a name="executeTestcase(org.testng.TestRunner@388ba540)">
                  </a> <!-- executeTestcase(org.testng.TestRunner@388ba540) -->
                  <span class="method-name">executeTestcase</span>
                  <span class="parameters">(org.testng.TestRunner@388ba540)</span>
                  <div class="stack-trace">org.testng.SkipException: Skipping execution for  :TFS ID_ 7485:Verify on &quot;Update&quot; following fields in Limited Member ,&quot;Record status&quot; should get changed to Need Approval.
	at driver.Driver.executeTestcase(Driver.java:83)
	at java.base/java.util.ArrayList.forEach(ArrayList.java:1511)
... Removed 25 stack frames
</div> <!-- stack-trace -->
                </div> <!-- method-content -->
              </div> <!-- method -->
              <div class="method">
                <div class="method-content">
                  <a name="executeTestcase(org.testng.TestRunner@388ba540)">
                  </a> <!-- executeTestcase(org.testng.TestRunner@388ba540) -->
                  <span class="method-name">executeTestcase</span>
                  <span class="parameters">(org.testng.TestRunner@388ba540)</span>
                  <div class="stack-trace">org.testng.SkipException: Skipping execution for  :TFS ID_43982:Test Case 9633 : Verify whether user should not get any script error on add any Supplier Diversity
	at driver.Driver.executeTestcase(Driver.java:83)
	at java.base/java.util.ArrayList.forEach(ArrayList.java:1511)
... Removed 25 stack frames
</div> <!-- stack-trace -->
                </div> <!-- method-content -->
              </div> <!-- method -->
              <div class="method">
                <div class="method-content">
                  <a name="executeTestcase(org.testng.TestRunner@388ba540)">
                  </a> <!-- executeTestcase(org.testng.TestRunner@388ba540) -->
                  <span class="method-name">executeTestcase</span>
                  <span class="parameters">(org.testng.TestRunner@388ba540)</span>
                  <div class="stack-trace">org.testng.SkipException: Skipping execution for  :TFS ID_44862:Verify whether able to Create Account Name with Length of 160 chars for Member/Non GPO without any Error Message.
	at driver.Driver.executeTestcase(Driver.java:83)
	at java.base/java.util.ArrayList.forEach(ArrayList.java:1511)
... Removed 25 stack frames
</div> <!-- stack-trace -->
                </div> <!-- method-content -->
              </div> <!-- method -->
              <div class="method">
                <div class="method-content">
                  <a name="executeTestcase(org.testng.TestRunner@388ba540)">
                  </a> <!-- executeTestcase(org.testng.TestRunner@388ba540) -->
                  <span class="method-name">executeTestcase</span>
                  <span class="parameters">(org.testng.TestRunner@388ba540)</span>
                  <div class="stack-trace">org.testng.SkipException: Skipping execution for  :TFS ID_44008:Test Case 8771 :Supplier Form - DP &amp; TP Search Look up should have only Supplier Accounts
	at driver.Driver.executeTestcase(Driver.java:83)
	at java.base/java.util.ArrayList.forEach(ArrayList.java:1511)
... Removed 25 stack frames
</div> <!-- stack-trace -->
                </div> <!-- method-content -->
              </div> <!-- method -->
              <div class="method">
                <div class="method-content">
                  <a name="executeTestcase(org.testng.TestRunner@388ba540)">
                  </a> <!-- executeTestcase(org.testng.TestRunner@388ba540) -->
                  <span class="method-name">executeTestcase</span>
                  <span class="parameters">(org.testng.TestRunner@388ba540)</span>
                  <div class="stack-trace">org.testng.SkipException: Skipping execution for  :TFS ID_43703:Test case11227_Cloud: Verify &quot;This account is in Draft status.&quot; info text is displayed when Account is Terminated and Record status is in draft
	at driver.Driver.executeTestcase(Driver.java:83)
	at java.base/java.util.ArrayList.forEach(ArrayList.java:1511)
... Removed 25 stack frames
</div> <!-- stack-trace -->
                </div> <!-- method-content -->
              </div> <!-- method -->
              <div class="method">
                <div class="method-content">
                  <a name="executeTestcase(org.testng.TestRunner@388ba540)">
                  </a> <!-- executeTestcase(org.testng.TestRunner@388ba540) -->
                  <span class="method-name">executeTestcase</span>
                  <span class="parameters">(org.testng.TestRunner@388ba540)</span>
                  <div class="stack-trace">org.testng.SkipException: Skipping execution for  :TFS ID_44013:Automation Test Case 6064 :Cloud: #Members field should be available in Member Form and removed from Supplier Form
	at driver.Driver.executeTestcase(Driver.java:83)
	at java.base/java.util.ArrayList.forEach(ArrayList.java:1511)
... Removed 25 stack frames
</div> <!-- stack-trace -->
                </div> <!-- method-content -->
              </div> <!-- method -->
              <div class="method">
                <div class="method-content">
                  <a name="executeTestcase(org.testng.TestRunner@388ba540)">
                  </a> <!-- executeTestcase(org.testng.TestRunner@388ba540) -->
                  <span class="method-name">executeTestcase</span>
                  <span class="parameters">(org.testng.TestRunner@388ba540)</span>
                  <div class="stack-trace">org.testng.SkipException: Skipping execution for  :TFS ID_43705:11231 Cloud: Verify warning message is NOT displayed when there is any DP change of an account with only location type children
	at driver.Driver.executeTestcase(Driver.java:83)
	at java.base/java.util.ArrayList.forEach(ArrayList.java:1511)
... Removed 25 stack frames
</div> <!-- stack-trace -->
                </div> <!-- method-content -->
              </div> <!-- method -->
              <div class="method">
                <div class="method-content">
                  <a name="executeTestcase(org.testng.TestRunner@388ba540)">
                  </a> <!-- executeTestcase(org.testng.TestRunner@388ba540) -->
                  <span class="method-name">executeTestcase</span>
                  <span class="parameters">(org.testng.TestRunner@388ba540)</span>
                  <div class="stack-trace">org.testng.SkipException: Skipping execution for  :TFS ID_45284:Verify newly added fields in Subaccounts view
	at driver.Driver.executeTestcase(Driver.java:83)
	at java.base/java.util.ArrayList.forEach(ArrayList.java:1511)
... Removed 25 stack frames
</div> <!-- stack-trace -->
                </div> <!-- method-content -->
              </div> <!-- method -->
              <div class="method">
                <div class="method-content">
                  <a name="executeTestcase(org.testng.TestRunner@388ba540)">
                  </a> <!-- executeTestcase(org.testng.TestRunner@388ba540) -->
                  <span class="method-name">executeTestcase</span>
                  <span class="parameters">(org.testng.TestRunner@388ba540)</span>
                  <div class="stack-trace">org.testng.SkipException: Skipping execution for  :TFS ID_43702: 11223_Cloud: Verify corresponding LOB is getting deactivated when end dated membership is deactivated
	at driver.Driver.executeTestcase(Driver.java:83)
	at java.base/java.util.ArrayList.forEach(ArrayList.java:1511)
... Removed 25 stack frames
</div> <!-- stack-trace -->
                </div> <!-- method-content -->
              </div> <!-- method -->
              <div class="method">
                <div class="method-content">
                  <a name="executeTestcase(org.testng.TestRunner@388ba540)">
                  </a> <!-- executeTestcase(org.testng.TestRunner@388ba540) -->
                  <span class="method-name">executeTestcase</span>
                  <span class="parameters">(org.testng.TestRunner@388ba540)</span>
                  <div class="stack-trace">org.testng.SkipException: Skipping execution for  :TFS ID_44709:Validate Publish Rec Status and LOB
	at driver.Driver.executeTestcase(Driver.java:83)
	at java.base/java.util.ArrayList.forEach(ArrayList.java:1511)
... Removed 25 stack frames
</div> <!-- stack-trace -->
                </div> <!-- method-content -->
              </div> <!-- method -->
              <div class="method">
                <div class="method-content">
                  <a name="executeTestcase(org.testng.TestRunner@388ba540)">
                  </a> <!-- executeTestcase(org.testng.TestRunner@388ba540) -->
                  <span class="method-name">executeTestcase</span>
                  <span class="parameters">(org.testng.TestRunner@388ba540)</span>
                  <div class="stack-trace">org.testng.SkipException: Skipping execution for  :TFS ID_43700:Verify whether &quot;Provider Select: MD&quot; is removed from Participation Type in Member and Member Entry Forms.
	at driver.Driver.executeTestcase(Driver.java:83)
	at java.base/java.util.ArrayList.forEach(ArrayList.java:1511)
... Removed 25 stack frames
</div> <!-- stack-trace -->
                </div> <!-- method-content -->
              </div> <!-- method -->
              <div class="method">
                <div class="method-content">
                  <a name="executeTestcase(org.testng.TestRunner@388ba540)">
                  </a> <!-- executeTestcase(org.testng.TestRunner@388ba540) -->
                  <span class="method-name">executeTestcase</span>
                  <span class="parameters">(org.testng.TestRunner@388ba540)</span>
                  <div class="stack-trace">org.testng.SkipException: Skipping execution for  :TFS ID_43987:Test Case 9314 : Verify active supplier can not have DP without EIN
	at driver.Driver.executeTestcase(Driver.java:83)
	at java.base/java.util.ArrayList.forEach(ArrayList.java:1511)
... Removed 25 stack frames
</div> <!-- stack-trace -->
                </div> <!-- method-content -->
              </div> <!-- method -->
              <div class="method">
                <div class="method-content">
                  <a name="executeTestcase(org.testng.TestRunner@388ba540)">
                  </a> <!-- executeTestcase(org.testng.TestRunner@388ba540) -->
                  <span class="method-name">executeTestcase</span>
                  <span class="parameters">(org.testng.TestRunner@388ba540)</span>
                  <div class="stack-trace">org.testng.SkipException: Skipping execution for  :TFS ID_ 7608:Create a new contact and add job function and communication/publication
	at driver.Driver.executeTestcase(Driver.java:83)
	at java.base/java.util.ArrayList.forEach(ArrayList.java:1511)
... Removed 25 stack frames
</div> <!-- stack-trace -->
                </div> <!-- method-content -->
              </div> <!-- method -->
              <div class="method">
                <div class="method-content">
                  <a name="executeTestcase(org.testng.TestRunner@388ba540)">
                  </a> <!-- executeTestcase(org.testng.TestRunner@388ba540) -->
                  <span class="method-name">executeTestcase</span>
                  <span class="parameters">(org.testng.TestRunner@388ba540)</span>
                  <div class="stack-trace">org.testng.SkipException: Skipping execution for  :TFS ID_43707: Cloud: Verify Top Parent Relation should be OLM for Top parent
	at driver.Driver.executeTestcase(Driver.java:83)
	at java.base/java.util.ArrayList.forEach(ArrayList.java:1511)
... Removed 25 stack frames
</div> <!-- stack-trace -->
                </div> <!-- method-content -->
              </div> <!-- method -->
              <div class="method">
                <div class="method-content">
                  <a name="executeTestcase(org.testng.TestRunner@388ba540)">
                  </a> <!-- executeTestcase(org.testng.TestRunner@388ba540) -->
                  <span class="method-name">executeTestcase</span>
                  <span class="parameters">(org.testng.TestRunner@388ba540)</span>
                  <div class="stack-trace">org.testng.SkipException: Skipping execution for  :TFS ID_43985:Test Case 9316 :Verify supplier can not have Location type account as DP
	at driver.Driver.executeTestcase(Driver.java:83)
	at java.base/java.util.ArrayList.forEach(ArrayList.java:1511)
... Removed 25 stack frames
</div> <!-- stack-trace -->
                </div> <!-- method-content -->
              </div> <!-- method -->
              <div class="method">
                <div class="method-content">
                  <a name="executeTestcase(org.testng.TestRunner@388ba540)">
                  </a> <!-- executeTestcase(org.testng.TestRunner@388ba540) -->
                  <span class="method-name">executeTestcase</span>
                  <span class="parameters">(org.testng.TestRunner@388ba540)</span>
                  <div class="stack-trace">org.testng.SkipException: Skipping execution for  :TFS ID_45306:Verify Prospect accounts can not be published
	at driver.Driver.executeTestcase(Driver.java:83)
	at java.base/java.util.ArrayList.forEach(ArrayList.java:1511)
... Removed 25 stack frames
</div> <!-- stack-trace -->
                </div> <!-- method-content -->
              </div> <!-- method -->
              <div class="method">
                <div class="method-content">
                  <a name="executeTestcase(org.testng.TestRunner@388ba540)">
                  </a> <!-- executeTestcase(org.testng.TestRunner@388ba540) -->
                  <span class="method-name">executeTestcase</span>
                  <span class="parameters">(org.testng.TestRunner@388ba540)</span>
                  <div class="stack-trace">org.testng.SkipException: Skipping execution for  :TFS ID_45325:Verify whether Columns &quot;DEA&quot; ,&quot;HIN&quot;, &quot;Class of Trade&quot;, Name(Group) available on Account Associated View.
	at driver.Driver.executeTestcase(Driver.java:83)
	at java.base/java.util.ArrayList.forEach(ArrayList.java:1511)
... Removed 25 stack frames
</div> <!-- stack-trace -->
                </div> <!-- method-content -->
              </div> <!-- method -->
              <div class="method">
                <div class="method-content">
                  <a name="executeTestcase(org.testng.TestRunner@388ba540)">
                  </a> <!-- executeTestcase(org.testng.TestRunner@388ba540) -->
                  <span class="method-name">executeTestcase</span>
                  <span class="parameters">(org.testng.TestRunner@388ba540)</span>
                  <div class="stack-trace">org.testng.SkipException: Skipping execution for  :TFS ID_7141:Create new member - New Member form and Save it as member first
	at driver.Driver.executeTestcase(Driver.java:83)
	at java.base/java.util.ArrayList.forEach(ArrayList.java:1511)
... Removed 25 stack frames
</div> <!-- stack-trace -->
                </div> <!-- method-content -->
              </div> <!-- method -->
              <div class="method">
                <div class="method-content">
                  <a name="executeTestcase(org.testng.TestRunner@388ba540)">
                  </a> <!-- executeTestcase(org.testng.TestRunner@388ba540) -->
                  <span class="method-name">executeTestcase</span>
                  <span class="parameters">(org.testng.TestRunner@388ba540)</span>
                  <div class="stack-trace">org.testng.SkipException: Skipping execution for  :TFS ID_ 5137:Restrict when user enters blank communication record in Contact account associations
	at driver.Driver.executeTestcase(Driver.java:83)
	at java.base/java.util.ArrayList.forEach(ArrayList.java:1511)
... Removed 25 stack frames
</div> <!-- stack-trace -->
                </div> <!-- method-content -->
              </div> <!-- method -->
              <div class="method">
                <div class="method-content">
                  <a name="executeTestcase(org.testng.TestRunner@388ba540)">
                  </a> <!-- executeTestcase(org.testng.TestRunner@388ba540) -->
                  <span class="method-name">executeTestcase</span>
                  <span class="parameters">(org.testng.TestRunner@388ba540)</span>
                  <div class="stack-trace">org.testng.SkipException: Skipping execution for  :TFS ID_45333:Verify new field &quot;NAICS Code&quot; is added in member form 
	at driver.Driver.executeTestcase(Driver.java:83)
	at java.base/java.util.ArrayList.forEach(ArrayList.java:1511)
... Removed 25 stack frames
</div> <!-- stack-trace -->
                </div> <!-- method-content -->
              </div> <!-- method -->
              <div class="method">
                <div class="method-content">
                  <a name="executeTestcase(org.testng.TestRunner@388ba540)">
                  </a> <!-- executeTestcase(org.testng.TestRunner@388ba540) -->
                  <span class="method-name">executeTestcase</span>
                  <span class="parameters">(org.testng.TestRunner@388ba540)</span>
                  <div class="stack-trace">org.testng.SkipException: Skipping execution for  :TFS ID_45305:Verify Date validation happen when reactivating a terminated account
	at driver.Driver.executeTestcase(Driver.java:83)
	at java.base/java.util.ArrayList.forEach(ArrayList.java:1511)
... Removed 25 stack frames
</div> <!-- stack-trace -->
                </div> <!-- method-content -->
              </div> <!-- method -->
              <div class="method">
                <div class="method-content">
                  <a name="executeTestcase(org.testng.TestRunner@388ba540)">
                  </a> <!-- executeTestcase(org.testng.TestRunner@388ba540) -->
                  <span class="method-name">executeTestcase</span>
                  <span class="parameters">(org.testng.TestRunner@388ba540)</span>
                  <div class="stack-trace">org.testng.SkipException: Skipping execution for  :TFS ID_7148:Create new Shipto account - New Member entry form and Save it as prospect first
	at driver.Driver.executeTestcase(Driver.java:83)
	at java.base/java.util.ArrayList.forEach(ArrayList.java:1511)
... Removed 25 stack frames
</div> <!-- stack-trace -->
                </div> <!-- method-content -->
              </div> <!-- method -->
              <div class="method">
                <div class="method-content">
                  <a name="executeTestcase(org.testng.TestRunner@388ba540)">
                  </a> <!-- executeTestcase(org.testng.TestRunner@388ba540) -->
                  <span class="method-name">executeTestcase</span>
                  <span class="parameters">(org.testng.TestRunner@388ba540)</span>
                  <div class="stack-trace">org.testng.SkipException: Skipping execution for  :TFS ID_45304:Verify if the State field in address only accept two characters or blank values, no numeric and/or special characters
	at driver.Driver.executeTestcase(Driver.java:83)
	at java.base/java.util.ArrayList.forEach(ArrayList.java:1511)
... Removed 25 stack frames
</div> <!-- stack-trace -->
                </div> <!-- method-content -->
              </div> <!-- method -->
              <div class="method">
                <div class="method-content">
                  <a name="executeTestcase(org.testng.TestRunner@388ba540)">
                  </a> <!-- executeTestcase(org.testng.TestRunner@388ba540) -->
                  <span class="method-name">executeTestcase</span>
                  <span class="parameters">(org.testng.TestRunner@388ba540)</span>
                  <div class="stack-trace">org.testng.SkipException: Skipping execution for  :TFS ID_7149:Create new Shipto account for conversion scenario - New Member form and Save it as member first
	at driver.Driver.executeTestcase(Driver.java:83)
	at java.base/java.util.ArrayList.forEach(ArrayList.java:1511)
... Removed 25 stack frames
</div> <!-- stack-trace -->
                </div> <!-- method-content -->
              </div> <!-- method -->
              <div class="method">
                <div class="method-content">
                  <a name="executeTestcase(org.testng.TestRunner@388ba540)">
                  </a> <!-- executeTestcase(org.testng.TestRunner@388ba540) -->
                  <span class="method-name">executeTestcase</span>
                  <span class="parameters">(org.testng.TestRunner@388ba540)</span>
                  <div class="stack-trace">org.testng.SkipException: Skipping execution for  :TFS ID_45322:Verify TP exception reason should not be mandatory when creating new member with DP is same as TP
	at driver.Driver.executeTestcase(Driver.java:83)
	at java.base/java.util.ArrayList.forEach(ArrayList.java:1511)
... Removed 25 stack frames
</div> <!-- stack-trace -->
                </div> <!-- method-content -->
              </div> <!-- method -->
              <div class="method">
                <div class="method-content">
                  <a name="executeTestcase(org.testng.TestRunner@388ba540)">
                  </a> <!-- executeTestcase(org.testng.TestRunner@388ba540) -->
                  <span class="method-name">executeTestcase</span>
                  <span class="parameters">(org.testng.TestRunner@388ba540)</span>
                  <div class="stack-trace">org.testng.SkipException: Skipping execution for  :TFS ID_ 7137:Create new member - New Member form and Save it as prospect first
	at driver.Driver.executeTestcase(Driver.java:83)
	at java.base/java.util.ArrayList.forEach(ArrayList.java:1511)
... Removed 25 stack frames
</div> <!-- stack-trace -->
                </div> <!-- method-content -->
              </div> <!-- method -->
              <div class="method">
                <div class="method-content">
                  <a name="executeTestcase(org.testng.TestRunner@388ba540)">
                  </a> <!-- executeTestcase(org.testng.TestRunner@388ba540) -->
                  <span class="method-name">executeTestcase</span>
                  <span class="parameters">(org.testng.TestRunner@388ba540)</span>
                  <div class="stack-trace">org.testng.SkipException: Skipping execution for  :TFS ID_45283:Verify User should be able to override &quot;CP and FSP&quot; values and user should not allow to choose &quot;Supplier&quot; as CP or FSP.
	at driver.Driver.executeTestcase(Driver.java:83)
	at java.base/java.util.ArrayList.forEach(ArrayList.java:1511)
... Removed 25 stack frames
</div> <!-- stack-trace -->
                </div> <!-- method-content -->
              </div> <!-- method -->
              <div class="method">
                <div class="method-content">
                  <a name="executeTestcase(org.testng.TestRunner@388ba540)">
                  </a> <!-- executeTestcase(org.testng.TestRunner@388ba540) -->
                  <span class="method-name">executeTestcase</span>
                  <span class="parameters">(org.testng.TestRunner@388ba540)</span>
                  <div class="stack-trace">org.testng.SkipException: Skipping execution for  :TFS ID_44007:Test Case 8772 : Verify if member/member supervisor/Supplier/Supplier supervisor/Limited member can edit the primary account of a contact
	at driver.Driver.executeTestcase(Driver.java:83)
	at java.base/java.util.ArrayList.forEach(ArrayList.java:1511)
... Removed 25 stack frames
</div> <!-- stack-trace -->
                </div> <!-- method-content -->
              </div> <!-- method -->
              <div class="method">
                <div class="method-content">
                  <a name="executeTestcase(org.testng.TestRunner@388ba540)">
                  </a> <!-- executeTestcase(org.testng.TestRunner@388ba540) -->
                  <span class="method-name">executeTestcase</span>
                  <span class="parameters">(org.testng.TestRunner@388ba540)</span>
                  <div class="stack-trace">org.testng.SkipException: Skipping execution for  :TFS ID_45286:Verify the TP relation is showing in UI when creating a new member
	at driver.Driver.executeTestcase(Driver.java:83)
	at java.base/java.util.ArrayList.forEach(ArrayList.java:1511)
... Removed 25 stack frames
</div> <!-- stack-trace -->
                </div> <!-- method-content -->
              </div> <!-- method -->
              <div class="method">
                <div class="method-content">
                  <a name="executeTestcase(org.testng.TestRunner@388ba540)">
                  </a> <!-- executeTestcase(org.testng.TestRunner@388ba540) -->
                  <span class="method-name">executeTestcase</span>
                  <span class="parameters">(org.testng.TestRunner@388ba540)</span>
                  <div class="stack-trace">org.testng.SkipException: Skipping execution for  :TFS ID_ 4550:Verify once the contact is end dated then the related Contact Account Association should get terminated
	at driver.Driver.executeTestcase(Driver.java:83)
	at java.base/java.util.ArrayList.forEach(ArrayList.java:1511)
... Removed 25 stack frames
</div> <!-- stack-trace -->
                </div> <!-- method-content -->
              </div> <!-- method -->
              <div class="method">
                <div class="method-content">
                  <a name="executeTestcase(org.testng.TestRunner@388ba540)">
                  </a> <!-- executeTestcase(org.testng.TestRunner@388ba540) -->
                  <span class="method-name">executeTestcase</span>
                  <span class="parameters">(org.testng.TestRunner@388ba540)</span>
                  <div class="stack-trace">org.testng.SkipException: Skipping execution for  :TFS ID_44716:Verify Whether &quot;Do Not Roster&quot; Field Name Changed to &quot;Exclude from Roster&quot; for Member/Non GPO/Location Type/Prospect Accounts
	at driver.Driver.executeTestcase(Driver.java:83)
	at java.base/java.util.ArrayList.forEach(ArrayList.java:1511)
... Removed 25 stack frames
</div> <!-- stack-trace -->
                </div> <!-- method-content -->
              </div> <!-- method -->
              <div class="method">
                <div class="method-content">
                  <a name="executeTestcase(org.testng.TestRunner@388ba540)">
                  </a> <!-- executeTestcase(org.testng.TestRunner@388ba540) -->
                  <span class="method-name">executeTestcase</span>
                  <span class="parameters">(org.testng.TestRunner@388ba540)</span>
                  <div class="stack-trace">org.testng.SkipException: Skipping execution for  :TFS ID_44011:Automation Test Case 8310 :Cloud : Verify the Premier End Date is removed from the Supplier Form when the accounts is reactivated
	at driver.Driver.executeTestcase(Driver.java:83)
	at java.base/java.util.ArrayList.forEach(ArrayList.java:1511)
... Removed 25 stack frames
</div> <!-- stack-trace -->
                </div> <!-- method-content -->
              </div> <!-- method -->
              <div class="method">
                <div class="method-content">
                  <a name="executeTestcase(org.testng.TestRunner@388ba540)">
                  </a> <!-- executeTestcase(org.testng.TestRunner@388ba540) -->
                  <span class="method-name">executeTestcase</span>
                  <span class="parameters">(org.testng.TestRunner@388ba540)</span>
                  <div class="stack-trace">org.testng.SkipException: Skipping execution for  :TFS ID_7142: Create new member - New Member entry form and Save it as member first
	at driver.Driver.executeTestcase(Driver.java:83)
	at java.base/java.util.ArrayList.forEach(ArrayList.java:1511)
... Removed 25 stack frames
</div> <!-- stack-trace -->
                </div> <!-- method-content -->
              </div> <!-- method -->
              <div class="method">
                <div class="method-content">
                  <a name="executeTestcase(org.testng.TestRunner@388ba540)">
                  </a> <!-- executeTestcase(org.testng.TestRunner@388ba540) -->
                  <span class="method-name">executeTestcase</span>
                  <span class="parameters">(org.testng.TestRunner@388ba540)</span>
                  <div class="stack-trace">org.testng.SkipException: Skipping execution for  :TFS ID_44708:Verify Food Services LOB is added automatically when Location Type account is converted to Member
	at driver.Driver.executeTestcase(Driver.java:83)
	at java.base/java.util.ArrayList.forEach(ArrayList.java:1511)
... Removed 25 stack frames
</div> <!-- stack-trace -->
                </div> <!-- method-content -->
              </div> <!-- method -->
              <div class="method">
                <div class="method-content">
                  <a name="executeTestcase(org.testng.TestRunner@388ba540)">
                  </a> <!-- executeTestcase(org.testng.TestRunner@388ba540) -->
                  <span class="method-name">executeTestcase</span>
                  <span class="parameters">(org.testng.TestRunner@388ba540)</span>
                  <div class="stack-trace">org.testng.SkipException: Skipping execution for  :TFS ID_7147:Create new Shipto account - New Member form through sub account and save it as prospect first
	at driver.Driver.executeTestcase(Driver.java:83)
	at java.base/java.util.ArrayList.forEach(ArrayList.java:1511)
... Removed 25 stack frames
</div> <!-- stack-trace -->
                </div> <!-- method-content -->
              </div> <!-- method -->
              <div class="method">
                <div class="method-content">
                  <a name="executeTestcase(org.testng.TestRunner@388ba540)">
                  </a> <!-- executeTestcase(org.testng.TestRunner@388ba540) -->
                  <span class="method-name">executeTestcase</span>
                  <span class="parameters">(org.testng.TestRunner@388ba540)</span>
                  <div class="stack-trace">org.testng.SkipException: Skipping execution for  :TFS ID_7140: Create new member - New Member entry form and Save it as prospect first
	at driver.Driver.executeTestcase(Driver.java:83)
	at java.base/java.util.ArrayList.forEach(ArrayList.java:1511)
... Removed 25 stack frames
</div> <!-- stack-trace -->
                </div> <!-- method-content -->
              </div> <!-- method -->
              <div class="method">
                <div class="method-content">
                  <a name="executeTestcase(org.testng.TestRunner@388ba540)">
                  </a> <!-- executeTestcase(org.testng.TestRunner@388ba540) -->
                  <span class="method-name">executeTestcase</span>
                  <span class="parameters">(org.testng.TestRunner@388ba540)</span>
                  <div class="stack-trace">org.testng.SkipException: Skipping execution for  :TFS ID_11228: Cloud: Verify &quot;This account is in Draft status.&quot; info text is displayed when there is a DP change and Record status is in draft
	at driver.Driver.executeTestcase(Driver.java:83)
	at java.base/java.util.ArrayList.forEach(ArrayList.java:1511)
... Removed 25 stack frames
</div> <!-- stack-trace -->
                </div> <!-- method-content -->
              </div> <!-- method -->
              <div class="method">
                <div class="method-content">
                  <a name="executeTestcase(org.testng.TestRunner@388ba540)">
                  </a> <!-- executeTestcase(org.testng.TestRunner@388ba540) -->
                  <span class="method-name">executeTestcase</span>
                  <span class="parameters">(org.testng.TestRunner@388ba540)</span>
                  <div class="stack-trace">org.testng.SkipException: Skipping execution for  :TFS ID_44862:Verify whether able to Create Account Name with Length of 160 chars for Member/Non GPO without any Error Message.
	at driver.Driver.executeTestcase(Driver.java:83)
	at java.base/java.util.ArrayList.forEach(ArrayList.java:1511)
... Removed 25 stack frames
</div> <!-- stack-trace -->
                </div> <!-- method-content -->
              </div> <!-- method -->
              <div class="method">
                <div class="method-content">
                  <a name="executeTestcase(org.testng.TestRunner@388ba540)">
                  </a> <!-- executeTestcase(org.testng.TestRunner@388ba540) -->
                  <span class="method-name">executeTestcase</span>
                  <span class="parameters">(org.testng.TestRunner@388ba540)</span>
                  <div class="stack-trace">org.testng.SkipException: Skipping execution for  :TFS ID_7111:CreateSubAccountUnderAccount
	at driver.Driver.executeTestcase(Driver.java:83)
	at java.base/java.util.ArrayList.forEach(ArrayList.java:1511)
... Removed 25 stack frames
</div> <!-- stack-trace -->
                </div> <!-- method-content -->
              </div> <!-- method -->
              <div class="method">
                <div class="method-content">
                  <a name="executeTestcase(org.testng.TestRunner@388ba540)">
                  </a> <!-- executeTestcase(org.testng.TestRunner@388ba540) -->
                  <span class="method-name">executeTestcase</span>
                  <span class="parameters">(org.testng.TestRunner@388ba540)</span>
                  <div class="stack-trace">org.testng.SkipException: Skipping execution for  :TFS ID_ 1136: Validate deactivating a contact result in updating the contact end date and inactivating the contact account association records
	at driver.Driver.executeTestcase(Driver.java:83)
	at java.base/java.util.ArrayList.forEach(ArrayList.java:1511)
... Removed 25 stack frames
</div> <!-- stack-trace -->
                </div> <!-- method-content -->
              </div> <!-- method -->
              <div class="method">
                <div class="method-content">
                  <a name="executeTestcase(org.testng.TestRunner@388ba540)">
                  </a> <!-- executeTestcase(org.testng.TestRunner@388ba540) -->
                  <span class="method-name">executeTestcase</span>
                  <span class="parameters">(org.testng.TestRunner@388ba540)</span>
                  <div class="stack-trace">org.testng.SkipException: Skipping execution for  :TFS ID_45299:In Member Form,&quot; Supplier Record&quot; Field is getting Auto updated with Sub Account.
	at driver.Driver.executeTestcase(Driver.java:83)
	at java.base/java.util.ArrayList.forEach(ArrayList.java:1511)
... Removed 25 stack frames
</div> <!-- stack-trace -->
                </div> <!-- method-content -->
              </div> <!-- method -->
              <div class="method">
                <div class="method-content">
                  <a name="executeTestcase(org.testng.TestRunner@388ba540)">
                  </a> <!-- executeTestcase(org.testng.TestRunner@388ba540) -->
                  <span class="method-name">executeTestcase</span>
                  <span class="parameters">(org.testng.TestRunner@388ba540)</span>
                  <div class="stack-trace">org.testng.SkipException: Skipping execution for  :TFS ID_45300: Verify whether &quot;LOB Classification Type&quot;, is getting filtered based on corresponding LOB is selected.
	at driver.Driver.executeTestcase(Driver.java:83)
	at java.base/java.util.ArrayList.forEach(ArrayList.java:1511)
... Removed 25 stack frames
</div> <!-- stack-trace -->
                </div> <!-- method-content -->
              </div> <!-- method -->
              <div class="method">
                <div class="method-content">
                  <a name="executeTestcase(org.testng.TestRunner@388ba540)">
                  </a> <!-- executeTestcase(org.testng.TestRunner@388ba540) -->
                  <span class="method-name">executeTestcase</span>
                  <span class="parameters">(org.testng.TestRunner@388ba540)</span>
                  <div class="stack-trace">org.testng.SkipException: Skipping execution for  :TFS ID_ 6576:Verify Duplicate detection rule applies when Communication or Publication entered twice by the user
	at driver.Driver.executeTestcase(Driver.java:83)
	at java.base/java.util.ArrayList.forEach(ArrayList.java:1511)
... Removed 25 stack frames
</div> <!-- stack-trace -->
                </div> <!-- method-content -->
              </div> <!-- method -->
            </div> <!-- main-panel-content rounded-window-bottom -->
          </div> <!-- suite-Suite-class-skipped -->
          <div class="suite-Suite-class-passed">
            <div class="main-panel-header rounded-window-top">
              <img src="passed.png"/>
              <span class="class-name">driver.Driver</span>
            </div> <!-- main-panel-header rounded-window-top -->
            <div class="main-panel-content rounded-window-bottom">
              <div class="method">
                <div class="method-content">
                  <a name="executeTestcase(org.testng.TestRunner@388ba540)">
                  </a> <!-- executeTestcase(org.testng.TestRunner@388ba540) -->
                  <span class="method-name">executeTestcase</span>
                  <span class="parameters">(org.testng.TestRunner@388ba540)</span>
                </div> <!-- method-content -->
              </div> <!-- method -->
              <div class="method">
                <div class="method-content">
                  <a name="executeTestcase(org.testng.TestRunner@388ba540)">
                  </a> <!-- executeTestcase(org.testng.TestRunner@388ba540) -->
                  <span class="method-name">executeTestcase</span>
                  <span class="parameters">(org.testng.TestRunner@388ba540)</span>
                </div> <!-- method-content -->
              </div> <!-- method -->
              <div class="method">
                <div class="method-content">
                  <a name="executeTestcase(org.testng.TestRunner@388ba540)">
                  </a> <!-- executeTestcase(org.testng.TestRunner@388ba540) -->
                  <span class="method-name">executeTestcase</span>
                  <span class="parameters">(org.testng.TestRunner@388ba540)</span>
                </div> <!-- method-content -->
              </div> <!-- method -->
              <div class="method">
                <div class="method-content">
                  <a name="executeTestcase(org.testng.TestRunner@388ba540)">
                  </a> <!-- executeTestcase(org.testng.TestRunner@388ba540) -->
                  <span class="method-name">executeTestcase</span>
                  <span class="parameters">(org.testng.TestRunner@388ba540)</span>
                </div> <!-- method-content -->
              </div> <!-- method -->
              <div class="method">
                <div class="method-content">
                  <a name="executeTestcase(org.testng.TestRunner@388ba540)">
                  </a> <!-- executeTestcase(org.testng.TestRunner@388ba540) -->
                  <span class="method-name">executeTestcase</span>
                  <span class="parameters">(org.testng.TestRunner@388ba540)</span>
                </div> <!-- method-content -->
              </div> <!-- method -->
              <div class="method">
                <div class="method-content">
                  <a name="executeTestcase(org.testng.TestRunner@388ba540)">
                  </a> <!-- executeTestcase(org.testng.TestRunner@388ba540) -->
                  <span class="method-name">executeTestcase</span>
                  <span class="parameters">(org.testng.TestRunner@388ba540)</span>
                </div> <!-- method-content -->
              </div> <!-- method -->
              <div class="method">
                <div class="method-content">
                  <a name="executeTestcase(org.testng.TestRunner@388ba540)">
                  </a> <!-- executeTestcase(org.testng.TestRunner@388ba540) -->
                  <span class="method-name">executeTestcase</span>
                  <span class="parameters">(org.testng.TestRunner@388ba540)</span>
                </div> <!-- method-content -->
              </div> <!-- method -->
              <div class="method">
                <div class="method-content">
                  <a name="executeTestcase(org.testng.TestRunner@388ba540)">
                  </a> <!-- executeTestcase(org.testng.TestRunner@388ba540) -->
                  <span class="method-name">executeTestcase</span>
                  <span class="parameters">(org.testng.TestRunner@388ba540)</span>
                </div> <!-- method-content -->
              </div> <!-- method -->
              <div class="method">
                <div class="method-content">
                  <a name="executeTestcase(org.testng.TestRunner@388ba540)">
                  </a> <!-- executeTestcase(org.testng.TestRunner@388ba540) -->
                  <span class="method-name">executeTestcase</span>
                  <span class="parameters">(org.testng.TestRunner@388ba540)</span>
                </div> <!-- method-content -->
              </div> <!-- method -->
              <div class="method">
                <div class="method-content">
                  <a name="executeTestcase(org.testng.TestRunner@388ba540)">
                  </a> <!-- executeTestcase(org.testng.TestRunner@388ba540) -->
                  <span class="method-name">executeTestcase</span>
                  <span class="parameters">(org.testng.TestRunner@388ba540)</span>
                </div> <!-- method-content -->
              </div> <!-- method -->
              <div class="method">
                <div class="method-content">
                  <a name="executeTestcase(org.testng.TestRunner@388ba540)">
                  </a> <!-- executeTestcase(org.testng.TestRunner@388ba540) -->
                  <span class="method-name">executeTestcase</span>
                  <span class="parameters">(org.testng.TestRunner@388ba540)</span>
                </div> <!-- method-content -->
              </div> <!-- method -->
              <div class="method">
                <div class="method-content">
                  <a name="executeTestcase(org.testng.TestRunner@388ba540)">
                  </a> <!-- executeTestcase(org.testng.TestRunner@388ba540) -->
                  <span class="method-name">executeTestcase</span>
                  <span class="parameters">(org.testng.TestRunner@388ba540)</span>
                </div> <!-- method-content -->
              </div> <!-- method -->
              <div class="method">
                <div class="method-content">
                  <a name="executeTestcase(org.testng.TestRunner@388ba540)">
                  </a> <!-- executeTestcase(org.testng.TestRunner@388ba540) -->
                  <span class="method-name">executeTestcase</span>
                  <span class="parameters">(org.testng.TestRunner@388ba540)</span>
                </div> <!-- method-content -->
              </div> <!-- method -->
              <div class="method">
                <div class="method-content">
                  <a name="executeTestcase(org.testng.TestRunner@388ba540)">
                  </a> <!-- executeTestcase(org.testng.TestRunner@388ba540) -->
                  <span class="method-name">executeTestcase</span>
                  <span class="parameters">(org.testng.TestRunner@388ba540)</span>
                </div> <!-- method-content -->
              </div> <!-- method -->
              <div class="method">
                <div class="method-content">
                  <a name="executeTestcase(org.testng.TestRunner@388ba540)">
                  </a> <!-- executeTestcase(org.testng.TestRunner@388ba540) -->
                  <span class="method-name">executeTestcase</span>
                  <span class="parameters">(org.testng.TestRunner@388ba540)</span>
                </div> <!-- method-content -->
              </div> <!-- method -->
              <div class="method">
                <div class="method-content">
                  <a name="executeTestcase(org.testng.TestRunner@388ba540)">
                  </a> <!-- executeTestcase(org.testng.TestRunner@388ba540) -->
                  <span class="method-name">executeTestcase</span>
                  <span class="parameters">(org.testng.TestRunner@388ba540)</span>
                </div> <!-- method-content -->
              </div> <!-- method -->
              <div class="method">
                <div class="method-content">
                  <a name="executeTestcase(org.testng.TestRunner@388ba540)">
                  </a> <!-- executeTestcase(org.testng.TestRunner@388ba540) -->
                  <span class="method-name">executeTestcase</span>
                  <span class="parameters">(org.testng.TestRunner@388ba540)</span>
                </div> <!-- method-content -->
              </div> <!-- method -->
              <div class="method">
                <div class="method-content">
                  <a name="executeTestcase(org.testng.TestRunner@388ba540)">
                  </a> <!-- executeTestcase(org.testng.TestRunner@388ba540) -->
                  <span class="method-name">executeTestcase</span>
                  <span class="parameters">(org.testng.TestRunner@388ba540)</span>
                </div> <!-- method-content -->
              </div> <!-- method -->
              <div class="method">
                <div class="method-content">
                  <a name="executeTestcase(org.testng.TestRunner@388ba540)">
                  </a> <!-- executeTestcase(org.testng.TestRunner@388ba540) -->
                  <span class="method-name">executeTestcase</span>
                  <span class="parameters">(org.testng.TestRunner@388ba540)</span>
                </div> <!-- method-content -->
              </div> <!-- method -->
            </div> <!-- main-panel-content rounded-window-bottom -->
          </div> <!-- suite-Suite-class-passed -->
        </div> <!-- panel Suite -->
        <div panel-name="test-xml-Suite" class="panel">
          <div class="main-panel-header rounded-window-top">
            <span class="header-content">E:\vkamalak\git\Dynamics-CRM-Stage\testng-CRM.xml</span>
          </div> <!-- main-panel-header rounded-window-top -->
          <div class="main-panel-content rounded-window-bottom">
            <pre>
&lt;?xml version=&quot;1.0&quot; encoding=&quot;UTF-8&quot;?&gt;
&lt;!DOCTYPE suite SYSTEM &quot;https://testng.org/testng-1.0.dtd&quot;&gt;
&lt;suite name=&quot;Suite&quot; guice-stage=&quot;DEVELOPMENT&quot;&gt;
  &lt;listeners&gt;
    &lt;listener class-name=&quot;events.TestAnnotation&quot;/&gt;
  &lt;/listeners&gt;
  &lt;test thread-count=&quot;5&quot; name=&quot;Results&quot;&gt;
    &lt;classes&gt;
      &lt;class name=&quot;driver.Driver&quot;/&gt;
    &lt;/classes&gt;
  &lt;/test&gt; &lt;!-- Results --&gt;
&lt;/suite&gt; &lt;!-- Suite --&gt;
            </pre>
          </div> <!-- main-panel-content rounded-window-bottom -->
        </div> <!-- panel -->
        <div panel-name="testlist-Suite" class="panel">
          <div class="main-panel-header rounded-window-top">
            <span class="header-content">Tests for Suite</span>
          </div> <!-- main-panel-header rounded-window-top -->
          <div class="main-panel-content rounded-window-bottom">
            <ul>
              <li>
                <span class="test-name">Results (1 class)</span>
              </li>
            </ul>
          </div> <!-- main-panel-content rounded-window-bottom -->
        </div> <!-- panel -->
        <div panel-name="group-Suite" class="panel">
          <div class="main-panel-header rounded-window-top">
            <span class="header-content">Groups for Suite</span>
          </div> <!-- main-panel-header rounded-window-top -->
          <div class="main-panel-content rounded-window-bottom">
          </div> <!-- main-panel-content rounded-window-bottom -->
        </div> <!-- panel -->
        <div panel-name="times-Suite" class="panel">
          <div class="main-panel-header rounded-window-top">
            <span class="header-content">Times for Suite</span>
          </div> <!-- main-panel-header rounded-window-top -->
          <div class="main-panel-content rounded-window-bottom">
            <div class="times-div">
              <script type="text/javascript">
suiteTableInitFunctions.push('tableData_Suite');
function tableData_Suite() {
var data = new google.visualization.DataTable();
data.addColumn('number', 'Number');
data.addColumn('string', 'Method');
data.addColumn('string', 'Class');
data.addColumn('number', 'Time (ms)');
data.addRows(106);
data.setCell(0, 0, 0)
data.setCell(0, 1, 'executeTestcase')
data.setCell(0, 2, 'driver.Driver')
data.setCell(0, 3, 418670);
data.setCell(1, 0, 1)
data.setCell(1, 1, 'executeTestcase')
data.setCell(1, 2, 'driver.Driver')
data.setCell(1, 3, 332683);
data.setCell(2, 0, 2)
data.setCell(2, 1, 'executeTestcase')
data.setCell(2, 2, 'driver.Driver')
data.setCell(2, 3, 198943);
data.setCell(3, 0, 3)
data.setCell(3, 1, 'executeTestcase')
data.setCell(3, 2, 'driver.Driver')
data.setCell(3, 3, 195172);
data.setCell(4, 0, 4)
data.setCell(4, 1, 'executeTestcase')
data.setCell(4, 2, 'driver.Driver')
data.setCell(4, 3, 189627);
data.setCell(5, 0, 5)
data.setCell(5, 1, 'executeTestcase')
data.setCell(5, 2, 'driver.Driver')
data.setCell(5, 3, 104944);
data.setCell(6, 0, 6)
data.setCell(6, 1, 'executeTestcase')
data.setCell(6, 2, 'driver.Driver')
data.setCell(6, 3, 87555);
data.setCell(7, 0, 7)
data.setCell(7, 1, 'executeTestcase')
data.setCell(7, 2, 'driver.Driver')
data.setCell(7, 3, 81917);
data.setCell(8, 0, 8)
data.setCell(8, 1, 'executeTestcase')
data.setCell(8, 2, 'driver.Driver')
data.setCell(8, 3, 81116);
data.setCell(9, 0, 9)
data.setCell(9, 1, 'executeTestcase')
data.setCell(9, 2, 'driver.Driver')
data.setCell(9, 3, 80662);
data.setCell(10, 0, 10)
data.setCell(10, 1, 'executeTestcase')
data.setCell(10, 2, 'driver.Driver')
data.setCell(10, 3, 77962);
data.setCell(11, 0, 11)
data.setCell(11, 1, 'executeTestcase')
data.setCell(11, 2, 'driver.Driver')
data.setCell(11, 3, 77252);
data.setCell(12, 0, 12)
data.setCell(12, 1, 'executeTestcase')
data.setCell(12, 2, 'driver.Driver')
data.setCell(12, 3, 77108);
data.setCell(13, 0, 13)
data.setCell(13, 1, 'executeTestcase')
data.setCell(13, 2, 'driver.Driver')
data.setCell(13, 3, 76836);
data.setCell(14, 0, 14)
data.setCell(14, 1, 'executeTestcase')
data.setCell(14, 2, 'driver.Driver')
data.setCell(14, 3, 71000);
data.setCell(15, 0, 15)
data.setCell(15, 1, 'executeTestcase')
data.setCell(15, 2, 'driver.Driver')
data.setCell(15, 3, 70933);
data.setCell(16, 0, 16)
data.setCell(16, 1, 'executeTestcase')
data.setCell(16, 2, 'driver.Driver')
data.setCell(16, 3, 67794);
data.setCell(17, 0, 17)
data.setCell(17, 1, 'executeTestcase')
data.setCell(17, 2, 'driver.Driver')
data.setCell(17, 3, 67733);
data.setCell(18, 0, 18)
data.setCell(18, 1, 'executeTestcase')
data.setCell(18, 2, 'driver.Driver')
data.setCell(18, 3, 67654);
data.setCell(19, 0, 19)
data.setCell(19, 1, 'executeTestcase')
data.setCell(19, 2, 'driver.Driver')
data.setCell(19, 3, 67647);
data.setCell(20, 0, 20)
data.setCell(20, 1, 'executeTestcase')
data.setCell(20, 2, 'driver.Driver')
data.setCell(20, 3, 67583);
data.setCell(21, 0, 21)
data.setCell(21, 1, 'executeTestcase')
data.setCell(21, 2, 'driver.Driver')
data.setCell(21, 3, 67543);
data.setCell(22, 0, 22)
data.setCell(22, 1, 'executeTestcase')
data.setCell(22, 2, 'driver.Driver')
data.setCell(22, 3, 67499);
data.setCell(23, 0, 23)
data.setCell(23, 1, 'executeTestcase')
data.setCell(23, 2, 'driver.Driver')
data.setCell(23, 3, 67408);
data.setCell(24, 0, 24)
data.setCell(24, 1, 'executeTestcase')
data.setCell(24, 2, 'driver.Driver')
data.setCell(24, 3, 63385);
data.setCell(25, 0, 25)
data.setCell(25, 1, 'executeTestcase')
data.setCell(25, 2, 'driver.Driver')
data.setCell(25, 3, 51506);
data.setCell(26, 0, 26)
data.setCell(26, 1, 'executeTestcase')
data.setCell(26, 2, 'driver.Driver')
data.setCell(26, 3, 48199);
data.setCell(27, 0, 27)
data.setCell(27, 1, 'executeTestcase')
data.setCell(27, 2, 'driver.Driver')
data.setCell(27, 3, 24);
data.setCell(28, 0, 28)
data.setCell(28, 1, 'executeTestcase')
data.setCell(28, 2, 'driver.Driver')
data.setCell(28, 3, 23);
data.setCell(29, 0, 29)
data.setCell(29, 1, 'executeTestcase')
data.setCell(29, 2, 'driver.Driver')
data.setCell(29, 3, 19);
data.setCell(30, 0, 30)
data.setCell(30, 1, 'executeTestcase')
data.setCell(30, 2, 'driver.Driver')
data.setCell(30, 3, 18);
data.setCell(31, 0, 31)
data.setCell(31, 1, 'executeTestcase')
data.setCell(31, 2, 'driver.Driver')
data.setCell(31, 3, 16);
data.setCell(32, 0, 32)
data.setCell(32, 1, 'executeTestcase')
data.setCell(32, 2, 'driver.Driver')
data.setCell(32, 3, 16);
data.setCell(33, 0, 33)
data.setCell(33, 1, 'executeTestcase')
data.setCell(33, 2, 'driver.Driver')
data.setCell(33, 3, 16);
data.setCell(34, 0, 34)
data.setCell(34, 1, 'executeTestcase')
data.setCell(34, 2, 'driver.Driver')
data.setCell(34, 3, 16);
data.setCell(35, 0, 35)
data.setCell(35, 1, 'executeTestcase')
data.setCell(35, 2, 'driver.Driver')
data.setCell(35, 3, 16);
data.setCell(36, 0, 36)
data.setCell(36, 1, 'executeTestcase')
data.setCell(36, 2, 'driver.Driver')
data.setCell(36, 3, 16);
data.setCell(37, 0, 37)
data.setCell(37, 1, 'executeTestcase')
data.setCell(37, 2, 'driver.Driver')
data.setCell(37, 3, 16);
data.setCell(38, 0, 38)
data.setCell(38, 1, 'executeTestcase')
data.setCell(38, 2, 'driver.Driver')
data.setCell(38, 3, 16);
data.setCell(39, 0, 39)
data.setCell(39, 1, 'executeTestcase')
data.setCell(39, 2, 'driver.Driver')
data.setCell(39, 3, 16);
data.setCell(40, 0, 40)
data.setCell(40, 1, 'executeTestcase')
data.setCell(40, 2, 'driver.Driver')
data.setCell(40, 3, 16);
data.setCell(41, 0, 41)
data.setCell(41, 1, 'executeTestcase')
data.setCell(41, 2, 'driver.Driver')
data.setCell(41, 3, 16);
data.setCell(42, 0, 42)
data.setCell(42, 1, 'executeTestcase')
data.setCell(42, 2, 'driver.Driver')
data.setCell(42, 3, 15);
data.setCell(43, 0, 43)
data.setCell(43, 1, 'executeTestcase')
data.setCell(43, 2, 'driver.Driver')
data.setCell(43, 3, 15);
data.setCell(44, 0, 44)
data.setCell(44, 1, 'executeTestcase')
data.setCell(44, 2, 'driver.Driver')
data.setCell(44, 3, 15);
data.setCell(45, 0, 45)
data.setCell(45, 1, 'executeTestcase')
data.setCell(45, 2, 'driver.Driver')
data.setCell(45, 3, 15);
data.setCell(46, 0, 46)
data.setCell(46, 1, 'executeTestcase')
data.setCell(46, 2, 'driver.Driver')
data.setCell(46, 3, 15);
data.setCell(47, 0, 47)
data.setCell(47, 1, 'executeTestcase')
data.setCell(47, 2, 'driver.Driver')
data.setCell(47, 3, 15);
data.setCell(48, 0, 48)
data.setCell(48, 1, 'executeTestcase')
data.setCell(48, 2, 'driver.Driver')
data.setCell(48, 3, 15);
data.setCell(49, 0, 49)
data.setCell(49, 1, 'executeTestcase')
data.setCell(49, 2, 'driver.Driver')
data.setCell(49, 3, 13);
data.setCell(50, 0, 50)
data.setCell(50, 1, 'executeTestcase')
data.setCell(50, 2, 'driver.Driver')
data.setCell(50, 3, 9);
data.setCell(51, 0, 51)
data.setCell(51, 1, 'executeTestcase')
data.setCell(51, 2, 'driver.Driver')
data.setCell(51, 3, 8);
data.setCell(52, 0, 52)
data.setCell(52, 1, 'executeTestcase')
data.setCell(52, 2, 'driver.Driver')
data.setCell(52, 3, 8);
data.setCell(53, 0, 53)
data.setCell(53, 1, 'executeTestcase')
data.setCell(53, 2, 'driver.Driver')
data.setCell(53, 3, 8);
data.setCell(54, 0, 54)
data.setCell(54, 1, 'executeTestcase')
data.setCell(54, 2, 'driver.Driver')
data.setCell(54, 3, 8);
data.setCell(55, 0, 55)
data.setCell(55, 1, 'executeTestcase')
data.setCell(55, 2, 'driver.Driver')
data.setCell(55, 3, 7);
data.setCell(56, 0, 56)
data.setCell(56, 1, 'executeTestcase')
data.setCell(56, 2, 'driver.Driver')
data.setCell(56, 3, 7);
data.setCell(57, 0, 57)
data.setCell(57, 1, 'executeTestcase')
data.setCell(57, 2, 'driver.Driver')
data.setCell(57, 3, 7);
data.setCell(58, 0, 58)
data.setCell(58, 1, 'executeTestcase')
data.setCell(58, 2, 'driver.Driver')
data.setCell(58, 3, 7);
data.setCell(59, 0, 59)
data.setCell(59, 1, 'executeTestcase')
data.setCell(59, 2, 'driver.Driver')
data.setCell(59, 3, 7);
data.setCell(60, 0, 60)
data.setCell(60, 1, 'executeTestcase')
data.setCell(60, 2, 'driver.Driver')
data.setCell(60, 3, 7);
data.setCell(61, 0, 61)
data.setCell(61, 1, 'executeTestcase')
data.setCell(61, 2, 'driver.Driver')
data.setCell(61, 3, 6);
data.setCell(62, 0, 62)
data.setCell(62, 1, 'executeTestcase')
data.setCell(62, 2, 'driver.Driver')
data.setCell(62, 3, 6);
data.setCell(63, 0, 63)
data.setCell(63, 1, 'executeTestcase')
data.setCell(63, 2, 'driver.Driver')
data.setCell(63, 3, 5);
data.setCell(64, 0, 64)
data.setCell(64, 1, 'executeTestcase')
data.setCell(64, 2, 'driver.Driver')
data.setCell(64, 3, 5);
data.setCell(65, 0, 65)
data.setCell(65, 1, 'executeTestcase')
data.setCell(65, 2, 'driver.Driver')
data.setCell(65, 3, 5);
data.setCell(66, 0, 66)
data.setCell(66, 1, 'executeTestcase')
data.setCell(66, 2, 'driver.Driver')
data.setCell(66, 3, 4);
data.setCell(67, 0, 67)
data.setCell(67, 1, 'executeTestcase')
data.setCell(67, 2, 'driver.Driver')
data.setCell(67, 3, 0);
data.setCell(68, 0, 68)
data.setCell(68, 1, 'executeTestcase')
data.setCell(68, 2, 'driver.Driver')
data.setCell(68, 3, 0);
data.setCell(69, 0, 69)
data.setCell(69, 1, 'executeTestcase')
data.setCell(69, 2, 'driver.Driver')
data.setCell(69, 3, 0);
data.setCell(70, 0, 70)
data.setCell(70, 1, 'executeTestcase')
data.setCell(70, 2, 'driver.Driver')
data.setCell(70, 3, 0);
data.setCell(71, 0, 71)
data.setCell(71, 1, 'executeTestcase')
data.setCell(71, 2, 'driver.Driver')
data.setCell(71, 3, 0);
data.setCell(72, 0, 72)
data.setCell(72, 1, 'executeTestcase')
data.setCell(72, 2, 'driver.Driver')
data.setCell(72, 3, 0);
data.setCell(73, 0, 73)
data.setCell(73, 1, 'executeTestcase')
data.setCell(73, 2, 'driver.Driver')
data.setCell(73, 3, 0);
data.setCell(74, 0, 74)
data.setCell(74, 1, 'executeTestcase')
data.setCell(74, 2, 'driver.Driver')
data.setCell(74, 3, 0);
data.setCell(75, 0, 75)
data.setCell(75, 1, 'executeTestcase')
data.setCell(75, 2, 'driver.Driver')
data.setCell(75, 3, 0);
data.setCell(76, 0, 76)
data.setCell(76, 1, 'executeTestcase')
data.setCell(76, 2, 'driver.Driver')
data.setCell(76, 3, 0);
data.setCell(77, 0, 77)
data.setCell(77, 1, 'executeTestcase')
data.setCell(77, 2, 'driver.Driver')
data.setCell(77, 3, 0);
data.setCell(78, 0, 78)
data.setCell(78, 1, 'executeTestcase')
data.setCell(78, 2, 'driver.Driver')
data.setCell(78, 3, 0);
data.setCell(79, 0, 79)
data.setCell(79, 1, 'executeTestcase')
data.setCell(79, 2, 'driver.Driver')
data.setCell(79, 3, 0);
data.setCell(80, 0, 80)
data.setCell(80, 1, 'executeTestcase')
data.setCell(80, 2, 'driver.Driver')
data.setCell(80, 3, 0);
data.setCell(81, 0, 81)
data.setCell(81, 1, 'executeTestcase')
data.setCell(81, 2, 'driver.Driver')
data.setCell(81, 3, 0);
data.setCell(82, 0, 82)
data.setCell(82, 1, 'executeTestcase')
data.setCell(82, 2, 'driver.Driver')
data.setCell(82, 3, 0);
data.setCell(83, 0, 83)
data.setCell(83, 1, 'executeTestcase')
data.setCell(83, 2, 'driver.Driver')
data.setCell(83, 3, 0);
data.setCell(84, 0, 84)
data.setCell(84, 1, 'executeTestcase')
data.setCell(84, 2, 'driver.Driver')
data.setCell(84, 3, 0);
data.setCell(85, 0, 85)
data.setCell(85, 1, 'executeTestcase')
data.setCell(85, 2, 'driver.Driver')
data.setCell(85, 3, 0);
data.setCell(86, 0, 86)
data.setCell(86, 1, 'executeTestcase')
data.setCell(86, 2, 'driver.Driver')
data.setCell(86, 3, 0);
data.setCell(87, 0, 87)
data.setCell(87, 1, 'executeTestcase')
data.setCell(87, 2, 'driver.Driver')
data.setCell(87, 3, 0);
data.setCell(88, 0, 88)
data.setCell(88, 1, 'executeTestcase')
data.setCell(88, 2, 'driver.Driver')
data.setCell(88, 3, 0);
data.setCell(89, 0, 89)
data.setCell(89, 1, 'executeTestcase')
data.setCell(89, 2, 'driver.Driver')
data.setCell(89, 3, 0);
data.setCell(90, 0, 90)
data.setCell(90, 1, 'executeTestcase')
data.setCell(90, 2, 'driver.Driver')
data.setCell(90, 3, 0);
data.setCell(91, 0, 91)
data.setCell(91, 1, 'executeTestcase')
data.setCell(91, 2, 'driver.Driver')
data.setCell(91, 3, 0);
data.setCell(92, 0, 92)
data.setCell(92, 1, 'executeTestcase')
data.setCell(92, 2, 'driver.Driver')
data.setCell(92, 3, 0);
data.setCell(93, 0, 93)
data.setCell(93, 1, 'executeTestcase')
data.setCell(93, 2, 'driver.Driver')
data.setCell(93, 3, 0);
data.setCell(94, 0, 94)
data.setCell(94, 1, 'executeTestcase')
data.setCell(94, 2, 'driver.Driver')
data.setCell(94, 3, 0);
data.setCell(95, 0, 95)
data.setCell(95, 1, 'executeTestcase')
data.setCell(95, 2, 'driver.Driver')
data.setCell(95, 3, 0);
data.setCell(96, 0, 96)
data.setCell(96, 1, 'executeTestcase')
data.setCell(96, 2, 'driver.Driver')
data.setCell(96, 3, 0);
data.setCell(97, 0, 97)
data.setCell(97, 1, 'executeTestcase')
data.setCell(97, 2, 'driver.Driver')
data.setCell(97, 3, 0);
data.setCell(98, 0, 98)
data.setCell(98, 1, 'executeTestcase')
data.setCell(98, 2, 'driver.Driver')
data.setCell(98, 3, 0);
data.setCell(99, 0, 99)
data.setCell(99, 1, 'executeTestcase')
data.setCell(99, 2, 'driver.Driver')
data.setCell(99, 3, 0);
data.setCell(100, 0, 100)
data.setCell(100, 1, 'executeTestcase')
data.setCell(100, 2, 'driver.Driver')
data.setCell(100, 3, 0);
data.setCell(101, 0, 101)
data.setCell(101, 1, 'executeTestcase')
data.setCell(101, 2, 'driver.Driver')
data.setCell(101, 3, 0);
data.setCell(102, 0, 102)
data.setCell(102, 1, 'executeTestcase')
data.setCell(102, 2, 'driver.Driver')
data.setCell(102, 3, 0);
data.setCell(103, 0, 103)
data.setCell(103, 1, 'executeTestcase')
data.setCell(103, 2, 'driver.Driver')
data.setCell(103, 3, 0);
data.setCell(104, 0, 104)
data.setCell(104, 1, 'executeTestcase')
data.setCell(104, 2, 'driver.Driver')
data.setCell(104, 3, 0);
data.setCell(105, 0, 105)
data.setCell(105, 1, 'executeTestcase')
data.setCell(105, 2, 'driver.Driver')
data.setCell(105, 3, 0);
window.suiteTableData['Suite']= { tableData: data, tableDiv: 'times-div-Suite'}
return data;
}
              </script>
              <span class="suite-total-time">Total running time: 48 minutes</span>
              <div id="times-div-Suite">
              </div> <!-- times-div-Suite -->
            </div> <!-- times-div -->
          </div> <!-- main-panel-content rounded-window-bottom -->
        </div> <!-- panel -->
        <div panel-name="reporter-Suite" class="panel">
          <div class="main-panel-header rounded-window-top">
            <span class="header-content">Reporter output for Suite</span>
          </div> <!-- main-panel-header rounded-window-top -->
          <div class="main-panel-content rounded-window-bottom">
          </div> <!-- main-panel-content rounded-window-bottom -->
        </div> <!-- panel -->
        <div panel-name="ignored-methods-Suite" class="panel">
          <div class="main-panel-header rounded-window-top">
            <span class="header-content">0 ignored methods</span>
          </div> <!-- main-panel-header rounded-window-top -->
          <div class="main-panel-content rounded-window-bottom">
          </div> <!-- main-panel-content rounded-window-bottom -->
        </div> <!-- panel -->
        <div panel-name="chronological-Suite" class="panel">
          <div class="main-panel-header rounded-window-top">
            <span class="header-content">Methods in chronological order</span>
          </div> <!-- main-panel-header rounded-window-top -->
          <div class="main-panel-content rounded-window-bottom">
            <div class="chronological-class">
              <div class="chronological-class-name">driver.Driver</div> <!-- chronological-class-name -->
              <div class="configuration-suite before">
                <span class="method-name">setUp</span>
                <span class="method-start">0 ms</span>
              </div> <!-- configuration-suite before -->
              <div class="test-method">
                <span class="method-name">executeTestcase(org.testng.TestRunner@388ba540)</span>
                <span class="method-start">457 ms</span>
              </div> <!-- test-method -->
              <div class="configuration-method after">
                <span class="method-name">Reports([TestResult name=executeTestcase status=SKIP method=Driver.executeTestcase(org.testng.ITestContext)[...)</span>
                <span class="method-start">484 ms</span>
              </div> <!-- configuration-method after -->
              <div class="test-method">
                <span class="method-name">executeTestcase(org.testng.TestRunner@388ba540)</span>
                <span class="method-start">968 ms</span>
              </div> <!-- test-method -->
              <div class="configuration-method after">
                <span class="method-name">Reports([TestResult name=executeTestcase status=SKIP method=Driver.executeTestcase(org.testng.ITestContext)[...)</span>
                <span class="method-start">977 ms</span>
              </div> <!-- configuration-method after -->
              <div class="test-method">
                <span class="method-name">executeTestcase(org.testng.TestRunner@388ba540)</span>
                <span class="method-start">1140 ms</span>
              </div> <!-- test-method -->
              <div class="configuration-method after">
                <span class="method-name">Reports([TestResult name=executeTestcase status=SKIP method=Driver.executeTestcase(org.testng.ITestContext)[...)</span>
                <span class="method-start">1148 ms</span>
              </div> <!-- configuration-method after -->
              <div class="test-method">
                <span class="method-name">executeTestcase(org.testng.TestRunner@388ba540)</span>
                <span class="method-start">1302 ms</span>
              </div> <!-- test-method -->
              <div class="configuration-method after">
                <span class="method-name">Reports([TestResult name=executeTestcase status=SKIP method=Driver.executeTestcase(org.testng.ITestContext)[...)</span>
                <span class="method-start">1309 ms</span>
              </div> <!-- configuration-method after -->
              <div class="test-method">
                <span class="method-name">executeTestcase(org.testng.TestRunner@388ba540)</span>
                <span class="method-start">1448 ms</span>
              </div> <!-- test-method -->
              <div class="configuration-method after">
                <span class="method-name">Reports([TestResult name=executeTestcase status=SKIP method=Driver.executeTestcase(org.testng.ITestContext)[...)</span>
                <span class="method-start">1457 ms</span>
              </div> <!-- configuration-method after -->
              <div class="test-method">
                <span class="method-name">executeTestcase(org.testng.TestRunner@388ba540)</span>
                <span class="method-start">1593 ms</span>
              </div> <!-- test-method -->
              <div class="configuration-method after">
                <span class="method-name">Reports([TestResult name=executeTestcase status=SKIP method=Driver.executeTestcase(org.testng.ITestContext)[...)</span>
                <span class="method-start">1601 ms</span>
              </div> <!-- configuration-method after -->
              <div class="test-method">
                <span class="method-name">executeTestcase(org.testng.TestRunner@388ba540)</span>
                <span class="method-start">1735 ms</span>
              </div> <!-- test-method -->
              <div class="configuration-method after">
                <span class="method-name">Reports([TestResult name=executeTestcase status=SKIP method=Driver.executeTestcase(org.testng.ITestContext)[...)</span>
                <span class="method-start">1746 ms</span>
              </div> <!-- configuration-method after -->
              <div class="test-method">
                <span class="method-name">executeTestcase(org.testng.TestRunner@388ba540)</span>
                <span class="method-start">1888 ms</span>
              </div> <!-- test-method -->
              <div class="configuration-method after">
                <span class="method-name">Reports([TestResult name=executeTestcase status=SKIP method=Driver.executeTestcase(org.testng.ITestContext)[...)</span>
                <span class="method-start">1896 ms</span>
              </div> <!-- configuration-method after -->
              <div class="test-method">
                <span class="method-name">executeTestcase(org.testng.TestRunner@388ba540)</span>
                <span class="method-start">2025 ms</span>
              </div> <!-- test-method -->
              <div class="configuration-method after">
                <span class="method-name">Reports([TestResult name=executeTestcase status=SKIP method=Driver.executeTestcase(org.testng.ITestContext)[...)</span>
                <span class="method-start">2035 ms</span>
              </div> <!-- configuration-method after -->
              <div class="test-method">
                <span class="method-name">executeTestcase(org.testng.TestRunner@388ba540)</span>
                <span class="method-start">2161 ms</span>
              </div> <!-- test-method -->
              <div class="configuration-method after">
                <span class="method-name">Reports([TestResult name=executeTestcase status=SKIP method=Driver.executeTestcase(org.testng.ITestContext)[...)</span>
                <span class="method-start">2169 ms</span>
              </div> <!-- configuration-method after -->
              <div class="test-method">
                <span class="method-name">executeTestcase(org.testng.TestRunner@388ba540)</span>
                <span class="method-start">2300 ms</span>
              </div> <!-- test-method -->
              <div class="configuration-method after">
                <span class="method-name">Reports([TestResult name=executeTestcase status=SKIP method=Driver.executeTestcase(org.testng.ITestContext)[...)</span>
                <span class="method-start">2309 ms</span>
              </div> <!-- configuration-method after -->
              <div class="test-method">
                <span class="method-name">executeTestcase(org.testng.TestRunner@388ba540)</span>
                <span class="method-start">2438 ms</span>
              </div> <!-- test-method -->
              <div class="configuration-method after">
                <span class="method-name">Reports([TestResult name=executeTestcase status=SKIP method=Driver.executeTestcase(org.testng.ITestContext)[...)</span>
                <span class="method-start">2446 ms</span>
              </div> <!-- configuration-method after -->
              <div class="test-method">
                <span class="method-name">executeTestcase(org.testng.TestRunner@388ba540)</span>
                <span class="method-start">2581 ms</span>
              </div> <!-- test-method -->
              <div class="configuration-method after">
                <span class="method-name">Reports([TestResult name=executeTestcase status=SKIP method=Driver.executeTestcase(org.testng.ITestContext)[...)</span>
                <span class="method-start">2587 ms</span>
              </div> <!-- configuration-method after -->
              <div class="test-method">
                <span class="method-name">executeTestcase(org.testng.TestRunner@388ba540)</span>
                <span class="method-start">2706 ms</span>
              </div> <!-- test-method -->
              <div class="configuration-method after">
                <span class="method-name">Reports([TestResult name=executeTestcase status=SKIP method=Driver.executeTestcase(org.testng.ITestContext)[...)</span>
                <span class="method-start">2712 ms</span>
              </div> <!-- configuration-method after -->
              <div class="test-method">
                <span class="method-name">executeTestcase(org.testng.TestRunner@388ba540)</span>
                <span class="method-start">2830 ms</span>
              </div> <!-- test-method -->
              <div class="configuration-method after">
                <span class="method-name">Reports([TestResult name=executeTestcase status=SKIP method=Driver.executeTestcase(org.testng.ITestContext)[...)</span>
                <span class="method-start">2835 ms</span>
              </div> <!-- configuration-method after -->
              <div class="test-method">
                <span class="method-name">executeTestcase(org.testng.TestRunner@388ba540)</span>
                <span class="method-start">2952 ms</span>
              </div> <!-- test-method -->
              <div class="configuration-method after">
                <span class="method-name">Reports([TestResult name=executeTestcase status=SUCCESS method=Driver.executeTestcase(org.testng.ITestContex...)</span>
                <span class="method-start">198124 ms</span>
              </div> <!-- configuration-method after -->
              <div class="test-method">
                <img src="failed.png">
                </img>
                <span class="method-name">executeTestcase(org.testng.TestRunner@388ba540)</span>
                <span class="method-start">198266 ms</span>
              </div> <!-- test-method -->
              <div class="configuration-method after">
                <span class="method-name">Reports([TestResult name=executeTestcase status=FAILURE method=Driver.executeTestcase(org.testng.ITestContex...)</span>
                <span class="method-start">387893 ms</span>
              </div> <!-- configuration-method after -->
              <div class="test-method">
                <span class="method-name">executeTestcase(org.testng.TestRunner@388ba540)</span>
                <span class="method-start">388003 ms</span>
              </div> <!-- test-method -->
              <div class="configuration-method after">
                <span class="method-name">Reports([TestResult name=executeTestcase status=SUCCESS method=Driver.executeTestcase(org.testng.ITestContex...)</span>
                <span class="method-start">439509 ms</span>
              </div> <!-- configuration-method after -->
              <div class="test-method">
                <span class="method-name">executeTestcase(org.testng.TestRunner@388ba540)</span>
                <span class="method-start">439635 ms</span>
              </div> <!-- test-method -->
              <div class="configuration-method after">
                <span class="method-name">Reports([TestResult name=executeTestcase status=SUCCESS method=Driver.executeTestcase(org.testng.ITestContex...)</span>
                <span class="method-start">858305 ms</span>
              </div> <!-- configuration-method after -->
              <div class="test-method">
                <span class="method-name">executeTestcase(org.testng.TestRunner@388ba540)</span>
                <span class="method-start">858399 ms</span>
              </div> <!-- test-method -->
              <div class="configuration-method after">
                <span class="method-name">Reports([TestResult name=executeTestcase status=SUCCESS method=Driver.executeTestcase(org.testng.ITestContex...)</span>
                <span class="method-start">1191084 ms</span>
              </div> <!-- configuration-method after -->
              <div class="test-method">
                <img src="failed.png">
                </img>
                <span class="method-name">executeTestcase(org.testng.TestRunner@388ba540)</span>
                <span class="method-start">1191192 ms</span>
              </div> <!-- test-method -->
              <div class="configuration-method after">
                <span class="method-name">Reports([TestResult name=executeTestcase status=FAILURE method=Driver.executeTestcase(org.testng.ITestContex...)</span>
                <span class="method-start">1258863 ms</span>
              </div> <!-- configuration-method after -->
              <div class="test-method">
                <img src="failed.png">
                </img>
                <span class="method-name">executeTestcase(org.testng.TestRunner@388ba540)</span>
                <span class="method-start">1258972 ms</span>
              </div> <!-- test-method -->
              <div class="configuration-method after">
                <span class="method-name">Reports([TestResult name=executeTestcase status=FAILURE method=Driver.executeTestcase(org.testng.ITestContex...)</span>
                <span class="method-start">1326571 ms</span>
              </div> <!-- configuration-method after -->
              <div class="test-method">
                <img src="failed.png">
                </img>
                <span class="method-name">executeTestcase(org.testng.TestRunner@388ba540)</span>
                <span class="method-start">1326665 ms</span>
              </div> <!-- test-method -->
              <div class="configuration-method after">
                <span class="method-name">Reports([TestResult name=executeTestcase status=FAILURE method=Driver.executeTestcase(org.testng.ITestContex...)</span>
                <span class="method-start">1394413 ms</span>
              </div> <!-- configuration-method after -->
              <div class="test-method">
                <img src="failed.png">
                </img>
                <span class="method-name">executeTestcase(org.testng.TestRunner@388ba540)</span>
                <span class="method-start">1394508 ms</span>
              </div> <!-- test-method -->
              <div class="configuration-method after">
                <span class="method-name">Reports([TestResult name=executeTestcase status=FAILURE method=Driver.executeTestcase(org.testng.ITestContex...)</span>
                <span class="method-start">1462051 ms</span>
              </div> <!-- configuration-method after -->
              <div class="test-method">
                <img src="failed.png">
                </img>
                <span class="method-name">executeTestcase(org.testng.TestRunner@388ba540)</span>
                <span class="method-start">1462160 ms</span>
              </div> <!-- test-method -->
              <div class="configuration-method after">
                <span class="method-name">Reports([TestResult name=executeTestcase status=FAILURE method=Driver.executeTestcase(org.testng.ITestContex...)</span>
                <span class="method-start">1529807 ms</span>
              </div> <!-- configuration-method after -->
              <div class="test-method">
                <img src="failed.png">
                </img>
                <span class="method-name">executeTestcase(org.testng.TestRunner@388ba540)</span>
                <span class="method-start">1529917 ms</span>
              </div> <!-- test-method -->
              <div class="configuration-method after">
                <span class="method-name">Reports([TestResult name=executeTestcase status=FAILURE method=Driver.executeTestcase(org.testng.ITestContex...)</span>
                <span class="method-start">1597416 ms</span>
              </div> <!-- configuration-method after -->
              <div class="test-method">
                <img src="failed.png">
                </img>
                <span class="method-name">executeTestcase(org.testng.TestRunner@388ba540)</span>
                <span class="method-start">1597527 ms</span>
              </div> <!-- test-method -->
              <div class="configuration-method after">
                <span class="method-name">Reports([TestResult name=executeTestcase status=FAILURE method=Driver.executeTestcase(org.testng.ITestContex...)</span>
                <span class="method-start">1665321 ms</span>
              </div> <!-- configuration-method after -->
              <div class="configuration-method after">
                <span class="method-name">Reports([TestResult name=executeTestcase status=SKIP method=Driver.executeTestcase(org.testng.ITestContext)[...)</span>
                <span class="method-start">1665431 ms</span>
              </div> <!-- configuration-method after -->
              <div class="test-method">
                <span class="method-name">executeTestcase(org.testng.TestRunner@388ba540)</span>
                <span class="method-start">1665431 ms</span>
              </div> <!-- test-method -->
              <div class="test-method">
                <span class="method-name">executeTestcase(org.testng.TestRunner@388ba540)</span>
                <span class="method-start">1665541 ms</span>
              </div> <!-- test-method -->
              <div class="configuration-method after">
                <span class="method-name">Reports([TestResult name=executeTestcase status=SKIP method=Driver.executeTestcase(org.testng.ITestContext)[...)</span>
                <span class="method-start">1665560 ms</span>
              </div> <!-- configuration-method after -->
              <div class="test-method">
                <span class="method-name">executeTestcase(org.testng.TestRunner@388ba540)</span>
                <span class="method-start">1665683 ms</span>
              </div> <!-- test-method -->
              <div class="configuration-method after">
                <span class="method-name">Reports([TestResult name=executeTestcase status=SUCCESS method=Driver.executeTestcase(org.testng.ITestContex...)</span>
                <span class="method-start">1743645 ms</span>
              </div> <!-- configuration-method after -->
              <div class="test-method">
                <span class="method-name">executeTestcase(org.testng.TestRunner@388ba540)</span>
                <span class="method-start">1743739 ms</span>
              </div> <!-- test-method -->
              <div class="configuration-method after">
                <span class="method-name">Reports([TestResult name=executeTestcase status=SUCCESS method=Driver.executeTestcase(org.testng.ITestContex...)</span>
                <span class="method-start">1831294 ms</span>
              </div> <!-- configuration-method after -->
              <div class="test-method">
                <span class="method-name">executeTestcase(org.testng.TestRunner@388ba540)</span>
                <span class="method-start">1831388 ms</span>
              </div> <!-- test-method -->
              <div class="configuration-method after">
                <span class="method-name">Reports([TestResult name=executeTestcase status=SUCCESS method=Driver.executeTestcase(org.testng.ITestContex...)</span>
                <span class="method-start">1912050 ms</span>
              </div> <!-- configuration-method after -->
              <div class="test-method">
                <span class="method-name">executeTestcase(org.testng.TestRunner@388ba540)</span>
                <span class="method-start">1912144 ms</span>
              </div> <!-- test-method -->
              <div class="configuration-method after">
                <span class="method-name">Reports([TestResult name=executeTestcase status=SUCCESS method=Driver.executeTestcase(org.testng.ITestContex...)</span>
                <span class="method-start">1979552 ms</span>
              </div> <!-- configuration-method after -->
              <div class="test-method">
                <span class="method-name">executeTestcase(org.testng.TestRunner@388ba540)</span>
                <span class="method-start">1979646 ms</span>
              </div> <!-- test-method -->
              <div class="configuration-method after">
                <span class="method-name">Reports([TestResult name=executeTestcase status=SUCCESS method=Driver.executeTestcase(org.testng.ITestContex...)</span>
                <span class="method-start">2056482 ms</span>
              </div> <!-- configuration-method after -->
              <div class="test-method">
                <span class="method-name">executeTestcase(org.testng.TestRunner@388ba540)</span>
                <span class="method-start">2056576 ms</span>
              </div> <!-- test-method -->
              <div class="configuration-method after">
                <span class="method-name">Reports([TestResult name=executeTestcase status=SUCCESS method=Driver.executeTestcase(org.testng.ITestContex...)</span>
                <span class="method-start">2137692 ms</span>
              </div> <!-- configuration-method after -->
              <div class="test-method">
                <span class="method-name">executeTestcase(org.testng.TestRunner@388ba540)</span>
                <span class="method-start">2137786 ms</span>
              </div> <!-- test-method -->
              <div class="configuration-method after">
                <span class="method-name">Reports([TestResult name=executeTestcase status=SUCCESS method=Driver.executeTestcase(org.testng.ITestContex...)</span>
                <span class="method-start">2185985 ms</span>
              </div> <!-- configuration-method after -->
              <div class="test-method">
                <span class="method-name">executeTestcase(org.testng.TestRunner@388ba540)</span>
                <span class="method-start">2186079 ms</span>
              </div> <!-- test-method -->
              <div class="configuration-method after">
                <span class="method-name">Reports([TestResult name=executeTestcase status=SUCCESS method=Driver.executeTestcase(org.testng.ITestContex...)</span>
                <span class="method-start">2267996 ms</span>
              </div> <!-- configuration-method after -->
              <div class="test-method">
                <span class="method-name">executeTestcase(org.testng.TestRunner@388ba540)</span>
                <span class="method-start">2268090 ms</span>
              </div> <!-- test-method -->
              <div class="configuration-method after">
                <span class="method-name">Reports([TestResult name=executeTestcase status=SUCCESS method=Driver.executeTestcase(org.testng.ITestContex...)</span>
                <span class="method-start">2345198 ms</span>
              </div> <!-- configuration-method after -->
              <div class="test-method">
                <span class="method-name">executeTestcase(org.testng.TestRunner@388ba540)</span>
                <span class="method-start">2345277 ms</span>
              </div> <!-- test-method -->
              <div class="configuration-method after">
                <span class="method-name">Reports([TestResult name=executeTestcase status=SUCCESS method=Driver.executeTestcase(org.testng.ITestContex...)</span>
                <span class="method-start">2422529 ms</span>
              </div> <!-- configuration-method after -->
              <div class="test-method">
                <span class="method-name">executeTestcase(org.testng.TestRunner@388ba540)</span>
                <span class="method-start">2422639 ms</span>
              </div> <!-- test-method -->
              <div class="configuration-method after">
                <span class="method-name">Reports([TestResult name=executeTestcase status=SUCCESS method=Driver.executeTestcase(org.testng.ITestContex...)</span>
                <span class="method-start">2493572 ms</span>
              </div> <!-- configuration-method after -->
              <div class="test-method">
                <span class="method-name">executeTestcase(org.testng.TestRunner@388ba540)</span>
                <span class="method-start">2493682 ms</span>
              </div> <!-- test-method -->
              <div class="configuration-method after">
                <span class="method-name">Reports([TestResult name=executeTestcase status=SUCCESS method=Driver.executeTestcase(org.testng.ITestContex...)</span>
                <span class="method-start">2557067 ms</span>
              </div> <!-- configuration-method after -->
              <div class="test-method">
                <span class="method-name">executeTestcase(org.testng.TestRunner@388ba540)</span>
                <span class="method-start">2557177 ms</span>
              </div> <!-- test-method -->
              <div class="configuration-method after">
                <span class="method-name">Reports([TestResult name=executeTestcase status=SUCCESS method=Driver.executeTestcase(org.testng.ITestContex...)</span>
                <span class="method-start">2628177 ms</span>
              </div> <!-- configuration-method after -->
              <div class="test-method">
                <span class="method-name">executeTestcase(org.testng.TestRunner@388ba540)</span>
                <span class="method-start">2628272 ms</span>
              </div> <!-- test-method -->
              <div class="configuration-method after">
                <span class="method-name">Reports([TestResult name=executeTestcase status=SUCCESS method=Driver.executeTestcase(org.testng.ITestContex...)</span>
                <span class="method-start">2827215 ms</span>
              </div> <!-- configuration-method after -->
              <div class="test-method">
                <span class="method-name">executeTestcase(org.testng.TestRunner@388ba540)</span>
                <span class="method-start">2827309 ms</span>
              </div> <!-- test-method -->
              <div class="configuration-method after">
                <span class="method-name">Reports([TestResult name=executeTestcase status=SUCCESS method=Driver.executeTestcase(org.testng.ITestContex...)</span>
                <span class="method-start">2932253 ms</span>
              </div> <!-- configuration-method after -->
              <div class="test-method">
                <span class="method-name">executeTestcase(org.testng.TestRunner@388ba540)</span>
                <span class="method-start">2932348 ms</span>
              </div> <!-- test-method -->
              <div class="configuration-method after">
                <span class="method-name">Reports([TestResult name=executeTestcase status=SKIP method=Driver.executeTestcase(org.testng.ITestContext)[...)</span>
                <span class="method-start">2932363 ms</span>
              </div> <!-- configuration-method after -->
              <div class="test-method">
                <span class="method-name">executeTestcase(org.testng.TestRunner@388ba540)</span>
                <span class="method-start">2932457 ms</span>
              </div> <!-- test-method -->
              <div class="configuration-method after">
                <span class="method-name">Reports([TestResult name=executeTestcase status=SKIP method=Driver.executeTestcase(org.testng.ITestContext)[...)</span>
                <span class="method-start">2932473 ms</span>
              </div> <!-- configuration-method after -->
              <div class="test-method">
                <span class="method-name">executeTestcase(org.testng.TestRunner@388ba540)</span>
                <span class="method-start">2932568 ms</span>
              </div> <!-- test-method -->
              <div class="configuration-method after">
                <span class="method-name">Reports([TestResult name=executeTestcase status=SKIP method=Driver.executeTestcase(org.testng.ITestContext)[...)</span>
                <span class="method-start">2932583 ms</span>
              </div> <!-- configuration-method after -->
              <div class="configuration-method after">
                <span class="method-name">Reports([TestResult name=executeTestcase status=SKIP method=Driver.executeTestcase(org.testng.ITestContext)[...)</span>
                <span class="method-start">2932693 ms</span>
              </div> <!-- configuration-method after -->
              <div class="test-method">
                <span class="method-name">executeTestcase(org.testng.TestRunner@388ba540)</span>
                <span class="method-start">2932693 ms</span>
              </div> <!-- test-method -->
              <div class="configuration-method after">
                <span class="method-name">Reports([TestResult name=executeTestcase status=SKIP method=Driver.executeTestcase(org.testng.ITestContext)[...)</span>
                <span class="method-start">2932802 ms</span>
              </div> <!-- configuration-method after -->
              <div class="test-method">
                <span class="method-name">executeTestcase(org.testng.TestRunner@388ba540)</span>
                <span class="method-start">2932802 ms</span>
              </div> <!-- test-method -->
              <div class="test-method">
                <span class="method-name">executeTestcase(org.testng.TestRunner@388ba540)</span>
                <span class="method-start">2932915 ms</span>
              </div> <!-- test-method -->
              <div class="configuration-method after">
                <span class="method-name">Reports([TestResult name=executeTestcase status=SKIP method=Driver.executeTestcase(org.testng.ITestContext)[...)</span>
                <span class="method-start">2932915 ms</span>
              </div> <!-- configuration-method after -->
              <div class="test-method">
                <span class="method-name">executeTestcase(org.testng.TestRunner@388ba540)</span>
                <span class="method-start">2933015 ms</span>
              </div> <!-- test-method -->
              <div class="configuration-method after">
                <span class="method-name">Reports([TestResult name=executeTestcase status=SKIP method=Driver.executeTestcase(org.testng.ITestContext)[...)</span>
                <span class="method-start">2933023 ms</span>
              </div> <!-- configuration-method after -->
              <div class="test-method">
                <span class="method-name">executeTestcase(org.testng.TestRunner@388ba540)</span>
                <span class="method-start">2933117 ms</span>
              </div> <!-- test-method -->
              <div class="configuration-method after">
                <span class="method-name">Reports([TestResult name=executeTestcase status=SKIP method=Driver.executeTestcase(org.testng.ITestContext)[...)</span>
                <span class="method-start">2933132 ms</span>
              </div> <!-- configuration-method after -->
              <div class="configuration-method after">
                <span class="method-name">Reports([TestResult name=executeTestcase status=SKIP method=Driver.executeTestcase(org.testng.ITestContext)[...)</span>
                <span class="method-start">2933227 ms</span>
              </div> <!-- configuration-method after -->
              <div class="test-method">
                <span class="method-name">executeTestcase(org.testng.TestRunner@388ba540)</span>
                <span class="method-start">2933227 ms</span>
              </div> <!-- test-method -->
              <div class="configuration-method after">
                <span class="method-name">Reports([TestResult name=executeTestcase status=SKIP method=Driver.executeTestcase(org.testng.ITestContext)[...)</span>
                <span class="method-start">2933320 ms</span>
              </div> <!-- configuration-method after -->
              <div class="test-method">
                <span class="method-name">executeTestcase(org.testng.TestRunner@388ba540)</span>
                <span class="method-start">2933320 ms</span>
              </div> <!-- test-method -->
              <div class="test-method">
                <span class="method-name">executeTestcase(org.testng.TestRunner@388ba540)</span>
                <span class="method-start">2933431 ms</span>
              </div> <!-- test-method -->
              <div class="configuration-method after">
                <span class="method-name">Reports([TestResult name=executeTestcase status=SKIP method=Driver.executeTestcase(org.testng.ITestContext)[...)</span>
                <span class="method-start">2933431 ms</span>
              </div> <!-- configuration-method after -->
              <div class="test-method">
                <span class="method-name">executeTestcase(org.testng.TestRunner@388ba540)</span>
                <span class="method-start">2933541 ms</span>
              </div> <!-- test-method -->
              <div class="configuration-method after">
                <span class="method-name">Reports([TestResult name=executeTestcase status=SKIP method=Driver.executeTestcase(org.testng.ITestContext)[...)</span>
                <span class="method-start">2933541 ms</span>
              </div> <!-- configuration-method after -->
              <div class="test-method">
                <span class="method-name">executeTestcase(org.testng.TestRunner@388ba540)</span>
                <span class="method-start">2933650 ms</span>
              </div> <!-- test-method -->
              <div class="configuration-method after">
                <span class="method-name">Reports([TestResult name=executeTestcase status=SKIP method=Driver.executeTestcase(org.testng.ITestContext)[...)</span>
                <span class="method-start">2933650 ms</span>
              </div> <!-- configuration-method after -->
              <div class="test-method">
                <span class="method-name">executeTestcase(org.testng.TestRunner@388ba540)</span>
                <span class="method-start">2933745 ms</span>
              </div> <!-- test-method -->
              <div class="configuration-method after">
                <span class="method-name">Reports([TestResult name=executeTestcase status=SKIP method=Driver.executeTestcase(org.testng.ITestContext)[...)</span>
                <span class="method-start">2933745 ms</span>
              </div> <!-- configuration-method after -->
              <div class="test-method">
                <span class="method-name">executeTestcase(org.testng.TestRunner@388ba540)</span>
                <span class="method-start">2933839 ms</span>
              </div> <!-- test-method -->
              <div class="configuration-method after">
                <span class="method-name">Reports([TestResult name=executeTestcase status=SKIP method=Driver.executeTestcase(org.testng.ITestContext)[...)</span>
                <span class="method-start">2933854 ms</span>
              </div> <!-- configuration-method after -->
              <div class="test-method">
                <span class="method-name">executeTestcase(org.testng.TestRunner@388ba540)</span>
                <span class="method-start">2933948 ms</span>
              </div> <!-- test-method -->
              <div class="configuration-method after">
                <span class="method-name">Reports([TestResult name=executeTestcase status=SKIP method=Driver.executeTestcase(org.testng.ITestContext)[...)</span>
                <span class="method-start">2933948 ms</span>
              </div> <!-- configuration-method after -->
              <div class="configuration-method after">
                <span class="method-name">Reports([TestResult name=executeTestcase status=SKIP method=Driver.executeTestcase(org.testng.ITestContext)[...)</span>
                <span class="method-start">2934057 ms</span>
              </div> <!-- configuration-method after -->
              <div class="test-method">
                <span class="method-name">executeTestcase(org.testng.TestRunner@388ba540)</span>
                <span class="method-start">2934057 ms</span>
              </div> <!-- test-method -->
              <div class="test-method">
                <span class="method-name">executeTestcase(org.testng.TestRunner@388ba540)</span>
                <span class="method-start">2934152 ms</span>
              </div> <!-- test-method -->
              <div class="configuration-method after">
                <span class="method-name">Reports([TestResult name=executeTestcase status=SKIP method=Driver.executeTestcase(org.testng.ITestContext)[...)</span>
                <span class="method-start">2934167 ms</span>
              </div> <!-- configuration-method after -->
              <div class="test-method">
                <span class="method-name">executeTestcase(org.testng.TestRunner@388ba540)</span>
                <span class="method-start">2934261 ms</span>
              </div> <!-- test-method -->
              <div class="configuration-method after">
                <span class="method-name">Reports([TestResult name=executeTestcase status=SKIP method=Driver.executeTestcase(org.testng.ITestContext)[...)</span>
                <span class="method-start">2934277 ms</span>
              </div> <!-- configuration-method after -->
              <div class="configuration-method after">
                <span class="method-name">Reports([TestResult name=executeTestcase status=SKIP method=Driver.executeTestcase(org.testng.ITestContext)[...)</span>
                <span class="method-start">2934371 ms</span>
              </div> <!-- configuration-method after -->
              <div class="test-method">
                <span class="method-name">executeTestcase(org.testng.TestRunner@388ba540)</span>
                <span class="method-start">2934371 ms</span>
              </div> <!-- test-method -->
              <div class="test-method">
                <span class="method-name">executeTestcase(org.testng.TestRunner@388ba540)</span>
                <span class="method-start">2934465 ms</span>
              </div> <!-- test-method -->
              <div class="configuration-method after">
                <span class="method-name">Reports([TestResult name=executeTestcase status=SKIP method=Driver.executeTestcase(org.testng.ITestContext)[...)</span>
                <span class="method-start">2934481 ms</span>
              </div> <!-- configuration-method after -->
              <div class="test-method">
                <span class="method-name">executeTestcase(org.testng.TestRunner@388ba540)</span>
                <span class="method-start">2934590 ms</span>
              </div> <!-- test-method -->
              <div class="configuration-method after">
                <span class="method-name">Reports([TestResult name=executeTestcase status=SKIP method=Driver.executeTestcase(org.testng.ITestContext)[...)</span>
                <span class="method-start">2934606 ms</span>
              </div> <!-- configuration-method after -->
              <div class="test-method">
                <span class="method-name">executeTestcase(org.testng.TestRunner@388ba540)</span>
                <span class="method-start">2934700 ms</span>
              </div> <!-- test-method -->
              <div class="configuration-method after">
                <span class="method-name">Reports([TestResult name=executeTestcase status=SKIP method=Driver.executeTestcase(org.testng.ITestContext)[...)</span>
                <span class="method-start">2934718 ms</span>
              </div> <!-- configuration-method after -->
              <div class="test-method">
                <span class="method-name">executeTestcase(org.testng.TestRunner@388ba540)</span>
                <span class="method-start">2934795 ms</span>
              </div> <!-- test-method -->
              <div class="configuration-method after">
                <span class="method-name">Reports([TestResult name=executeTestcase status=SKIP method=Driver.executeTestcase(org.testng.ITestContext)[...)</span>
                <span class="method-start">2934818 ms</span>
              </div> <!-- configuration-method after -->
              <div class="test-method">
                <span class="method-name">executeTestcase(org.testng.TestRunner@388ba540)</span>
                <span class="method-start">2934905 ms</span>
              </div> <!-- test-method -->
              <div class="configuration-method after">
                <span class="method-name">Reports([TestResult name=executeTestcase status=SKIP method=Driver.executeTestcase(org.testng.ITestContext)[...)</span>
                <span class="method-start">2934905 ms</span>
              </div> <!-- configuration-method after -->
              <div class="test-method">
                <span class="method-name">executeTestcase(org.testng.TestRunner@388ba540)</span>
                <span class="method-start">2935019 ms</span>
              </div> <!-- test-method -->
              <div class="configuration-method after">
                <span class="method-name">Reports([TestResult name=executeTestcase status=SKIP method=Driver.executeTestcase(org.testng.ITestContext)[...)</span>
                <span class="method-start">2935019 ms</span>
              </div> <!-- configuration-method after -->
              <div class="test-method">
                <span class="method-name">executeTestcase(org.testng.TestRunner@388ba540)</span>
                <span class="method-start">2935119 ms</span>
              </div> <!-- test-method -->
              <div class="configuration-method after">
                <span class="method-name">Reports([TestResult name=executeTestcase status=SKIP method=Driver.executeTestcase(org.testng.ITestContext)[...)</span>
                <span class="method-start">2935125 ms</span>
              </div> <!-- configuration-method after -->
              <div class="configuration-method after">
                <span class="method-name">Reports([TestResult name=executeTestcase status=SKIP method=Driver.executeTestcase(org.testng.ITestContext)[...)</span>
                <span class="method-start">2935219 ms</span>
              </div> <!-- configuration-method after -->
              <div class="test-method">
                <span class="method-name">executeTestcase(org.testng.TestRunner@388ba540)</span>
                <span class="method-start">2935219 ms</span>
              </div> <!-- test-method -->
              <div class="test-method">
                <span class="method-name">executeTestcase(org.testng.TestRunner@388ba540)</span>
                <span class="method-start">2935319 ms</span>
              </div> <!-- test-method -->
              <div class="configuration-method after">
                <span class="method-name">Reports([TestResult name=executeTestcase status=SKIP method=Driver.executeTestcase(org.testng.ITestContext)[...)</span>
                <span class="method-start">2935319 ms</span>
              </div> <!-- configuration-method after -->
              <div class="test-method">
                <span class="method-name">executeTestcase(org.testng.TestRunner@388ba540)</span>
                <span class="method-start">2935423 ms</span>
              </div> <!-- test-method -->
              <div class="configuration-method after">
                <span class="method-name">Reports([TestResult name=executeTestcase status=SKIP method=Driver.executeTestcase(org.testng.ITestContext)[...)</span>
                <span class="method-start">2935423 ms</span>
              </div> <!-- configuration-method after -->
              <div class="test-method">
                <span class="method-name">executeTestcase(org.testng.TestRunner@388ba540)</span>
                <span class="method-start">2935520 ms</span>
              </div> <!-- test-method -->
              <div class="configuration-method after">
                <span class="method-name">Reports([TestResult name=executeTestcase status=SKIP method=Driver.executeTestcase(org.testng.ITestContext)[...)</span>
                <span class="method-start">2935533 ms</span>
              </div> <!-- configuration-method after -->
              <div class="test-method">
                <span class="method-name">executeTestcase(org.testng.TestRunner@388ba540)</span>
                <span class="method-start">2935627 ms</span>
              </div> <!-- test-method -->
              <div class="configuration-method after">
                <span class="method-name">Reports([TestResult name=executeTestcase status=SKIP method=Driver.executeTestcase(org.testng.ITestContext)[...)</span>
                <span class="method-start">2935627 ms</span>
              </div> <!-- configuration-method after -->
              <div class="test-method">
                <span class="method-name">executeTestcase(org.testng.TestRunner@388ba540)</span>
                <span class="method-start">2935737 ms</span>
              </div> <!-- test-method -->
              <div class="configuration-method after">
                <span class="method-name">Reports([TestResult name=executeTestcase status=SKIP method=Driver.executeTestcase(org.testng.ITestContext)[...)</span>
                <span class="method-start">2935737 ms</span>
              </div> <!-- configuration-method after -->
              <div class="test-method">
                <span class="method-name">executeTestcase(org.testng.TestRunner@388ba540)</span>
                <span class="method-start">2935831 ms</span>
              </div> <!-- test-method -->
              <div class="configuration-method after">
                <span class="method-name">Reports([TestResult name=executeTestcase status=SKIP method=Driver.executeTestcase(org.testng.ITestContext)[...)</span>
                <span class="method-start">2935831 ms</span>
              </div> <!-- configuration-method after -->
              <div class="test-method">
                <span class="method-name">executeTestcase(org.testng.TestRunner@388ba540)</span>
                <span class="method-start">2935925 ms</span>
              </div> <!-- test-method -->
              <div class="configuration-method after">
                <span class="method-name">Reports([TestResult name=executeTestcase status=SKIP method=Driver.executeTestcase(org.testng.ITestContext)[...)</span>
                <span class="method-start">2935940 ms</span>
              </div> <!-- configuration-method after -->
              <div class="test-method">
                <span class="method-name">executeTestcase(org.testng.TestRunner@388ba540)</span>
                <span class="method-start">2936035 ms</span>
              </div> <!-- test-method -->
              <div class="configuration-method after">
                <span class="method-name">Reports([TestResult name=executeTestcase status=SKIP method=Driver.executeTestcase(org.testng.ITestContext)[...)</span>
                <span class="method-start">2936035 ms</span>
              </div> <!-- configuration-method after -->
              <div class="test-method">
                <span class="method-name">executeTestcase(org.testng.TestRunner@388ba540)</span>
                <span class="method-start">2936129 ms</span>
              </div> <!-- test-method -->
              <div class="configuration-method after">
                <span class="method-name">Reports([TestResult name=executeTestcase status=SKIP method=Driver.executeTestcase(org.testng.ITestContext)[...)</span>
                <span class="method-start">2936145 ms</span>
              </div> <!-- configuration-method after -->
              <div class="configuration-method after">
                <span class="method-name">Reports([TestResult name=executeTestcase status=SKIP method=Driver.executeTestcase(org.testng.ITestContext)[...)</span>
                <span class="method-start">2936254 ms</span>
              </div> <!-- configuration-method after -->
              <div class="test-method">
                <span class="method-name">executeTestcase(org.testng.TestRunner@388ba540)</span>
                <span class="method-start">2936254 ms</span>
              </div> <!-- test-method -->
              <div class="configuration-method after">
                <span class="method-name">Reports([TestResult name=executeTestcase status=SKIP method=Driver.executeTestcase(org.testng.ITestContext)[...)</span>
                <span class="method-start">2936349 ms</span>
              </div> <!-- configuration-method after -->
              <div class="test-method">
                <span class="method-name">executeTestcase(org.testng.TestRunner@388ba540)</span>
                <span class="method-start">2936349 ms</span>
              </div> <!-- test-method -->
              <div class="test-method">
                <span class="method-name">executeTestcase(org.testng.TestRunner@388ba540)</span>
                <span class="method-start">2936459 ms</span>
              </div> <!-- test-method -->
              <div class="configuration-method after">
                <span class="method-name">Reports([TestResult name=executeTestcase status=SKIP method=Driver.executeTestcase(org.testng.ITestContext)[...)</span>
                <span class="method-start">2936459 ms</span>
              </div> <!-- configuration-method after -->
              <div class="test-method">
                <span class="method-name">executeTestcase(org.testng.TestRunner@388ba540)</span>
                <span class="method-start">2936553 ms</span>
              </div> <!-- test-method -->
              <div class="configuration-method after">
                <span class="method-name">Reports([TestResult name=executeTestcase status=SKIP method=Driver.executeTestcase(org.testng.ITestContext)[...)</span>
                <span class="method-start">2936553 ms</span>
              </div> <!-- configuration-method after -->
              <div class="test-method">
                <span class="method-name">executeTestcase(org.testng.TestRunner@388ba540)</span>
                <span class="method-start">2936647 ms</span>
              </div> <!-- test-method -->
              <div class="configuration-method after">
                <span class="method-name">Reports([TestResult name=executeTestcase status=SKIP method=Driver.executeTestcase(org.testng.ITestContext)[...)</span>
                <span class="method-start">2936663 ms</span>
              </div> <!-- configuration-method after -->
              <div class="configuration-method after">
                <span class="method-name">Reports([TestResult name=executeTestcase status=SKIP method=Driver.executeTestcase(org.testng.ITestContext)[...)</span>
                <span class="method-start">2936757 ms</span>
              </div> <!-- configuration-method after -->
              <div class="test-method">
                <span class="method-name">executeTestcase(org.testng.TestRunner@388ba540)</span>
                <span class="method-start">2936757 ms</span>
              </div> <!-- test-method -->
              <div class="test-method">
                <span class="method-name">executeTestcase(org.testng.TestRunner@388ba540)</span>
                <span class="method-start">2936852 ms</span>
              </div> <!-- test-method -->
              <div class="configuration-method after">
                <span class="method-name">Reports([TestResult name=executeTestcase status=SKIP method=Driver.executeTestcase(org.testng.ITestContext)[...)</span>
                <span class="method-start">2936852 ms</span>
              </div> <!-- configuration-method after -->
              <div class="test-method">
                <span class="method-name">executeTestcase(org.testng.TestRunner@388ba540)</span>
                <span class="method-start">2936930 ms</span>
              </div> <!-- test-method -->
              <div class="configuration-method after">
                <span class="method-name">Reports([TestResult name=executeTestcase status=SKIP method=Driver.executeTestcase(org.testng.ITestContext)[...)</span>
                <span class="method-start">2936946 ms</span>
              </div> <!-- configuration-method after -->
              <div class="test-method">
                <span class="method-name">executeTestcase(org.testng.TestRunner@388ba540)</span>
                <span class="method-start">2937024 ms</span>
              </div> <!-- test-method -->
              <div class="configuration-method after">
                <span class="method-name">Reports([TestResult name=executeTestcase status=SKIP method=Driver.executeTestcase(org.testng.ITestContext)[...)</span>
                <span class="method-start">2937040 ms</span>
              </div> <!-- configuration-method after -->
              <div class="test-method">
                <span class="method-name">executeTestcase(org.testng.TestRunner@388ba540)</span>
                <span class="method-start">2937150 ms</span>
              </div> <!-- test-method -->
              <div class="configuration-method after">
                <span class="method-name">Reports([TestResult name=executeTestcase status=SKIP method=Driver.executeTestcase(org.testng.ITestContext)[...)</span>
                <span class="method-start">2937150 ms</span>
              </div> <!-- configuration-method after -->
              <div class="test-method">
                <span class="method-name">executeTestcase(org.testng.TestRunner@388ba540)</span>
                <span class="method-start">2937246 ms</span>
              </div> <!-- test-method -->
              <div class="configuration-method after">
                <span class="method-name">Reports([TestResult name=executeTestcase status=SKIP method=Driver.executeTestcase(org.testng.ITestContext)[...)</span>
                <span class="method-start">2937250 ms</span>
              </div> <!-- configuration-method after -->
              <div class="test-method">
                <span class="method-name">executeTestcase(org.testng.TestRunner@388ba540)</span>
                <span class="method-start">2937344 ms</span>
              </div> <!-- test-method -->
              <div class="configuration-method after">
                <span class="method-name">Reports([TestResult name=executeTestcase status=SKIP method=Driver.executeTestcase(org.testng.ITestContext)[...)</span>
                <span class="method-start">2937344 ms</span>
              </div> <!-- configuration-method after -->
              <div class="test-method">
                <span class="method-name">executeTestcase(org.testng.TestRunner@388ba540)</span>
                <span class="method-start">2937454 ms</span>
              </div> <!-- test-method -->
              <div class="configuration-method after">
                <span class="method-name">Reports([TestResult name=executeTestcase status=SKIP method=Driver.executeTestcase(org.testng.ITestContext)[...)</span>
                <span class="method-start">2937469 ms</span>
              </div> <!-- configuration-method after -->
              <div class="test-method">
                <span class="method-name">executeTestcase(org.testng.TestRunner@388ba540)</span>
                <span class="method-start">2937564 ms</span>
              </div> <!-- test-method -->
              <div class="configuration-method after">
                <span class="method-name">Reports([TestResult name=executeTestcase status=SKIP method=Driver.executeTestcase(org.testng.ITestContext)[...)</span>
                <span class="method-start">2937580 ms</span>
              </div> <!-- configuration-method after -->
              <div class="configuration-method after">
                <span class="method-name">Reports([TestResult name=executeTestcase status=SKIP method=Driver.executeTestcase(org.testng.ITestContext)[...)</span>
                <span class="method-start">2937673 ms</span>
              </div> <!-- configuration-method after -->
              <div class="test-method">
                <span class="method-name">executeTestcase(org.testng.TestRunner@388ba540)</span>
                <span class="method-start">2937673 ms</span>
              </div> <!-- test-method -->
              <div class="test-method">
                <span class="method-name">executeTestcase(org.testng.TestRunner@388ba540)</span>
                <span class="method-start">2937788 ms</span>
              </div> <!-- test-method -->
              <div class="configuration-method after">
                <span class="method-name">Reports([TestResult name=executeTestcase status=SKIP method=Driver.executeTestcase(org.testng.ITestContext)[...)</span>
                <span class="method-start">2937804 ms</span>
              </div> <!-- configuration-method after -->
              <div class="configuration-method after">
                <span class="method-name">Reports([TestResult name=executeTestcase status=SKIP method=Driver.executeTestcase(org.testng.ITestContext)[...)</span>
                <span class="method-start">2937898 ms</span>
              </div> <!-- configuration-method after -->
              <div class="test-method">
                <span class="method-name">executeTestcase(org.testng.TestRunner@388ba540)</span>
                <span class="method-start">2937898 ms</span>
              </div> <!-- test-method -->
              <div class="test-method">
                <span class="method-name">executeTestcase(org.testng.TestRunner@388ba540)</span>
                <span class="method-start">2937992 ms</span>
              </div> <!-- test-method -->
              <div class="configuration-method after">
                <span class="method-name">Reports([TestResult name=executeTestcase status=SKIP method=Driver.executeTestcase(org.testng.ITestContext)[...)</span>
                <span class="method-start">2938008 ms</span>
              </div> <!-- configuration-method after -->
              <div class="test-method">
                <span class="method-name">executeTestcase(org.testng.TestRunner@388ba540)</span>
                <span class="method-start">2938103 ms</span>
              </div> <!-- test-method -->
              <div class="configuration-method after">
                <span class="method-name">Reports([TestResult name=executeTestcase status=SKIP method=Driver.executeTestcase(org.testng.ITestContext)[...)</span>
                <span class="method-start">2938103 ms</span>
              </div> <!-- configuration-method after -->
              <div class="test-method">
                <span class="method-name">executeTestcase(org.testng.TestRunner@388ba540)</span>
                <span class="method-start">2938197 ms</span>
              </div> <!-- test-method -->
              <div class="configuration-method after">
                <span class="method-name">Reports([TestResult name=executeTestcase status=SKIP method=Driver.executeTestcase(org.testng.ITestContext)[...)</span>
                <span class="method-start">2938212 ms</span>
              </div> <!-- configuration-method after -->
              <div class="test-method">
                <span class="method-name">executeTestcase(org.testng.TestRunner@388ba540)</span>
                <span class="method-start">2938312 ms</span>
              </div> <!-- test-method -->
              <div class="configuration-method after">
                <span class="method-name">Reports([TestResult name=executeTestcase status=SKIP method=Driver.executeTestcase(org.testng.ITestContext)[...)</span>
                <span class="method-start">2938312 ms</span>
              </div> <!-- configuration-method after -->
              <div class="test-method">
                <span class="method-name">executeTestcase(org.testng.TestRunner@388ba540)</span>
                <span class="method-start">2938407 ms</span>
              </div> <!-- test-method -->
              <div class="configuration-method after">
                <span class="method-name">Reports([TestResult name=executeTestcase status=SKIP method=Driver.executeTestcase(org.testng.ITestContext)[...)</span>
                <span class="method-start">2938407 ms</span>
              </div> <!-- configuration-method after -->
              <div class="test-method">
                <span class="method-name">executeTestcase(org.testng.TestRunner@388ba540)</span>
                <span class="method-start">2938501 ms</span>
              </div> <!-- test-method -->
              <div class="configuration-method after">
                <span class="method-name">Reports([TestResult name=executeTestcase status=SKIP method=Driver.executeTestcase(org.testng.ITestContext)[...)</span>
                <span class="method-start">2938501 ms</span>
              </div> <!-- configuration-method after -->
              <div class="configuration-method after">
                <span class="method-name">Reports([TestResult name=executeTestcase status=SKIP method=Driver.executeTestcase(org.testng.ITestContext)[...)</span>
                <span class="method-start">2938595 ms</span>
              </div> <!-- configuration-method after -->
              <div class="test-method">
                <span class="method-name">executeTestcase(org.testng.TestRunner@388ba540)</span>
                <span class="method-start">2938595 ms</span>
              </div> <!-- test-method -->
              <div class="test-method">
                <span class="method-name">executeTestcase(org.testng.TestRunner@388ba540)</span>
                <span class="method-start">2938705 ms</span>
              </div> <!-- test-method -->
              <div class="configuration-method after">
                <span class="method-name">Reports([TestResult name=executeTestcase status=SKIP method=Driver.executeTestcase(org.testng.ITestContext)[...)</span>
                <span class="method-start">2938721 ms</span>
              </div> <!-- configuration-method after -->
              <div class="configuration-suite after">
                <span class="method-name">tearDown</span>
                <span class="method-start">2938957 ms</span>
              </div> <!-- configuration-suite after -->
          </div> <!-- main-panel-content rounded-window-bottom -->
        </div> <!-- panel -->
      </div> <!-- main-panel-root -->
    </div> <!-- wrapper -->
  </body>
<script type="text/javascript" src="testng-reports2.js"></script>
</html>
