<?xml version="1.0" encoding="UTF-8"?>
<!-- Generated by org.testng.reporters.JUnitXMLReporter -->
<testsuite ignored="0" hostname="Z3P4PUGAVS0080" failures="0" tests="52" name="Results" time="2748.035" errors="0" timestamp="2021-07-29T11:34:14 IST">
  <testcase classname="driver.Driver" name="executeTestcase" time="0.018">
    <skipped/>
  </testcase> <!-- executeTestcase -->
  <testcase classname="driver.Driver" name="executeTestcase" time="0.004">
    <skipped/>
  </testcase> <!-- executeTestcase -->
  <testcase classname="driver.Driver" name="executeTestcase" time="0.005">
    <skipped/>
  </testcase> <!-- executeTestcase -->
  <testcase classname="driver.Driver" name="executeTestcase" time="0.005">
    <skipped/>
  </testcase> <!-- executeTestcase -->
  <testcase classname="driver.Driver" name="executeTestcase" time="217.643"/>
  <testcase classname="driver.Driver" name="executeTestcase" time="0.005">
    <skipped/>
  </testcase> <!-- executeTestcase -->
  <testcase classname="driver.Driver" name="executeTestcase" time="215.564"/>
  <testcase classname="driver.Driver" name="executeTestcase" time="0.004">
    <skipped/>
  </testcase> <!-- executeTestcase -->
  <testcase classname="driver.Driver" name="executeTestcase" time="0.004">
    <skipped/>
  </testcase> <!-- executeTestcase -->
  <testcase classname="driver.Driver" name="executeTestcase" time="0.004">
    <skipped/>
  </testcase> <!-- executeTestcase -->
  <testcase classname="driver.Driver" name="executeTestcase" time="0.003">
    <skipped/>
  </testcase> <!-- executeTestcase -->
  <testcase classname="driver.Driver" name="executeTestcase" time="0.004">
    <skipped/>
  </testcase> <!-- executeTestcase -->
  <testcase classname="driver.Driver" name="executeTestcase" time="225.459"/>
  <testcase classname="driver.Driver" name="executeTestcase" time="0.003">
    <skipped/>
  </testcase> <!-- executeTestcase -->
  <testcase classname="driver.Driver" name="executeTestcase" time="0.002">
    <skipped/>
  </testcase> <!-- executeTestcase -->
  <testcase classname="driver.Driver" name="executeTestcase" time="0.003">
    <skipped/>
  </testcase> <!-- executeTestcase -->
  <testcase classname="driver.Driver" name="executeTestcase" time="0.002">
    <skipped/>
  </testcase> <!-- executeTestcase -->
  <testcase classname="driver.Driver" name="executeTestcase" time="0.002">
    <skipped/>
  </testcase> <!-- executeTestcase -->
  <testcase classname="driver.Driver" name="executeTestcase" time="0.016">
    <skipped/>
  </testcase> <!-- executeTestcase -->
  <testcase classname="driver.Driver" name="executeTestcase" time="0.003">
    <skipped/>
  </testcase> <!-- executeTestcase -->
  <testcase classname="driver.Driver" name="executeTestcase" time="0.003">
    <skipped/>
  </testcase> <!-- executeTestcase -->
  <testcase classname="driver.Driver" name="executeTestcase" time="0.003">
    <skipped/>
  </testcase> <!-- executeTestcase -->
  <testcase classname="driver.Driver" name="executeTestcase" time="0.002">
    <skipped/>
  </testcase> <!-- executeTestcase -->
  <testcase classname="driver.Driver" name="executeTestcase" time="0.003">
    <skipped/>
  </testcase> <!-- executeTestcase -->
  <testcase classname="driver.Driver" name="executeTestcase" time="0.002">
    <skipped/>
  </testcase> <!-- executeTestcase -->
  <testcase classname="driver.Driver" name="executeTestcase" time="0.003">
    <skipped/>
  </testcase> <!-- executeTestcase -->
  <testcase classname="driver.Driver" name="executeTestcase" time="0.002">
    <skipped/>
  </testcase> <!-- executeTestcase -->
  <testcase classname="driver.Driver" name="executeTestcase" time="0.002">
    <skipped/>
  </testcase> <!-- executeTestcase -->
  <testcase classname="driver.Driver" name="executeTestcase" time="258.601"/>
  <testcase classname="driver.Driver" name="executeTestcase" time="0.003">
    <skipped/>
  </testcase> <!-- executeTestcase -->
  <testcase classname="driver.Driver" name="executeTestcase" time="0.002">
    <skipped/>
  </testcase> <!-- executeTestcase -->
  <testcase classname="driver.Driver" name="executeTestcase" time="0.003">
    <skipped/>
  </testcase> <!-- executeTestcase -->
  <testcase classname="driver.Driver" name="executeTestcase" time="130.291"/>
  <testcase classname="driver.Driver" name="executeTestcase" time="338.381"/>
  <testcase classname="driver.Driver" name="executeTestcase" time="0.002">
    <skipped/>
  </testcase> <!-- executeTestcase -->
  <testcase classname="driver.Driver" name="executeTestcase" time="0.002">
    <skipped/>
  </testcase> <!-- executeTestcase -->
  <testcase classname="driver.Driver" name="executeTestcase" time="66.682"/>
  <testcase classname="driver.Driver" name="executeTestcase" time="61.757"/>
  <testcase classname="driver.Driver" name="executeTestcase" time="0.003">
    <skipped/>
  </testcase> <!-- executeTestcase -->
  <testcase classname="driver.Driver" name="executeTestcase" time="0.003">
    <skipped/>
  </testcase> <!-- executeTestcase -->
  <testcase classname="driver.Driver" name="executeTestcase" time="62.409"/>
  <testcase classname="driver.Driver" name="executeTestcase" time="353.564"/>
  <testcase classname="driver.Driver" name="executeTestcase" time="297.547"/>
  <testcase classname="driver.Driver" name="executeTestcase" time="138.459"/>
  <testcase classname="driver.Driver" name="executeTestcase" time="218.953"/>
  <testcase classname="driver.Driver" name="executeTestcase" time="158.39"/>
  <testcase classname="driver.Driver" name="executeTestcase" time="0.003">
    <skipped/>
  </testcase> <!-- executeTestcase -->
  <testcase classname="driver.Driver" name="executeTestcase" time="0.003">
    <skipped/>
  </testcase> <!-- executeTestcase -->
  <testcase classname="driver.Driver" name="executeTestcase" time="0.003">
    <skipped/>
  </testcase> <!-- executeTestcase -->
  <testcase classname="driver.Driver" name="executeTestcase" time="0.003">
    <skipped/>
  </testcase> <!-- executeTestcase -->
  <testcase classname="driver.Driver" name="executeTestcase" time="0.002">
    <skipped/>
  </testcase> <!-- executeTestcase -->
  <testcase classname="driver.Driver" name="executeTestcase" time="0.002">
    <skipped/>
  </testcase> <!-- executeTestcase -->
</testsuite> <!-- Results -->
